<?xml version="1.0" encoding="UTF-8"?>
<testsuite name="io.airbyte.integrations.io.airbyte.integration_tests.sources.SshKeyPostgresSourceAcceptanceTest" tests="8" skipped="0" failures="0" errors="0" timestamp="2023-05-20T14:20:10" hostname="MacBook-Pro-3" time="1253.675">
  <properties/>
  <testcase name="testIdenticalFullRefreshes()" classname="io.airbyte.integrations.io.airbyte.integration_tests.sources.SshKeyPostgresSourceAcceptanceTest" time="722.488"/>
  <testcase name="testEntrypointEnvVar()" classname="io.airbyte.integrations.io.airbyte.integration_tests.sources.SshKeyPostgresSourceAcceptanceTest" time="33.715"/>
  <testcase name="testIncrementalSyncWithState()" classname="io.airbyte.integrations.io.airbyte.integration_tests.sources.SshKeyPostgresSourceAcceptanceTest" time="82.686"/>
  <testcase name="testEmptyStateIncrementalIdenticalToFullRefresh()" classname="io.airbyte.integrations.io.airbyte.integration_tests.sources.SshKeyPostgresSourceAcceptanceTest" time="130.885"/>
  <testcase name="testGetSpec()" classname="io.airbyte.integrations.io.airbyte.integration_tests.sources.SshKeyPostgresSourceAcceptanceTest" time="64.64"/>
  <testcase name="testFullRefreshRead()" classname="io.airbyte.integrations.io.airbyte.integration_tests.sources.SshKeyPostgresSourceAcceptanceTest" time="58.343"/>
  <testcase name="testCheckConnection()" classname="io.airbyte.integrations.io.airbyte.integration_tests.sources.SshKeyPostgresSourceAcceptanceTest" time="69.2"/>
  <testcase name="testDiscover()" classname="io.airbyte.integrations.io.airbyte.integration_tests.sources.SshKeyPostgresSourceAcceptanceTest" time="91.692"/>
  <system-out><![CDATA[{"type":"LOG","log":{"level":"INFO","message":"INFO o.t.u.ImageNameSubstitutor(instance):55 Image name substitution will be performed by: DefaultImageNameSubstitutor (composite of 'ConfigurationFileImageNameSubstitutor' and 'PrefixingImageNameSubstitutor')"}}
{"type":"LOG","log":{"level":"INFO","message":"INFO o.t.d.DockerClientProviderStrategy(lambda$loadConfiguredStrategy$9):362 Loaded org.testcontainers.dockerclient.UnixSocketClientProviderStrategy from ~/.testcontainers.properties, will try it first"}}
{"type":"LOG","log":{"level":"INFO","message":"INFO o.t.d.DockerClientProviderStrategy(tryOutStrategy):272 Found Docker environment with local Unix socket (unix:///var/run/docker.sock)"}}
{"type":"LOG","log":{"level":"INFO","message":"INFO o.t.DockerClientFactory(client):198 Docker host IP address is localhost"}}
{"type":"LOG","log":{"level":"INFO","message":"INFO o.t.DockerClientFactory(client):205 Connected to docker: \n  Server Version: 20.10.12\n  API Version: 1.41\n  Operating System: Docker Desktop\n  Total Memory: 1985 MB"}}
{"type":"LOG","log":{"level":"INFO","message":"INFO o.t.c.GenericContainer(tryStart):376 Creating container for image: testcontainers/ryuk:0.3.4"}}
{"type":"LOG","log":{"level":"INFO","message":"INFO o.t.c.GenericContainer(tryStart):440 Container testcontainers/ryuk:0.3.4 is starting: 2915f9719b4ec5164a9bee05a03d3d6586d535c3be20e90a0abc05829c4877d8"}}
{"type":"LOG","log":{"level":"INFO","message":"INFO o.t.c.GenericContainer(tryStart):520 Container testcontainers/ryuk:0.3.4 started in PT5.994054S"}}
{"type":"LOG","log":{"level":"INFO","message":"INFO o.t.u.RyukResourceReaper(init):43 Ryuk started - will monitor and terminate Testcontainers containers on JVM exit"}}
{"type":"LOG","log":{"level":"INFO","message":"INFO o.t.DockerClientFactory(client):235 Checking the system..."}}
{"type":"LOG","log":{"level":"INFO","message":"INFO o.t.DockerClientFactory(check):256 ✔︎ Docker server version should be at least 1.6.0"}}
{"type":"LOG","log":{"level":"INFO","message":"INFO o.t.i.b.ImageFromDockerfile(resolve):151 Transferred 791 bytes to Docker daemon"}}
{"type":"LOG","log":{"level":"INFO","message":"INFO o.t.c.GenericContainer(tryStart):376 Creating container for image: bastion-test:latest"}}
{"type":"LOG","log":{"level":"INFO","message":"INFO o.t.c.GenericContainer(tryStart):440 Container bastion-test:latest is starting: c18d5a426a4759d491d445e9fed1d6e1f0c3b54d4eab5d382187b1859db20f34"}}
{"type":"LOG","log":{"level":"INFO","message":"INFO o.t.c.GenericContainer(tryStart):520 Container bastion-test:latest started in PT10M4.88475S"}}
{"type":"LOG","log":{"level":"INFO","message":"INFO o.t.c.GenericContainer(tryStart):376 Creating container for image: postgres:13-alpine"}}
{"type":"LOG","log":{"level":"INFO","message":"INFO o.t.c.GenericContainer(tryStart):440 Container postgres:13-alpine is starting: 18a9b5e9860bf923ce3cdb4f21494efbcb058656800ac9f2f3eeb52ccdfbeacd"}}
{"type":"LOG","log":{"level":"INFO","message":"INFO o.t.c.GenericContainer(tryStart):520 Container postgres:13-alpine started in PT7.979444S"}}
{"type":"LOG","log":{"level":"INFO","message":"INFO i.a.i.b.s.SshTunnel(getInstance):204 Starting connection with method: SSH_KEY_AUTH"}}
{"type":"LOG","log":{"level":"INFO","message":"INFO o.a.s.c.u.s.AbstractSecurityProviderRegistrar(getOrCreateProvider):112 getOrCreateProvider(EdDSA) created instance of net.i2p.crypto.eddsa.EdDSASecurityProvider"}}
{"type":"LOG","log":{"level":"INFO","message":"INFO o.a.s.c.i.DefaultIoServiceFactoryFactory(getIoServiceProvider):71 Using MinaServiceFactoryFactory"}}
{"type":"LOG","log":{"level":"INFO","message":"INFO o.a.s.c.c.h.ConfigFileHostEntryResolver(reloadHostConfigEntries):101 resolveEffectiveResolver(sshuser@localhost:57505) loaded 1 entries from /Users/emilycogsdill/.ssh/config"}}
{"type":"LOG","log":{"level":"WARN","message":"WARN o.a.s.c.k.StaticServerKeyVerifier(handleAcceptance):59 Server at localhost/127.0.0.1:57505 presented unverified EC key: SHA256:0U+EKOvcmAmgOfnjH2rnc8ZLTJU1qq9o20yPiGRntCo"}}
{"type":"LOG","log":{"level":"INFO","message":"INFO i.a.i.b.s.SshTunnel(openTunnel):367 Established tunneling session to 172.28.0.3:5432. Port forwarding started on /127.0.0.1:57522 "}}
{"type":"LOG","log":{"level":"INFO","message":"INFO c.z.h.HikariDataSource(<init>):80 HikariPool-1 - Starting..."}}
{"type":"LOG","log":{"level":"INFO","message":"INFO c.z.h.HikariDataSource(<init>):82 HikariPool-1 - Start completed."}}
{"type":"LOG","log":{"level":"INFO","message":"INFO o.j.t.JooqLogger(info):312 \n                                      \n@@@@@@@@@@@@@@@@@@@@@@@@@@@@@@@@@@@@@@\n@@@@@@@@@@@@@@@@@@@@@@@@@@@@@@@@@@@@@@\n@@@@@@@@@@@@@@@@  @@        @@@@@@@@@@\n@@@@@@@@@@@@@@@@@@@@        @@@@@@@@@@\n@@@@@@@@@@@@@@@@  @@  @@    @@@@@@@@@@\n@@@@@@@@@@  @@@@  @@  @@    @@@@@@@@@@\n@@@@@@@@@@        @@        @@@@@@@@@@\n@@@@@@@@@@@@@@@@@@@@@@@@@@@@@@@@@@@@@@\n@@@@@@@@@@@@@@@@@@@@@@@@@@@@@@@@@@@@@@\n@@@@@@@@@@        @@        @@@@@@@@@@\n@@@@@@@@@@    @@  @@  @@@@  @@@@@@@@@@\n@@@@@@@@@@    @@  @@  @@@@  @@@@@@@@@@\n@@@@@@@@@@        @@  @  @  @@@@@@@@@@\n@@@@@@@@@@        @@        @@@@@@@@@@\n@@@@@@@@@@@@@@@@@@@@@@@  @@@@@@@@@@@@@\n@@@@@@@@@@@@@@@@@@@@@@@@@@@@@@@@@@@@@@\n@@@@@@@@@@@@@@@@@@@@@@@@@@@@@@@@@@@@@@  Thank you for using jOOQ 3.13.4\n                                      "}}
{"type":"LOG","log":{"level":"INFO","message":"INFO i.a.i.s.s.TestEnvConfigs(getEnvOrDefault):119 Using default value for environment variable WORKER_ENVIRONMENT: 'DOCKER'"}}
{"type":"LOG","log":{"level":"INFO","message":"INFO i.a.i.s.s.TestEnvConfigs(getEnvOrDefault):119 Using default value for environment variable DEPLOYMENT_MODE: 'OSS'"}}
{"type":"LOG","log":{"level":"INFO","message":"INFO i.a.c.i.LineGobbler(voidCall):114 Checking if airbyte/source-postgres:dev exists..."}}
{"type":"LOG","log":{"level":"INFO","message":"INFO i.a.c.i.LineGobbler(voidCall):114 airbyte/source-postgres:dev was found locally."}}
{"type":"LOG","log":{"level":"INFO","message":"INFO i.a.w.p.DockerProcessFactory(create):126 Creating docker container = source-postgres-read-0-0-bnkso with resources null and allowedHosts null"}}
{"type":"LOG","log":{"level":"INFO","message":"INFO i.a.w.p.DockerProcessFactory(create):171 Preparing command: docker run --rm --init -i -w /data/job --log-driver none --name source-postgres-read-0-0-bnkso --network host -v /tmp/airbyte_tests/test13476170936828219871:/data -v /tmp/airbyte_tests/output3616673294344133199:/local -e DEPLOYMENT_MODE=OSS -e USE_STREAM_CAPABLE_STATE=true -e FIELD_SELECTION_WORKSPACES= -e WORKER_ENVIRONMENT=DOCKER -e AIRBYTE_ROLE= -e APPLY_FIELD_SELECTION=false -e WORKER_CONNECTOR_IMAGE=airbyte/source-postgres:dev -e WORKER_JOB_ATTEMPT=0 -e AUTO_DETECT_SCHEMA=true -e AIRBYTE_VERSION= -e WORKER_JOB_ID=0 airbyte/source-postgres:dev read --config source_config.json --catalog source_catalog.json"}}
{"type":"LOG","log":{"level":"INFO","message":"INFO i.a.w.i.DefaultAirbyteStreamFactory(internalLog):159 INFO i.a.i.s.p.PostgresSource(main):507 starting source: class io.airbyte.integrations.source.postgres.PostgresSource"}}
{"type":"LOG","log":{"level":"INFO","message":"INFO i.a.w.i.DefaultAirbyteStreamFactory(internalLog):159 INFO i.a.i.b.IntegrationCliParser(parseOptions):126 integration args: {read=null, catalog=source_catalog.json, config=source_config.json}"}}
{"type":"LOG","log":{"level":"INFO","message":"INFO i.a.w.i.DefaultAirbyteStreamFactory(internalLog):159 INFO i.a.i.b.IntegrationRunner(runInternal):108 Running integration: io.airbyte.integrations.base.ssh.SshWrappedSource"}}
{"type":"LOG","log":{"level":"INFO","message":"INFO i.a.w.i.DefaultAirbyteStreamFactory(internalLog):159 INFO i.a.i.b.IntegrationRunner(runInternal):109 Command: READ"}}
{"type":"LOG","log":{"level":"INFO","message":"INFO i.a.w.i.DefaultAirbyteStreamFactory(internalLog):159 INFO i.a.i.b.IntegrationRunner(runInternal):110 Integration config: IntegrationConfig{command=READ, configPath='source_config.json', catalogPath='source_catalog.json', statePath='null'}"}}
{"type":"LOG","log":{"level":"WARN","message":"WARN i.a.w.i.DefaultAirbyteStreamFactory(internalLog):156 WARN c.n.s.JsonMetaSchema(newValidator):278 Unknown keyword groups - you should define your own Meta Schema. If the keyword is irrelevant for validation, just use a NonValidationKeyword"}}
{"type":"LOG","log":{"level":"WARN","message":"WARN i.a.w.i.DefaultAirbyteStreamFactory(internalLog):156 WARN c.n.s.JsonMetaSchema(newValidator):278 Unknown keyword order - you should define your own Meta Schema. If the keyword is irrelevant for validation, just use a NonValidationKeyword"}}
{"type":"LOG","log":{"level":"WARN","message":"WARN i.a.w.i.DefaultAirbyteStreamFactory(internalLog):156 WARN c.n.s.JsonMetaSchema(newValidator):278 Unknown keyword group - you should define your own Meta Schema. If the keyword is irrelevant for validation, just use a NonValidationKeyword"}}
{"type":"LOG","log":{"level":"WARN","message":"WARN i.a.w.i.DefaultAirbyteStreamFactory(internalLog):156 WARN c.n.s.JsonMetaSchema(newValidator):278 Unknown keyword airbyte_secret - you should define your own Meta Schema. If the keyword is irrelevant for validation, just use a NonValidationKeyword"}}
{"type":"LOG","log":{"level":"WARN","message":"WARN i.a.w.i.DefaultAirbyteStreamFactory(internalLog):156 WARN c.n.s.JsonMetaSchema(newValidator):278 Unknown keyword always_show - you should define your own Meta Schema. If the keyword is irrelevant for validation, just use a NonValidationKeyword"}}
{"type":"LOG","log":{"level":"WARN","message":"WARN i.a.w.i.DefaultAirbyteStreamFactory(internalLog):156 WARN c.n.s.JsonMetaSchema(newValidator):278 Unknown keyword multiline - you should define your own Meta Schema. If the keyword is irrelevant for validation, just use a NonValidationKeyword"}}
{"type":"LOG","log":{"level":"INFO","message":"INFO i.a.w.i.DefaultAirbyteStreamFactory(internalLog):159 INFO i.a.i.b.s.SshTunnel(getInstance):204 Starting connection with method: SSH_KEY_AUTH"}}
{"type":"LOG","log":{"level":"INFO","message":"INFO i.a.w.i.DefaultAirbyteStreamFactory(internalLog):159 INFO o.a.s.c.u.s.AbstractSecurityProviderRegistrar(getOrCreateProvider):112 getOrCreateProvider(EdDSA) created instance of net.i2p.crypto.eddsa.EdDSASecurityProvider"}}
{"type":"LOG","log":{"level":"INFO","message":"INFO i.a.w.i.DefaultAirbyteStreamFactory(internalLog):159 INFO o.a.s.c.i.DefaultIoServiceFactoryFactory(getIoServiceProvider):71 Using MinaServiceFactoryFactory"}}
{"type":"LOG","log":{"level":"WARN","message":"WARN i.a.w.i.DefaultAirbyteStreamFactory(internalLog):156 WARN o.a.s.c.k.StaticServerKeyVerifier(handleAcceptance):59 Server at /172.28.0.2:22 presented unverified EC key: SHA256:0U+EKOvcmAmgOfnjH2rnc8ZLTJU1qq9o20yPiGRntCo"}}
{"type":"LOG","log":{"level":"INFO","message":"INFO i.a.w.i.DefaultAirbyteStreamFactory(internalLog):159 INFO i.a.i.b.s.SshTunnel(openTunnel):367 Established tunneling session to 172.28.0.3:5432. Port forwarding started on /127.0.0.1:55319 "}}
{"type":"LOG","log":{"level":"INFO","message":"INFO i.a.w.i.DefaultAirbyteStreamFactory(internalLog):159 INFO i.a.i.s.p.PostgresUtils(isCdc):53 using CDC: false"}}
{"type":"LOG","log":{"level":"INFO","message":"INFO i.a.w.i.DefaultAirbyteStreamFactory(internalLog):159 INFO i.a.i.s.r.s.StateManagerFactory(createStateManager):55 Stream state manager selected to manage state object with type STREAM."}}
{"type":"LOG","log":{"level":"INFO","message":"INFO i.a.w.i.DefaultAirbyteStreamFactory(internalLog):159 INFO i.a.i.s.r.s.CursorManager(createCursorInfoForStream):182 No cursor field set in catalog but not present in state. Stream: public_id_and_name, New Cursor Field: id. Resetting cursor value"}}
{"type":"LOG","log":{"level":"INFO","message":"INFO i.a.w.i.DefaultAirbyteStreamFactory(internalLog):159 INFO i.a.i.s.r.s.CursorManager(createCursorInfoForStream):182 No cursor field set in catalog but not present in state. Stream: public_starships, New Cursor Field: id. Resetting cursor value"}}
{"type":"LOG","log":{"level":"INFO","message":"INFO i.a.w.i.DefaultAirbyteStreamFactory(internalLog):159 INFO c.z.h.HikariDataSource(<init>):80 HikariPool-1 - Starting..."}}
{"type":"LOG","log":{"level":"INFO","message":"INFO i.a.w.i.DefaultAirbyteStreamFactory(internalLog):159 INFO c.z.h.HikariDataSource(<init>):82 HikariPool-1 - Start completed."}}
{"type":"LOG","log":{"level":"INFO","message":"INFO i.a.w.i.DefaultAirbyteStreamFactory(internalLog):159 INFO i.a.i.s.p.PostgresUtils(isCdc):53 using CDC: false"}}
{"type":"LOG","log":{"level":"INFO","message":"INFO i.a.w.i.DefaultAirbyteStreamFactory(internalLog):159 INFO i.a.i.s.j.AbstractJdbcSource(logPreSyncDebugData):450 Data source product recognized as PostgreSQL:13.11"}}
{"type":"LOG","log":{"level":"INFO","message":"INFO i.a.w.i.DefaultAirbyteStreamFactory(internalLog):159 INFO i.a.i.s.p.PostgresSource(logPreSyncDebugData):221 Discovering indexes for schema \"public\", table \"id_and_name\""}}
{"type":"LOG","log":{"level":"INFO","message":"INFO i.a.w.i.DefaultAirbyteStreamFactory(internalLog):159 INFO i.a.i.s.p.PostgresSource(logPreSyncDebugData):221 Discovering indexes for schema \"public\", table \"starships\""}}
{"type":"LOG","log":{"level":"INFO","message":"INFO i.a.w.i.DefaultAirbyteStreamFactory(internalLog):159 INFO i.a.i.s.p.PostgresQueryUtils(logXminStatus):77 Xmin Status : {Number of wraparounds: 0, Xmin Transaction Value: 491, Xmin Raw Value: 491"}}
{"type":"LOG","log":{"level":"INFO","message":"INFO i.a.w.i.DefaultAirbyteStreamFactory(internalLog):159 INFO i.a.i.s.j.AbstractJdbcSource(discoverInternal):166 Internal schemas to exclude: [catalog_history, information_schema, pg_catalog, pg_internal]"}}
{"type":"LOG","log":{"level":"INFO","message":"INFO i.a.w.i.DefaultAirbyteStreamFactory(internalLog):159 INFO i.a.d.j.s.AdaptiveStreamingQueryConfig(initialize):31 Set initial fetch size: 10 rows"}}
{"type":"LOG","log":{"level":"INFO","message":"INFO i.a.w.i.DefaultAirbyteStreamFactory(internalLog):159 INFO i.a.i.s.p.PostgresUtils(isCdc):53 using CDC: false"}}
{"type":"LOG","log":{"level":"INFO","message":"INFO i.a.w.i.DefaultAirbyteStreamFactory(internalLog):159 INFO i.a.i.s.j.AbstractJdbcSource(queryTableFullRefresh):112 Queueing query for table: id_and_name"}}
{"type":"LOG","log":{"level":"INFO","message":"INFO i.a.w.i.DefaultAirbyteStreamFactory(internalLog):159 INFO i.a.i.s.j.AbstractJdbcSource(queryTableFullRefresh):112 Queueing query for table: starships"}}
{"type":"LOG","log":{"level":"INFO","message":"INFO i.a.w.i.DefaultAirbyteStreamFactory(internalLog):159 INFO i.a.i.s.r.RelationalDbQueryUtils(lambda$queryTable$0):73 Queueing query: SELECT \"id\",\"name\" FROM \"public\".\"id_and_name\""}}
{"type":"LOG","log":{"level":"INFO","message":"INFO i.a.w.i.DefaultAirbyteStreamFactory(internalLog):159 INFO i.a.d.j.s.AdaptiveStreamingQueryConfig(initialize):31 Set initial fetch size: 10 rows"}}
{"type":"LOG","log":{"level":"INFO","message":"INFO i.a.w.i.DefaultAirbyteStreamFactory(internalLog):159 INFO i.a.c.u.CompositeIterator(lambda$emitStartStreamStatus$1):155 STARTING -> public_id_and_name"}}
{"type":"LOG","log":{"level":"INFO","message":"INFO i.a.w.i.DefaultAirbyteStreamFactory(internalLog):159 INFO i.a.c.u.CompositeIterator(lambda$emitRunningStreamStatus$0):148 RUNNING -> public_id_and_name"}}
{"type":"LOG","log":{"level":"WARN","message":"WARN c.n.s.JsonMetaSchema(newValidator):278 Unknown keyword existingJavaType - you should define your own Meta Schema. If the keyword is irrelevant for validation, just use a NonValidationKeyword"}}
{"type":"LOG","log":{"level":"INFO","message":"INFO i.a.w.i.DefaultAirbyteStreamFactory(internalLog):159 INFO i.a.c.u.CompositeIterator(lambda$emitCompleteStreamStatus$2):162 COMPLETE -> public_id_and_name"}}
{"type":"LOG","log":{"level":"INFO","message":"INFO i.a.w.i.DefaultAirbyteStreamFactory(internalLog):159 INFO i.a.c.u.CompositeIterator(lambda$emitStartStreamStatus$1):155 STARTING -> public_starships"}}
{"type":"LOG","log":{"level":"INFO","message":"INFO i.a.w.i.DefaultAirbyteStreamFactory(internalLog):159 INFO i.a.i.s.r.RelationalDbQueryUtils(lambda$queryTable$0):73 Queueing query: SELECT \"id\",\"name\" FROM \"public\".\"starships\""}}
{"type":"LOG","log":{"level":"INFO","message":"INFO i.a.w.i.DefaultAirbyteStreamFactory(internalLog):159 INFO i.a.d.j.s.AdaptiveStreamingQueryConfig(initialize):31 Set initial fetch size: 10 rows"}}
{"type":"LOG","log":{"level":"INFO","message":"INFO i.a.w.i.DefaultAirbyteStreamFactory(internalLog):159 INFO i.a.c.u.CompositeIterator(lambda$emitRunningStreamStatus$0):148 RUNNING -> public_starships"}}
{"type":"LOG","log":{"level":"INFO","message":"INFO i.a.w.i.DefaultAirbyteStreamFactory(internalLog):159 INFO i.a.c.u.CompositeIterator(lambda$emitCompleteStreamStatus$2):162 COMPLETE -> public_starships"}}
{"type":"LOG","log":{"level":"WARN","message":"WARN i.a.w.i.DefaultAirbyteStreamFactory(internalLog):156 WARN i.a.i.b.IntegrationRunner(watchForOrphanThreads):249 The main thread is exiting while children non-daemon threads from a connector are still active.\nIdeally, this situation should not happen...\nPlease check with maintainers if the connector or library code should safely clean up its threads before quitting instead.\nThe main thread is: main (RUNNABLE)\n Thread stacktrace: java.base/java.lang.Thread.getStackTrace(Thread.java:1610)\n        at io.airbyte.integrations.base.IntegrationRunner.dumpThread(IntegrationRunner.java:306)\n        at io.airbyte.integrations.base.IntegrationRunner.watchForOrphanThreads(IntegrationRunner.java:253)\n        at io.airbyte.integrations.base.IntegrationRunner.produceMessages(IntegrationRunner.java:190)\n        at io.airbyte.integrations.base.IntegrationRunner.runInternal(IntegrationRunner.java:142)\n        at io.airbyte.integrations.base.IntegrationRunner.run(IntegrationRunner.java:101)\n        at io.airbyte.integrations.source.postgres.PostgresSource.main(PostgresSource.java:508)"}}
{"type":"LOG","log":{"level":"WARN","message":"WARN i.a.w.i.DefaultAirbyteStreamFactory(internalLog):156 WARN i.a.i.b.IntegrationRunner(watchForOrphanThreads):261 Active non-daemon thread: pool-2-thread-1 (TIMED_WAITING)\n Thread stacktrace: java.base@17.0.4.1/jdk.internal.misc.Unsafe.park(Native Method)\n        at java.base@17.0.4.1/java.util.concurrent.locks.LockSupport.parkNanos(LockSupport.java:252)\n        at java.base@17.0.4.1/java.util.concurrent.SynchronousQueue$TransferStack.transfer(SynchronousQueue.java:401)\n        at java.base@17.0.4.1/java.util.concurrent.SynchronousQueue.poll(SynchronousQueue.java:903)\n        at java.base@17.0.4.1/java.util.concurrent.ThreadPoolExecutor.getTask(ThreadPoolExecutor.java:1061)\n        at java.base@17.0.4.1/java.util.concurrent.ThreadPoolExecutor.runWorker(ThreadPoolExecutor.java:1122)\n        at java.base@17.0.4.1/java.util.concurrent.ThreadPoolExecutor$Worker.run(ThreadPoolExecutor.java:635)\n        at java.base@17.0.4.1/java.lang.Thread.run(Thread.java:833)"}}
{"type":"LOG","log":{"level":"WARN","message":"WARN i.a.w.i.DefaultAirbyteStreamFactory(internalLog):156 WARN i.a.i.b.IntegrationRunner(watchForOrphanThreads):261 Active non-daemon thread: NioSocketAcceptor-2 (RUNNABLE)\n Thread stacktrace: java.base@17.0.4.1/sun.nio.ch.EPoll.wait(Native Method)\n        at java.base@17.0.4.1/sun.nio.ch.EPollSelectorImpl.doSelect(EPollSelectorImpl.java:118)\n        at java.base@17.0.4.1/sun.nio.ch.SelectorImpl.lockAndDoSelect(SelectorImpl.java:129)\n        at java.base@17.0.4.1/sun.nio.ch.SelectorImpl.select(SelectorImpl.java:146)\n        at app//org.apache.mina.transport.socket.nio.NioSocketAcceptor.select(NioSocketAcceptor.java:299)\n        at app//org.apache.mina.core.polling.AbstractPollingIoAcceptor$Acceptor.run(AbstractPollingIoAcceptor.java:466)\n        at app//org.apache.mina.util.NamePreservingRunnable.run(NamePreservingRunnable.java:64)\n        at java.base@17.0.4.1/java.util.concurrent.ThreadPoolExecutor.runWorker(ThreadPoolExecutor.java:1136)\n        at java.base@17.0.4.1/java.util.concurrent.ThreadPoolExecutor$Worker.run(ThreadPoolExecutor.java:635)\n        at java.base@17.0.4.1/java.lang.Thread.run(Thread.java:833)"}}
{"type":"LOG","log":{"level":"INFO","message":"INFO i.a.w.i.DefaultAirbyteStreamFactory(internalLog):159 INFO i.a.i.s.r.AbstractDbSource(lambda$read$1):173 Closing database connection pool."}}
{"type":"LOG","log":{"level":"INFO","message":"INFO i.a.w.i.DefaultAirbyteStreamFactory(internalLog):159 INFO c.z.h.HikariDataSource(close):350 HikariPool-1 - Shutdown initiated..."}}
{"type":"LOG","log":{"level":"INFO","message":"INFO i.a.w.i.DefaultAirbyteStreamFactory(internalLog):159 INFO c.z.h.HikariDataSource(close):352 HikariPool-1 - Shutdown completed."}}
{"type":"LOG","log":{"level":"INFO","message":"INFO i.a.w.i.DefaultAirbyteStreamFactory(internalLog):159 INFO i.a.i.s.r.AbstractDbSource(lambda$read$1):175 Closed database connection pool."}}
{"type":"LOG","log":{"level":"INFO","message":"INFO i.a.w.i.DefaultAirbyteStreamFactory(internalLog):159 INFO i.a.i.b.IntegrationRunner(runInternal):186 Completed integration: io.airbyte.integrations.base.ssh.SshWrappedSource"}}
{"type":"LOG","log":{"level":"INFO","message":"INFO i.a.w.i.DefaultAirbyteStreamFactory(internalLog):159 INFO i.a.i.s.p.PostgresSource(main):509 completed source: class io.airbyte.integrations.source.postgres.PostgresSource"}}
{"type":"LOG","log":{"level":"INFO","message":"INFO i.a.c.i.LineGobbler(voidCall):114 Checking if airbyte/source-postgres:dev exists..."}}
{"type":"LOG","log":{"level":"INFO","message":"INFO i.a.c.i.LineGobbler(voidCall):114 airbyte/source-postgres:dev was found locally."}}
{"type":"LOG","log":{"level":"INFO","message":"INFO i.a.w.p.DockerProcessFactory(create):126 Creating docker container = source-postgres-read-0-0-pttza with resources null and allowedHosts null"}}
{"type":"LOG","log":{"level":"INFO","message":"INFO i.a.w.p.DockerProcessFactory(create):171 Preparing command: docker run --rm --init -i -w /data/job --log-driver none --name source-postgres-read-0-0-pttza --network host -v /tmp/airbyte_tests/test13476170936828219871:/data -v /tmp/airbyte_tests/output3616673294344133199:/local -e DEPLOYMENT_MODE=OSS -e USE_STREAM_CAPABLE_STATE=true -e FIELD_SELECTION_WORKSPACES= -e WORKER_ENVIRONMENT=DOCKER -e AIRBYTE_ROLE= -e APPLY_FIELD_SELECTION=false -e WORKER_CONNECTOR_IMAGE=airbyte/source-postgres:dev -e WORKER_JOB_ATTEMPT=0 -e AUTO_DETECT_SCHEMA=true -e AIRBYTE_VERSION= -e WORKER_JOB_ID=0 airbyte/source-postgres:dev read --config source_config.json --catalog source_catalog.json"}}
{"type":"LOG","log":{"level":"INFO","message":"INFO i.a.w.i.DefaultAirbyteStreamFactory(internalLog):159 INFO i.a.i.s.p.PostgresSource(main):507 starting source: class io.airbyte.integrations.source.postgres.PostgresSource"}}
{"type":"LOG","log":{"level":"INFO","message":"INFO i.a.w.i.DefaultAirbyteStreamFactory(internalLog):159 INFO i.a.i.b.IntegrationCliParser(parseOptions):126 integration args: {read=null, catalog=source_catalog.json, config=source_config.json}"}}
{"type":"LOG","log":{"level":"INFO","message":"INFO i.a.w.i.DefaultAirbyteStreamFactory(internalLog):159 INFO i.a.i.b.IntegrationRunner(runInternal):108 Running integration: io.airbyte.integrations.base.ssh.SshWrappedSource"}}
{"type":"LOG","log":{"level":"INFO","message":"INFO i.a.w.i.DefaultAirbyteStreamFactory(internalLog):159 INFO i.a.i.b.IntegrationRunner(runInternal):109 Command: READ"}}
{"type":"LOG","log":{"level":"INFO","message":"INFO i.a.w.i.DefaultAirbyteStreamFactory(internalLog):159 INFO i.a.i.b.IntegrationRunner(runInternal):110 Integration config: IntegrationConfig{command=READ, configPath='source_config.json', catalogPath='source_catalog.json', statePath='null'}"}}
{"type":"LOG","log":{"level":"WARN","message":"WARN i.a.w.i.DefaultAirbyteStreamFactory(internalLog):156 WARN c.n.s.JsonMetaSchema(newValidator):278 Unknown keyword groups - you should define your own Meta Schema. If the keyword is irrelevant for validation, just use a NonValidationKeyword"}}
{"type":"LOG","log":{"level":"WARN","message":"WARN i.a.w.i.DefaultAirbyteStreamFactory(internalLog):156 WARN c.n.s.JsonMetaSchema(newValidator):278 Unknown keyword order - you should define your own Meta Schema. If the keyword is irrelevant for validation, just use a NonValidationKeyword"}}
{"type":"LOG","log":{"level":"WARN","message":"WARN i.a.w.i.DefaultAirbyteStreamFactory(internalLog):156 WARN c.n.s.JsonMetaSchema(newValidator):278 Unknown keyword group - you should define your own Meta Schema. If the keyword is irrelevant for validation, just use a NonValidationKeyword"}}
{"type":"LOG","log":{"level":"WARN","message":"WARN i.a.w.i.DefaultAirbyteStreamFactory(internalLog):156 WARN c.n.s.JsonMetaSchema(newValidator):278 Unknown keyword airbyte_secret - you should define your own Meta Schema. If the keyword is irrelevant for validation, just use a NonValidationKeyword"}}
{"type":"LOG","log":{"level":"WARN","message":"WARN i.a.w.i.DefaultAirbyteStreamFactory(internalLog):156 WARN c.n.s.JsonMetaSchema(newValidator):278 Unknown keyword always_show - you should define your own Meta Schema. If the keyword is irrelevant for validation, just use a NonValidationKeyword"}}
{"type":"LOG","log":{"level":"WARN","message":"WARN i.a.w.i.DefaultAirbyteStreamFactory(internalLog):156 WARN c.n.s.JsonMetaSchema(newValidator):278 Unknown keyword multiline - you should define your own Meta Schema. If the keyword is irrelevant for validation, just use a NonValidationKeyword"}}
{"type":"LOG","log":{"level":"INFO","message":"INFO i.a.w.i.DefaultAirbyteStreamFactory(internalLog):159 INFO i.a.i.b.s.SshTunnel(getInstance):204 Starting connection with method: SSH_KEY_AUTH"}}
{"type":"LOG","log":{"level":"INFO","message":"INFO i.a.w.i.DefaultAirbyteStreamFactory(internalLog):159 INFO o.a.s.c.u.s.AbstractSecurityProviderRegistrar(getOrCreateProvider):112 getOrCreateProvider(EdDSA) created instance of net.i2p.crypto.eddsa.EdDSASecurityProvider"}}
{"type":"LOG","log":{"level":"INFO","message":"INFO i.a.w.i.DefaultAirbyteStreamFactory(internalLog):159 INFO o.a.s.c.i.DefaultIoServiceFactoryFactory(getIoServiceProvider):71 Using MinaServiceFactoryFactory"}}
{"type":"LOG","log":{"level":"WARN","message":"WARN i.a.w.i.DefaultAirbyteStreamFactory(internalLog):156 WARN o.a.s.c.k.StaticServerKeyVerifier(handleAcceptance):59 Server at /172.28.0.2:22 presented unverified EC key: SHA256:0U+EKOvcmAmgOfnjH2rnc8ZLTJU1qq9o20yPiGRntCo"}}
{"type":"LOG","log":{"level":"INFO","message":"INFO i.a.w.i.DefaultAirbyteStreamFactory(internalLog):159 INFO i.a.i.b.s.SshTunnel(openTunnel):367 Established tunneling session to 172.28.0.3:5432. Port forwarding started on /127.0.0.1:57057 "}}
{"type":"LOG","log":{"level":"INFO","message":"INFO i.a.w.i.DefaultAirbyteStreamFactory(internalLog):159 INFO i.a.i.s.p.PostgresUtils(isCdc):53 using CDC: false"}}
{"type":"LOG","log":{"level":"INFO","message":"INFO i.a.w.i.DefaultAirbyteStreamFactory(internalLog):159 INFO i.a.i.s.r.s.StateManagerFactory(createStateManager):55 Stream state manager selected to manage state object with type STREAM."}}
{"type":"LOG","log":{"level":"INFO","message":"INFO i.a.w.i.DefaultAirbyteStreamFactory(internalLog):159 INFO i.a.i.s.r.s.CursorManager(createCursorInfoForStream):182 No cursor field set in catalog but not present in state. Stream: public_id_and_name, New Cursor Field: id. Resetting cursor value"}}
{"type":"LOG","log":{"level":"INFO","message":"INFO i.a.w.i.DefaultAirbyteStreamFactory(internalLog):159 INFO i.a.i.s.r.s.CursorManager(createCursorInfoForStream):182 No cursor field set in catalog but not present in state. Stream: public_starships, New Cursor Field: id. Resetting cursor value"}}
{"type":"LOG","log":{"level":"INFO","message":"INFO i.a.w.i.DefaultAirbyteStreamFactory(internalLog):159 INFO c.z.h.HikariDataSource(<init>):80 HikariPool-1 - Starting..."}}
{"type":"LOG","log":{"level":"INFO","message":"INFO i.a.w.i.DefaultAirbyteStreamFactory(internalLog):159 INFO c.z.h.HikariDataSource(<init>):82 HikariPool-1 - Start completed."}}
{"type":"LOG","log":{"level":"INFO","message":"INFO i.a.w.i.DefaultAirbyteStreamFactory(internalLog):159 INFO i.a.i.s.p.PostgresUtils(isCdc):53 using CDC: false"}}
{"type":"LOG","log":{"level":"INFO","message":"INFO i.a.w.i.DefaultAirbyteStreamFactory(internalLog):159 INFO i.a.i.s.j.AbstractJdbcSource(logPreSyncDebugData):450 Data source product recognized as PostgreSQL:13.11"}}
{"type":"LOG","log":{"level":"INFO","message":"INFO i.a.w.i.DefaultAirbyteStreamFactory(internalLog):159 INFO i.a.i.s.p.PostgresSource(logPreSyncDebugData):221 Discovering indexes for schema \"public\", table \"id_and_name\""}}
{"type":"LOG","log":{"level":"INFO","message":"INFO i.a.w.i.DefaultAirbyteStreamFactory(internalLog):159 INFO i.a.i.s.p.PostgresSource(logPreSyncDebugData):221 Discovering indexes for schema \"public\", table \"starships\""}}
{"type":"LOG","log":{"level":"INFO","message":"INFO i.a.w.i.DefaultAirbyteStreamFactory(internalLog):159 INFO i.a.i.s.p.PostgresQueryUtils(logXminStatus):77 Xmin Status : {Number of wraparounds: 0, Xmin Transaction Value: 491, Xmin Raw Value: 491"}}
{"type":"LOG","log":{"level":"INFO","message":"INFO i.a.w.i.DefaultAirbyteStreamFactory(internalLog):159 INFO i.a.i.s.j.AbstractJdbcSource(discoverInternal):166 Internal schemas to exclude: [catalog_history, information_schema, pg_catalog, pg_internal]"}}
{"type":"LOG","log":{"level":"INFO","message":"INFO i.a.w.i.DefaultAirbyteStreamFactory(internalLog):159 INFO i.a.d.j.s.AdaptiveStreamingQueryConfig(initialize):31 Set initial fetch size: 10 rows"}}
{"type":"LOG","log":{"level":"INFO","message":"INFO i.a.w.i.DefaultAirbyteStreamFactory(internalLog):159 INFO i.a.i.s.p.PostgresUtils(isCdc):53 using CDC: false"}}
{"type":"LOG","log":{"level":"INFO","message":"INFO i.a.w.i.DefaultAirbyteStreamFactory(internalLog):159 INFO i.a.i.s.j.AbstractJdbcSource(queryTableFullRefresh):112 Queueing query for table: id_and_name"}}
{"type":"LOG","log":{"level":"INFO","message":"INFO i.a.w.i.DefaultAirbyteStreamFactory(internalLog):159 INFO i.a.i.s.j.AbstractJdbcSource(queryTableFullRefresh):112 Queueing query for table: starships"}}
{"type":"LOG","log":{"level":"INFO","message":"INFO i.a.w.i.DefaultAirbyteStreamFactory(internalLog):159 INFO i.a.i.s.r.RelationalDbQueryUtils(lambda$queryTable$0):73 Queueing query: SELECT \"id\",\"name\" FROM \"public\".\"id_and_name\""}}
{"type":"LOG","log":{"level":"INFO","message":"INFO i.a.w.i.DefaultAirbyteStreamFactory(internalLog):159 INFO i.a.d.j.s.AdaptiveStreamingQueryConfig(initialize):31 Set initial fetch size: 10 rows"}}
{"type":"LOG","log":{"level":"INFO","message":"INFO i.a.w.i.DefaultAirbyteStreamFactory(internalLog):159 INFO i.a.c.u.CompositeIterator(lambda$emitStartStreamStatus$1):155 STARTING -> public_id_and_name"}}
{"type":"LOG","log":{"level":"INFO","message":"INFO i.a.w.i.DefaultAirbyteStreamFactory(internalLog):159 INFO i.a.c.u.CompositeIterator(lambda$emitRunningStreamStatus$0):148 RUNNING -> public_id_and_name"}}
{"type":"LOG","log":{"level":"INFO","message":"INFO i.a.w.i.DefaultAirbyteStreamFactory(internalLog):159 INFO i.a.c.u.CompositeIterator(lambda$emitCompleteStreamStatus$2):162 COMPLETE -> public_id_and_name"}}
{"type":"LOG","log":{"level":"INFO","message":"INFO i.a.w.i.DefaultAirbyteStreamFactory(internalLog):159 INFO i.a.c.u.CompositeIterator(lambda$emitStartStreamStatus$1):155 STARTING -> public_starships"}}
{"type":"LOG","log":{"level":"INFO","message":"INFO i.a.w.i.DefaultAirbyteStreamFactory(internalLog):159 INFO i.a.i.s.r.RelationalDbQueryUtils(lambda$queryTable$0):73 Queueing query: SELECT \"id\",\"name\" FROM \"public\".\"starships\""}}
{"type":"LOG","log":{"level":"INFO","message":"INFO i.a.w.i.DefaultAirbyteStreamFactory(internalLog):159 INFO i.a.d.j.s.AdaptiveStreamingQueryConfig(initialize):31 Set initial fetch size: 10 rows"}}
{"type":"LOG","log":{"level":"INFO","message":"INFO i.a.w.i.DefaultAirbyteStreamFactory(internalLog):159 INFO i.a.c.u.CompositeIterator(lambda$emitRunningStreamStatus$0):148 RUNNING -> public_starships"}}
{"type":"LOG","log":{"level":"INFO","message":"INFO i.a.w.i.DefaultAirbyteStreamFactory(internalLog):159 INFO i.a.c.u.CompositeIterator(lambda$emitCompleteStreamStatus$2):162 COMPLETE -> public_starships"}}
{"type":"LOG","log":{"level":"WARN","message":"WARN i.a.w.i.DefaultAirbyteStreamFactory(internalLog):156 WARN i.a.i.b.IntegrationRunner(watchForOrphanThreads):249 The main thread is exiting while children non-daemon threads from a connector are still active.\nIdeally, this situation should not happen...\nPlease check with maintainers if the connector or library code should safely clean up its threads before quitting instead.\nThe main thread is: main (RUNNABLE)\n Thread stacktrace: java.base/java.lang.Thread.getStackTrace(Thread.java:1610)\n        at io.airbyte.integrations.base.IntegrationRunner.dumpThread(IntegrationRunner.java:306)\n        at io.airbyte.integrations.base.IntegrationRunner.watchForOrphanThreads(IntegrationRunner.java:253)\n        at io.airbyte.integrations.base.IntegrationRunner.produceMessages(IntegrationRunner.java:190)\n        at io.airbyte.integrations.base.IntegrationRunner.runInternal(IntegrationRunner.java:142)\n        at io.airbyte.integrations.base.IntegrationRunner.run(IntegrationRunner.java:101)\n        at io.airbyte.integrations.source.postgres.PostgresSource.main(PostgresSource.java:508)"}}
{"type":"LOG","log":{"level":"WARN","message":"WARN i.a.w.i.DefaultAirbyteStreamFactory(internalLog):156 WARN i.a.i.b.IntegrationRunner(watchForOrphanThreads):261 Active non-daemon thread: pool-2-thread-1 (TIMED_WAITING)\n Thread stacktrace: java.base@17.0.4.1/jdk.internal.misc.Unsafe.park(Native Method)\n        at java.base@17.0.4.1/java.util.concurrent.locks.LockSupport.parkNanos(LockSupport.java:252)\n        at java.base@17.0.4.1/java.util.concurrent.SynchronousQueue$TransferStack.transfer(SynchronousQueue.java:401)\n        at java.base@17.0.4.1/java.util.concurrent.SynchronousQueue.poll(SynchronousQueue.java:903)\n        at java.base@17.0.4.1/java.util.concurrent.ThreadPoolExecutor.getTask(ThreadPoolExecutor.java:1061)\n        at java.base@17.0.4.1/java.util.concurrent.ThreadPoolExecutor.runWorker(ThreadPoolExecutor.java:1122)\n        at java.base@17.0.4.1/java.util.concurrent.ThreadPoolExecutor$Worker.run(ThreadPoolExecutor.java:635)\n        at java.base@17.0.4.1/java.lang.Thread.run(Thread.java:833)"}}
{"type":"LOG","log":{"level":"WARN","message":"WARN i.a.w.i.DefaultAirbyteStreamFactory(internalLog):156 WARN i.a.i.b.IntegrationRunner(watchForOrphanThreads):261 Active non-daemon thread: NioSocketAcceptor-2 (RUNNABLE)\n Thread stacktrace: java.base@17.0.4.1/sun.nio.ch.EPoll.wait(Native Method)\n        at java.base@17.0.4.1/sun.nio.ch.EPollSelectorImpl.doSelect(EPollSelectorImpl.java:118)\n        at java.base@17.0.4.1/sun.nio.ch.SelectorImpl.lockAndDoSelect(SelectorImpl.java:129)\n        at java.base@17.0.4.1/sun.nio.ch.SelectorImpl.select(SelectorImpl.java:146)\n        at app//org.apache.mina.transport.socket.nio.NioSocketAcceptor.select(NioSocketAcceptor.java:299)\n        at app//org.apache.mina.core.polling.AbstractPollingIoAcceptor$Acceptor.run(AbstractPollingIoAcceptor.java:466)\n        at app//org.apache.mina.util.NamePreservingRunnable.run(NamePreservingRunnable.java:64)\n        at java.base@17.0.4.1/java.util.concurrent.ThreadPoolExecutor.runWorker(ThreadPoolExecutor.java:1136)\n        at java.base@17.0.4.1/java.util.concurrent.ThreadPoolExecutor$Worker.run(ThreadPoolExecutor.java:635)\n        at java.base@17.0.4.1/java.lang.Thread.run(Thread.java:833)"}}
{"type":"LOG","log":{"level":"INFO","message":"INFO i.a.w.i.DefaultAirbyteStreamFactory(internalLog):159 INFO i.a.i.s.r.AbstractDbSource(lambda$read$1):173 Closing database connection pool."}}
{"type":"LOG","log":{"level":"INFO","message":"INFO i.a.w.i.DefaultAirbyteStreamFactory(internalLog):159 INFO c.z.h.HikariDataSource(close):350 HikariPool-1 - Shutdown initiated..."}}
{"type":"LOG","log":{"level":"INFO","message":"INFO i.a.w.i.DefaultAirbyteStreamFactory(internalLog):159 INFO c.z.h.HikariDataSource(close):352 HikariPool-1 - Shutdown completed."}}
{"type":"LOG","log":{"level":"INFO","message":"INFO i.a.w.i.DefaultAirbyteStreamFactory(internalLog):159 INFO i.a.i.s.r.AbstractDbSource(lambda$read$1):175 Closed database connection pool."}}
{"type":"LOG","log":{"level":"INFO","message":"INFO i.a.w.i.DefaultAirbyteStreamFactory(internalLog):159 INFO i.a.i.b.IntegrationRunner(runInternal):186 Completed integration: io.airbyte.integrations.base.ssh.SshWrappedSource"}}
{"type":"LOG","log":{"level":"INFO","message":"INFO i.a.w.i.DefaultAirbyteStreamFactory(internalLog):159 INFO i.a.i.s.p.PostgresSource(main):509 completed source: class io.airbyte.integrations.source.postgres.PostgresSource"}}
{"type":"LOG","log":{"level":"INFO","message":"INFO o.t.i.b.ImageFromDockerfile(resolve):151 Transferred 791 bytes to Docker daemon"}}
{"type":"LOG","log":{"level":"INFO","message":"INFO o.t.c.GenericContainer(tryStart):376 Creating container for image: bastion-test:latest"}}
{"type":"LOG","log":{"level":"INFO","message":"INFO o.t.c.GenericContainer(tryStart):440 Container bastion-test:latest is starting: dc029f3ff6e2096f38407a2db7dc89b7caa8f4e26491d3a8ec01ad196229eeb6"}}
{"type":"LOG","log":{"level":"INFO","message":"INFO o.t.c.GenericContainer(tryStart):520 Container bastion-test:latest started in PT7.957255S"}}
{"type":"LOG","log":{"level":"INFO","message":"INFO o.t.c.GenericContainer(tryStart):376 Creating container for image: postgres:13-alpine"}}
{"type":"LOG","log":{"level":"INFO","message":"INFO o.t.c.GenericContainer(tryStart):440 Container postgres:13-alpine is starting: 7bdbf9de2103362b914dc9124dff260186ad67a59494b296c39309b5b18bb92b"}}
{"type":"LOG","log":{"level":"INFO","message":"INFO o.t.c.GenericContainer(tryStart):520 Container postgres:13-alpine started in PT18.172641S"}}
{"type":"LOG","log":{"level":"INFO","message":"INFO i.a.i.b.s.SshTunnel(getInstance):204 Starting connection with method: SSH_KEY_AUTH"}}
{"type":"LOG","log":{"level":"WARN","message":"WARN o.a.s.c.k.StaticServerKeyVerifier(handleAcceptance):59 Server at localhost/127.0.0.1:57677 presented unverified EC key: SHA256:1JrQOUxCEJh3WUBwIyNtklpQUuj6aeTfYEREmv5CIUo"}}
{"type":"LOG","log":{"level":"INFO","message":"INFO i.a.i.b.s.SshTunnel(openTunnel):367 Established tunneling session to 172.28.0.3:5432. Port forwarding started on /127.0.0.1:57760 "}}
{"type":"LOG","log":{"level":"INFO","message":"INFO c.z.h.HikariDataSource(<init>):80 HikariPool-2 - Starting..."}}
{"type":"LOG","log":{"level":"INFO","message":"INFO c.z.h.HikariDataSource(<init>):82 HikariPool-2 - Start completed."}}
{"type":"LOG","log":{"level":"INFO","message":"INFO i.a.i.s.s.TestEnvConfigs(getEnvOrDefault):119 Using default value for environment variable WORKER_ENVIRONMENT: 'DOCKER'"}}
{"type":"LOG","log":{"level":"INFO","message":"INFO i.a.i.s.s.TestEnvConfigs(getEnvOrDefault):119 Using default value for environment variable DEPLOYMENT_MODE: 'OSS'"}}
{"type":"LOG","log":{"level":"INFO","message":"INFO i.a.c.i.LineGobbler(voidCall):114 Checking if airbyte/source-postgres:dev exists..."}}
{"type":"LOG","log":{"level":"INFO","message":"INFO i.a.c.i.LineGobbler(voidCall):114 airbyte/source-postgres:dev was found locally."}}
{"type":"LOG","log":{"level":"INFO","message":"INFO i.a.w.p.DockerProcessFactory(create):126 Creating docker container = source-postgres-entrypoint-checker-0-0-xbldq with resources null and allowedHosts null"}}
{"type":"LOG","log":{"level":"INFO","message":"INFO i.a.w.p.DockerProcessFactory(create):171 Preparing command: docker run --rm --init -i -w /data/job --log-driver none --name source-postgres-entrypoint-checker-0-0-xbldq --network host -v /tmp/airbyte_tests/test9011825443768064611:/data -v /tmp/airbyte_tests/output1640081419786468673:/local -e DEPLOYMENT_MODE=OSS -e WORKER_ENVIRONMENT=DOCKER -e AIRBYTE_ROLE= -e AIRBYTE_VERSION= --entrypoint printenv airbyte/source-postgres:dev"}}
{"type":"LOG","log":{"level":"INFO","message":"INFO o.t.i.b.ImageFromDockerfile(resolve):151 Transferred 791 bytes to Docker daemon"}}
{"type":"LOG","log":{"level":"INFO","message":"INFO o.t.c.GenericContainer(tryStart):376 Creating container for image: bastion-test:latest"}}
{"type":"LOG","log":{"level":"INFO","message":"INFO o.t.c.GenericContainer(tryStart):440 Container bastion-test:latest is starting: 3d98461d662cd88fbf5c4cb64e212de014244b9563972ba39739ee113ac193ea"}}
{"type":"LOG","log":{"level":"INFO","message":"INFO o.t.c.GenericContainer(tryStart):520 Container bastion-test:latest started in PT2.82971S"}}
{"type":"LOG","log":{"level":"INFO","message":"INFO o.t.c.GenericContainer(tryStart):376 Creating container for image: postgres:13-alpine"}}
{"type":"LOG","log":{"level":"INFO","message":"INFO o.t.c.GenericContainer(tryStart):440 Container postgres:13-alpine is starting: 1ca38a3ece67eb42307581ac8d21e5903c5f1440849527b84618c5fe75db0b71"}}
{"type":"LOG","log":{"level":"INFO","message":"INFO o.t.c.GenericContainer(tryStart):520 Container postgres:13-alpine started in PT6.015637S"}}
{"type":"LOG","log":{"level":"INFO","message":"INFO i.a.i.b.s.SshTunnel(getInstance):204 Starting connection with method: SSH_KEY_AUTH"}}
{"type":"LOG","log":{"level":"WARN","message":"WARN o.a.s.c.k.StaticServerKeyVerifier(handleAcceptance):59 Server at localhost/127.0.0.1:57784 presented unverified EC key: SHA256:1JrQOUxCEJh3WUBwIyNtklpQUuj6aeTfYEREmv5CIUo"}}
{"type":"LOG","log":{"level":"INFO","message":"INFO i.a.i.b.s.SshTunnel(openTunnel):367 Established tunneling session to 172.28.0.3:5432. Port forwarding started on /127.0.0.1:57794 "}}
{"type":"LOG","log":{"level":"INFO","message":"INFO c.z.h.HikariDataSource(<init>):80 HikariPool-3 - Starting..."}}
{"type":"LOG","log":{"level":"INFO","message":"INFO c.z.h.HikariDataSource(<init>):82 HikariPool-3 - Start completed."}}
{"type":"LOG","log":{"level":"INFO","message":"INFO i.a.i.s.s.TestEnvConfigs(getEnvOrDefault):119 Using default value for environment variable WORKER_ENVIRONMENT: 'DOCKER'"}}
{"type":"LOG","log":{"level":"INFO","message":"INFO i.a.i.s.s.TestEnvConfigs(getEnvOrDefault):119 Using default value for environment variable DEPLOYMENT_MODE: 'OSS'"}}
{"type":"LOG","log":{"level":"INFO","message":"INFO i.a.c.i.LineGobbler(voidCall):114 Checking if airbyte/source-postgres:dev exists..."}}
{"type":"LOG","log":{"level":"INFO","message":"INFO i.a.c.i.LineGobbler(voidCall):114 airbyte/source-postgres:dev was found locally."}}
{"type":"LOG","log":{"level":"INFO","message":"INFO i.a.w.p.DockerProcessFactory(create):126 Creating docker container = source-postgres-read-0-0-baxvs with resources null and allowedHosts null"}}
{"type":"LOG","log":{"level":"INFO","message":"INFO i.a.w.p.DockerProcessFactory(create):171 Preparing command: docker run --rm --init -i -w /data/job --log-driver none --name source-postgres-read-0-0-baxvs --network host -v /tmp/airbyte_tests/test11485959564359297895:/data -v /tmp/airbyte_tests/output4257921778102133900:/local -e DEPLOYMENT_MODE=OSS -e USE_STREAM_CAPABLE_STATE=true -e FIELD_SELECTION_WORKSPACES= -e WORKER_ENVIRONMENT=DOCKER -e AIRBYTE_ROLE= -e APPLY_FIELD_SELECTION=false -e WORKER_CONNECTOR_IMAGE=airbyte/source-postgres:dev -e WORKER_JOB_ATTEMPT=0 -e AUTO_DETECT_SCHEMA=true -e AIRBYTE_VERSION= -e WORKER_JOB_ID=0 airbyte/source-postgres:dev read --config source_config.json --catalog source_catalog.json --state input_state.json"}}
{"type":"LOG","log":{"level":"INFO","message":"INFO i.a.w.i.DefaultAirbyteStreamFactory(internalLog):159 INFO i.a.i.s.p.PostgresSource(main):507 starting source: class io.airbyte.integrations.source.postgres.PostgresSource"}}
{"type":"LOG","log":{"level":"INFO","message":"INFO i.a.w.i.DefaultAirbyteStreamFactory(internalLog):159 INFO i.a.i.b.IntegrationCliParser(parseOptions):126 integration args: {read=null, catalog=source_catalog.json, state=input_state.json, config=source_config.json}"}}
{"type":"LOG","log":{"level":"INFO","message":"INFO i.a.w.i.DefaultAirbyteStreamFactory(internalLog):159 INFO i.a.i.b.IntegrationRunner(runInternal):108 Running integration: io.airbyte.integrations.base.ssh.SshWrappedSource"}}
{"type":"LOG","log":{"level":"INFO","message":"INFO i.a.w.i.DefaultAirbyteStreamFactory(internalLog):159 INFO i.a.i.b.IntegrationRunner(runInternal):109 Command: READ"}}
{"type":"LOG","log":{"level":"INFO","message":"INFO i.a.w.i.DefaultAirbyteStreamFactory(internalLog):159 INFO i.a.i.b.IntegrationRunner(runInternal):110 Integration config: IntegrationConfig{command=READ, configPath='source_config.json', catalogPath='source_catalog.json', statePath='input_state.json'}"}}
{"type":"LOG","log":{"level":"WARN","message":"WARN i.a.w.i.DefaultAirbyteStreamFactory(internalLog):156 WARN c.n.s.JsonMetaSchema(newValidator):278 Unknown keyword groups - you should define your own Meta Schema. If the keyword is irrelevant for validation, just use a NonValidationKeyword"}}
{"type":"LOG","log":{"level":"WARN","message":"WARN i.a.w.i.DefaultAirbyteStreamFactory(internalLog):156 WARN c.n.s.JsonMetaSchema(newValidator):278 Unknown keyword order - you should define your own Meta Schema. If the keyword is irrelevant for validation, just use a NonValidationKeyword"}}
{"type":"LOG","log":{"level":"WARN","message":"WARN i.a.w.i.DefaultAirbyteStreamFactory(internalLog):156 WARN c.n.s.JsonMetaSchema(newValidator):278 Unknown keyword group - you should define your own Meta Schema. If the keyword is irrelevant for validation, just use a NonValidationKeyword"}}
{"type":"LOG","log":{"level":"WARN","message":"WARN i.a.w.i.DefaultAirbyteStreamFactory(internalLog):156 WARN c.n.s.JsonMetaSchema(newValidator):278 Unknown keyword airbyte_secret - you should define your own Meta Schema. If the keyword is irrelevant for validation, just use a NonValidationKeyword"}}
{"type":"LOG","log":{"level":"WARN","message":"WARN i.a.w.i.DefaultAirbyteStreamFactory(internalLog):156 WARN c.n.s.JsonMetaSchema(newValidator):278 Unknown keyword always_show - you should define your own Meta Schema. If the keyword is irrelevant for validation, just use a NonValidationKeyword"}}
{"type":"LOG","log":{"level":"WARN","message":"WARN i.a.w.i.DefaultAirbyteStreamFactory(internalLog):156 WARN c.n.s.JsonMetaSchema(newValidator):278 Unknown keyword multiline - you should define your own Meta Schema. If the keyword is irrelevant for validation, just use a NonValidationKeyword"}}
{"type":"LOG","log":{"level":"INFO","message":"INFO i.a.w.i.DefaultAirbyteStreamFactory(internalLog):159 INFO i.a.i.b.s.SshTunnel(getInstance):204 Starting connection with method: SSH_KEY_AUTH"}}
{"type":"LOG","log":{"level":"INFO","message":"INFO i.a.w.i.DefaultAirbyteStreamFactory(internalLog):159 INFO o.a.s.c.u.s.AbstractSecurityProviderRegistrar(getOrCreateProvider):112 getOrCreateProvider(EdDSA) created instance of net.i2p.crypto.eddsa.EdDSASecurityProvider"}}
{"type":"LOG","log":{"level":"INFO","message":"INFO i.a.w.i.DefaultAirbyteStreamFactory(internalLog):159 INFO o.a.s.c.i.DefaultIoServiceFactoryFactory(getIoServiceProvider):71 Using MinaServiceFactoryFactory"}}
{"type":"LOG","log":{"level":"WARN","message":"WARN i.a.w.i.DefaultAirbyteStreamFactory(internalLog):156 WARN o.a.s.c.k.StaticServerKeyVerifier(handleAcceptance):59 Server at /172.28.0.2:22 presented unverified EC key: SHA256:1JrQOUxCEJh3WUBwIyNtklpQUuj6aeTfYEREmv5CIUo"}}
{"type":"LOG","log":{"level":"INFO","message":"INFO i.a.w.i.DefaultAirbyteStreamFactory(internalLog):159 INFO i.a.i.b.s.SshTunnel(openTunnel):367 Established tunneling session to 172.28.0.3:5432. Port forwarding started on /127.0.0.1:56535 "}}
{"type":"LOG","log":{"level":"INFO","message":"INFO i.a.w.i.DefaultAirbyteStreamFactory(internalLog):159 INFO i.a.i.s.p.PostgresUtils(isCdc):53 using CDC: false"}}
{"type":"LOG","log":{"level":"INFO","message":"INFO i.a.w.i.DefaultAirbyteStreamFactory(internalLog):159 INFO i.a.i.s.r.s.StateManagerFactory(createStateManager):55 Stream state manager selected to manage state object with type LEGACY."}}
{"type":"LOG","log":{"level":"INFO","message":"INFO i.a.w.i.DefaultAirbyteStreamFactory(internalLog):159 INFO i.a.i.s.r.s.CursorManager(createCursorInfoForStream):182 No cursor field set in catalog but not present in state. Stream: public_id_and_name, New Cursor Field: id. Resetting cursor value"}}
{"type":"LOG","log":{"level":"INFO","message":"INFO i.a.w.i.DefaultAirbyteStreamFactory(internalLog):159 INFO i.a.i.s.r.s.CursorManager(createCursorInfoForStream):182 No cursor field set in catalog but not present in state. Stream: public_starships, New Cursor Field: id. Resetting cursor value"}}
{"type":"LOG","log":{"level":"INFO","message":"INFO i.a.w.i.DefaultAirbyteStreamFactory(internalLog):159 INFO c.z.h.HikariDataSource(<init>):80 HikariPool-1 - Starting..."}}
{"type":"LOG","log":{"level":"INFO","message":"INFO i.a.w.i.DefaultAirbyteStreamFactory(internalLog):159 INFO c.z.h.HikariDataSource(<init>):82 HikariPool-1 - Start completed."}}
{"type":"LOG","log":{"level":"INFO","message":"INFO i.a.w.i.DefaultAirbyteStreamFactory(internalLog):159 INFO i.a.i.s.p.PostgresUtils(isCdc):53 using CDC: false"}}
{"type":"LOG","log":{"level":"INFO","message":"INFO i.a.w.i.DefaultAirbyteStreamFactory(internalLog):159 INFO i.a.i.s.j.AbstractJdbcSource(logPreSyncDebugData):450 Data source product recognized as PostgreSQL:13.11"}}
{"type":"LOG","log":{"level":"INFO","message":"INFO i.a.w.i.DefaultAirbyteStreamFactory(internalLog):159 INFO i.a.i.s.p.PostgresSource(logPreSyncDebugData):221 Discovering indexes for schema \"public\", table \"id_and_name\""}}
{"type":"LOG","log":{"level":"INFO","message":"INFO i.a.w.i.DefaultAirbyteStreamFactory(internalLog):159 INFO i.a.i.s.p.PostgresSource(logPreSyncDebugData):221 Discovering indexes for schema \"public\", table \"starships\""}}
{"type":"LOG","log":{"level":"INFO","message":"INFO i.a.w.i.DefaultAirbyteStreamFactory(internalLog):159 INFO i.a.i.s.p.PostgresQueryUtils(logXminStatus):77 Xmin Status : {Number of wraparounds: 0, Xmin Transaction Value: 491, Xmin Raw Value: 491"}}
{"type":"LOG","log":{"level":"INFO","message":"INFO i.a.w.i.DefaultAirbyteStreamFactory(internalLog):159 INFO i.a.i.s.j.AbstractJdbcSource(discoverInternal):166 Internal schemas to exclude: [catalog_history, information_schema, pg_catalog, pg_internal]"}}
{"type":"LOG","log":{"level":"INFO","message":"INFO i.a.w.i.DefaultAirbyteStreamFactory(internalLog):159 INFO i.a.d.j.s.AdaptiveStreamingQueryConfig(initialize):31 Set initial fetch size: 10 rows"}}
{"type":"LOG","log":{"level":"INFO","message":"INFO i.a.w.i.DefaultAirbyteStreamFactory(internalLog):159 INFO i.a.i.s.p.PostgresUtils(isCdc):53 using CDC: false"}}
{"type":"LOG","log":{"level":"INFO","message":"INFO i.a.w.i.DefaultAirbyteStreamFactory(internalLog):159 INFO i.a.i.s.j.AbstractJdbcSource(queryTableFullRefresh):112 Queueing query for table: id_and_name"}}
{"type":"LOG","log":{"level":"INFO","message":"INFO i.a.w.i.DefaultAirbyteStreamFactory(internalLog):159 INFO i.a.i.s.j.AbstractJdbcSource(queryTableFullRefresh):112 Queueing query for table: starships"}}
{"type":"LOG","log":{"level":"INFO","message":"INFO i.a.w.i.DefaultAirbyteStreamFactory(internalLog):159 INFO i.a.i.s.r.RelationalDbQueryUtils(lambda$queryTable$0):73 Queueing query: SELECT \"id\",\"name\" FROM \"public\".\"id_and_name\" ORDER BY \"id\" ASC"}}
{"type":"LOG","log":{"level":"INFO","message":"INFO i.a.w.i.DefaultAirbyteStreamFactory(internalLog):159 INFO i.a.d.j.s.AdaptiveStreamingQueryConfig(initialize):31 Set initial fetch size: 10 rows"}}
{"type":"LOG","log":{"level":"INFO","message":"INFO i.a.w.i.DefaultAirbyteStreamFactory(internalLog):159 INFO i.a.c.u.CompositeIterator(lambda$emitStartStreamStatus$1):155 STARTING -> public_id_and_name"}}
{"type":"LOG","log":{"level":"INFO","message":"INFO i.a.w.i.DefaultAirbyteStreamFactory(internalLog):159 INFO i.a.c.u.CompositeIterator(lambda$emitRunningStreamStatus$0):148 RUNNING -> public_id_and_name"}}
{"type":"LOG","log":{"level":"INFO","message":"INFO i.a.w.i.DefaultAirbyteStreamFactory(internalLog):159 INFO i.a.c.u.CompositeIterator(lambda$emitCompleteStreamStatus$2):162 COMPLETE -> public_id_and_name"}}
{"type":"LOG","log":{"level":"INFO","message":"INFO i.a.w.i.DefaultAirbyteStreamFactory(internalLog):159 INFO i.a.c.u.CompositeIterator(lambda$emitStartStreamStatus$1):155 STARTING -> public_starships"}}
{"type":"LOG","log":{"level":"INFO","message":"INFO i.a.w.i.DefaultAirbyteStreamFactory(internalLog):159 INFO i.a.i.s.r.RelationalDbQueryUtils(lambda$queryTable$0):73 Queueing query: SELECT \"id\",\"name\" FROM \"public\".\"starships\" ORDER BY \"id\" ASC"}}
{"type":"LOG","log":{"level":"INFO","message":"INFO i.a.w.i.DefaultAirbyteStreamFactory(internalLog):159 INFO i.a.d.j.s.AdaptiveStreamingQueryConfig(initialize):31 Set initial fetch size: 10 rows"}}
{"type":"LOG","log":{"level":"INFO","message":"INFO i.a.w.i.DefaultAirbyteStreamFactory(internalLog):159 INFO i.a.c.u.CompositeIterator(lambda$emitRunningStreamStatus$0):148 RUNNING -> public_starships"}}
{"type":"LOG","log":{"level":"INFO","message":"INFO i.a.w.i.DefaultAirbyteStreamFactory(internalLog):159 INFO i.a.c.u.CompositeIterator(lambda$emitCompleteStreamStatus$2):162 COMPLETE -> public_starships"}}
{"type":"LOG","log":{"level":"WARN","message":"WARN i.a.w.i.DefaultAirbyteStreamFactory(internalLog):156 WARN i.a.i.b.IntegrationRunner(watchForOrphanThreads):249 The main thread is exiting while children non-daemon threads from a connector are still active.\nIdeally, this situation should not happen...\nPlease check with maintainers if the connector or library code should safely clean up its threads before quitting instead.\nThe main thread is: main (RUNNABLE)\n Thread stacktrace: java.base/java.lang.Thread.getStackTrace(Thread.java:1610)\n        at io.airbyte.integrations.base.IntegrationRunner.dumpThread(IntegrationRunner.java:306)\n        at io.airbyte.integrations.base.IntegrationRunner.watchForOrphanThreads(IntegrationRunner.java:253)\n        at io.airbyte.integrations.base.IntegrationRunner.produceMessages(IntegrationRunner.java:190)\n        at io.airbyte.integrations.base.IntegrationRunner.runInternal(IntegrationRunner.java:142)\n        at io.airbyte.integrations.base.IntegrationRunner.run(IntegrationRunner.java:101)\n        at io.airbyte.integrations.source.postgres.PostgresSource.main(PostgresSource.java:508)"}}
{"type":"LOG","log":{"level":"WARN","message":"WARN i.a.w.i.DefaultAirbyteStreamFactory(internalLog):156 WARN i.a.i.b.IntegrationRunner(watchForOrphanThreads):261 Active non-daemon thread: pool-2-thread-1 (TIMED_WAITING)\n Thread stacktrace: java.base@17.0.4.1/jdk.internal.misc.Unsafe.park(Native Method)\n        at java.base@17.0.4.1/java.util.concurrent.locks.LockSupport.parkNanos(LockSupport.java:252)\n        at java.base@17.0.4.1/java.util.concurrent.SynchronousQueue$TransferStack.transfer(SynchronousQueue.java:401)\n        at java.base@17.0.4.1/java.util.concurrent.SynchronousQueue.poll(SynchronousQueue.java:903)\n        at java.base@17.0.4.1/java.util.concurrent.ThreadPoolExecutor.getTask(ThreadPoolExecutor.java:1061)\n        at java.base@17.0.4.1/java.util.concurrent.ThreadPoolExecutor.runWorker(ThreadPoolExecutor.java:1122)\n        at java.base@17.0.4.1/java.util.concurrent.ThreadPoolExecutor$Worker.run(ThreadPoolExecutor.java:635)\n        at java.base@17.0.4.1/java.lang.Thread.run(Thread.java:833)"}}
{"type":"LOG","log":{"level":"WARN","message":"WARN i.a.w.i.DefaultAirbyteStreamFactory(internalLog):156 WARN i.a.i.b.IntegrationRunner(watchForOrphanThreads):261 Active non-daemon thread: NioSocketAcceptor-2 (RUNNABLE)\n Thread stacktrace: java.base@17.0.4.1/sun.nio.ch.EPoll.wait(Native Method)\n        at java.base@17.0.4.1/sun.nio.ch.EPollSelectorImpl.doSelect(EPollSelectorImpl.java:118)\n        at java.base@17.0.4.1/sun.nio.ch.SelectorImpl.lockAndDoSelect(SelectorImpl.java:129)\n        at java.base@17.0.4.1/sun.nio.ch.SelectorImpl.select(SelectorImpl.java:146)\n        at app//org.apache.mina.transport.socket.nio.NioSocketAcceptor.select(NioSocketAcceptor.java:299)\n        at app//org.apache.mina.core.polling.AbstractPollingIoAcceptor$Acceptor.run(AbstractPollingIoAcceptor.java:466)\n        at app//org.apache.mina.util.NamePreservingRunnable.run(NamePreservingRunnable.java:64)\n        at java.base@17.0.4.1/java.util.concurrent.ThreadPoolExecutor.runWorker(ThreadPoolExecutor.java:1136)\n        at java.base@17.0.4.1/java.util.concurrent.ThreadPoolExecutor$Worker.run(ThreadPoolExecutor.java:635)\n        at java.base@17.0.4.1/java.lang.Thread.run(Thread.java:833)"}}
{"type":"LOG","log":{"level":"INFO","message":"INFO i.a.w.i.DefaultAirbyteStreamFactory(internalLog):159 INFO i.a.i.s.r.AbstractDbSource(lambda$read$1):173 Closing database connection pool."}}
{"type":"LOG","log":{"level":"INFO","message":"INFO i.a.w.i.DefaultAirbyteStreamFactory(internalLog):159 INFO c.z.h.HikariDataSource(close):350 HikariPool-1 - Shutdown initiated..."}}
{"type":"LOG","log":{"level":"INFO","message":"INFO i.a.w.i.DefaultAirbyteStreamFactory(internalLog):159 INFO c.z.h.HikariDataSource(close):352 HikariPool-1 - Shutdown completed."}}
{"type":"LOG","log":{"level":"INFO","message":"INFO i.a.w.i.DefaultAirbyteStreamFactory(internalLog):159 INFO i.a.i.s.r.AbstractDbSource(lambda$read$1):175 Closed database connection pool."}}
{"type":"LOG","log":{"level":"INFO","message":"INFO i.a.w.i.DefaultAirbyteStreamFactory(internalLog):159 INFO i.a.i.b.IntegrationRunner(runInternal):186 Completed integration: io.airbyte.integrations.base.ssh.SshWrappedSource"}}
{"type":"LOG","log":{"level":"INFO","message":"INFO i.a.w.i.DefaultAirbyteStreamFactory(internalLog):159 INFO i.a.i.s.p.PostgresSource(main):509 completed source: class io.airbyte.integrations.source.postgres.PostgresSource"}}
{"type":"LOG","log":{"level":"INFO","message":"INFO i.a.c.i.LineGobbler(voidCall):114 Checking if airbyte/source-postgres:dev exists..."}}
{"type":"LOG","log":{"level":"INFO","message":"INFO i.a.c.i.LineGobbler(voidCall):114 airbyte/source-postgres:dev was found locally."}}
{"type":"LOG","log":{"level":"INFO","message":"INFO i.a.w.p.DockerProcessFactory(create):126 Creating docker container = source-postgres-read-0-0-ifkhl with resources null and allowedHosts null"}}
{"type":"LOG","log":{"level":"INFO","message":"INFO i.a.w.p.DockerProcessFactory(create):171 Preparing command: docker run --rm --init -i -w /data/job --log-driver none --name source-postgres-read-0-0-ifkhl --network host -v /tmp/airbyte_tests/test11485959564359297895:/data -v /tmp/airbyte_tests/output4257921778102133900:/local -e DEPLOYMENT_MODE=OSS -e USE_STREAM_CAPABLE_STATE=true -e FIELD_SELECTION_WORKSPACES= -e WORKER_ENVIRONMENT=DOCKER -e AIRBYTE_ROLE= -e APPLY_FIELD_SELECTION=false -e WORKER_CONNECTOR_IMAGE=airbyte/source-postgres:dev -e WORKER_JOB_ATTEMPT=0 -e AUTO_DETECT_SCHEMA=true -e AIRBYTE_VERSION= -e WORKER_JOB_ID=0 airbyte/source-postgres:dev read --config source_config.json --catalog source_catalog.json --state input_state.json"}}
{"type":"LOG","log":{"level":"INFO","message":"INFO i.a.w.i.DefaultAirbyteStreamFactory(internalLog):159 INFO i.a.i.s.p.PostgresSource(main):507 starting source: class io.airbyte.integrations.source.postgres.PostgresSource"}}
{"type":"LOG","log":{"level":"INFO","message":"INFO i.a.w.i.DefaultAirbyteStreamFactory(internalLog):159 INFO i.a.i.b.IntegrationCliParser(parseOptions):126 integration args: {read=null, catalog=source_catalog.json, state=input_state.json, config=source_config.json}"}}
{"type":"LOG","log":{"level":"INFO","message":"INFO i.a.w.i.DefaultAirbyteStreamFactory(internalLog):159 INFO i.a.i.b.IntegrationRunner(runInternal):108 Running integration: io.airbyte.integrations.base.ssh.SshWrappedSource"}}
{"type":"LOG","log":{"level":"INFO","message":"INFO i.a.w.i.DefaultAirbyteStreamFactory(internalLog):159 INFO i.a.i.b.IntegrationRunner(runInternal):109 Command: READ"}}
{"type":"LOG","log":{"level":"INFO","message":"INFO i.a.w.i.DefaultAirbyteStreamFactory(internalLog):159 INFO i.a.i.b.IntegrationRunner(runInternal):110 Integration config: IntegrationConfig{command=READ, configPath='source_config.json', catalogPath='source_catalog.json', statePath='input_state.json'}"}}
{"type":"LOG","log":{"level":"WARN","message":"WARN i.a.w.i.DefaultAirbyteStreamFactory(internalLog):156 WARN c.n.s.JsonMetaSchema(newValidator):278 Unknown keyword groups - you should define your own Meta Schema. If the keyword is irrelevant for validation, just use a NonValidationKeyword"}}
{"type":"LOG","log":{"level":"WARN","message":"WARN i.a.w.i.DefaultAirbyteStreamFactory(internalLog):156 WARN c.n.s.JsonMetaSchema(newValidator):278 Unknown keyword order - you should define your own Meta Schema. If the keyword is irrelevant for validation, just use a NonValidationKeyword"}}
{"type":"LOG","log":{"level":"WARN","message":"WARN i.a.w.i.DefaultAirbyteStreamFactory(internalLog):156 WARN c.n.s.JsonMetaSchema(newValidator):278 Unknown keyword group - you should define your own Meta Schema. If the keyword is irrelevant for validation, just use a NonValidationKeyword"}}
{"type":"LOG","log":{"level":"WARN","message":"WARN i.a.w.i.DefaultAirbyteStreamFactory(internalLog):156 WARN c.n.s.JsonMetaSchema(newValidator):278 Unknown keyword airbyte_secret - you should define your own Meta Schema. If the keyword is irrelevant for validation, just use a NonValidationKeyword"}}
{"type":"LOG","log":{"level":"WARN","message":"WARN i.a.w.i.DefaultAirbyteStreamFactory(internalLog):156 WARN c.n.s.JsonMetaSchema(newValidator):278 Unknown keyword always_show - you should define your own Meta Schema. If the keyword is irrelevant for validation, just use a NonValidationKeyword"}}
{"type":"LOG","log":{"level":"WARN","message":"WARN i.a.w.i.DefaultAirbyteStreamFactory(internalLog):156 WARN c.n.s.JsonMetaSchema(newValidator):278 Unknown keyword multiline - you should define your own Meta Schema. If the keyword is irrelevant for validation, just use a NonValidationKeyword"}}
{"type":"LOG","log":{"level":"INFO","message":"INFO i.a.w.i.DefaultAirbyteStreamFactory(internalLog):159 INFO i.a.i.b.s.SshTunnel(getInstance):204 Starting connection with method: SSH_KEY_AUTH"}}
{"type":"LOG","log":{"level":"INFO","message":"INFO i.a.w.i.DefaultAirbyteStreamFactory(internalLog):159 INFO o.a.s.c.u.s.AbstractSecurityProviderRegistrar(getOrCreateProvider):112 getOrCreateProvider(EdDSA) created instance of net.i2p.crypto.eddsa.EdDSASecurityProvider"}}
{"type":"LOG","log":{"level":"INFO","message":"INFO i.a.w.i.DefaultAirbyteStreamFactory(internalLog):159 INFO o.a.s.c.i.DefaultIoServiceFactoryFactory(getIoServiceProvider):71 Using MinaServiceFactoryFactory"}}
{"type":"LOG","log":{"level":"WARN","message":"WARN i.a.w.i.DefaultAirbyteStreamFactory(internalLog):156 WARN o.a.s.c.k.StaticServerKeyVerifier(handleAcceptance):59 Server at /172.28.0.2:22 presented unverified EC key: SHA256:1JrQOUxCEJh3WUBwIyNtklpQUuj6aeTfYEREmv5CIUo"}}
{"type":"LOG","log":{"level":"INFO","message":"INFO i.a.w.i.DefaultAirbyteStreamFactory(internalLog):159 INFO i.a.i.b.s.SshTunnel(openTunnel):367 Established tunneling session to 172.28.0.3:5432. Port forwarding started on /127.0.0.1:57253 "}}
{"type":"LOG","log":{"level":"INFO","message":"INFO i.a.w.i.DefaultAirbyteStreamFactory(internalLog):159 INFO i.a.i.s.p.PostgresUtils(isCdc):53 using CDC: false"}}
{"type":"LOG","log":{"level":"INFO","message":"INFO i.a.w.i.DefaultAirbyteStreamFactory(internalLog):159 INFO i.a.i.s.r.s.StateManagerFactory(createStateManager):55 Stream state manager selected to manage state object with type STREAM."}}
{"type":"LOG","log":{"level":"INFO","message":"INFO i.a.w.i.DefaultAirbyteStreamFactory(internalLog):159 INFO i.a.i.s.r.s.CursorManager(createCursorInfoForStream):169 Found matching cursor in state. Stream: public_id_and_name. Cursor Field: id Value: 3 Count: 1"}}
{"type":"LOG","log":{"level":"INFO","message":"INFO i.a.w.i.DefaultAirbyteStreamFactory(internalLog):159 INFO i.a.i.s.r.s.CursorManager(createCursorInfoForStream):169 Found matching cursor in state. Stream: public_starships. Cursor Field: id Value: 3 Count: 1"}}
{"type":"LOG","log":{"level":"INFO","message":"INFO i.a.w.i.DefaultAirbyteStreamFactory(internalLog):159 INFO c.z.h.HikariDataSource(<init>):80 HikariPool-1 - Starting..."}}
{"type":"LOG","log":{"level":"INFO","message":"INFO i.a.w.i.DefaultAirbyteStreamFactory(internalLog):159 INFO c.z.h.HikariDataSource(<init>):82 HikariPool-1 - Start completed."}}
{"type":"LOG","log":{"level":"INFO","message":"INFO i.a.w.i.DefaultAirbyteStreamFactory(internalLog):159 INFO i.a.i.s.p.PostgresUtils(isCdc):53 using CDC: false"}}
{"type":"LOG","log":{"level":"INFO","message":"INFO i.a.w.i.DefaultAirbyteStreamFactory(internalLog):159 INFO i.a.i.s.j.AbstractJdbcSource(logPreSyncDebugData):450 Data source product recognized as PostgreSQL:13.11"}}
{"type":"LOG","log":{"level":"INFO","message":"INFO i.a.w.i.DefaultAirbyteStreamFactory(internalLog):159 INFO i.a.i.s.p.PostgresSource(logPreSyncDebugData):221 Discovering indexes for schema \"public\", table \"id_and_name\""}}
{"type":"LOG","log":{"level":"INFO","message":"INFO i.a.w.i.DefaultAirbyteStreamFactory(internalLog):159 INFO i.a.i.s.p.PostgresSource(logPreSyncDebugData):221 Discovering indexes for schema \"public\", table \"starships\""}}
{"type":"LOG","log":{"level":"INFO","message":"INFO i.a.w.i.DefaultAirbyteStreamFactory(internalLog):159 INFO i.a.i.s.p.PostgresQueryUtils(logXminStatus):77 Xmin Status : {Number of wraparounds: 0, Xmin Transaction Value: 491, Xmin Raw Value: 491"}}
{"type":"LOG","log":{"level":"INFO","message":"INFO i.a.w.i.DefaultAirbyteStreamFactory(internalLog):159 INFO i.a.i.s.j.AbstractJdbcSource(discoverInternal):166 Internal schemas to exclude: [catalog_history, information_schema, pg_catalog, pg_internal]"}}
{"type":"LOG","log":{"level":"INFO","message":"INFO i.a.w.i.DefaultAirbyteStreamFactory(internalLog):159 INFO i.a.d.j.s.AdaptiveStreamingQueryConfig(initialize):31 Set initial fetch size: 10 rows"}}
{"type":"LOG","log":{"level":"INFO","message":"INFO i.a.w.i.DefaultAirbyteStreamFactory(internalLog):159 INFO i.a.i.s.p.PostgresUtils(isCdc):53 using CDC: false"}}
{"type":"LOG","log":{"level":"INFO","message":"INFO i.a.w.i.DefaultAirbyteStreamFactory(internalLog):159 INFO i.a.i.s.j.AbstractJdbcSource(queryTableIncremental):320 Queueing query for table: id_and_name"}}
{"type":"LOG","log":{"level":"INFO","message":"INFO i.a.w.i.DefaultAirbyteStreamFactory(internalLog):159 INFO i.a.i.s.j.AbstractJdbcSource(queryTableIncremental):320 Queueing query for table: starships"}}
{"type":"LOG","log":{"level":"INFO","message":"INFO i.a.w.i.DefaultAirbyteStreamFactory(internalLog):159 INFO i.a.i.s.j.AbstractJdbcSource(lambda$queryTableIncremental$18):327 Preparing query for table: id_and_name"}}
{"type":"LOG","log":{"level":"INFO","message":"INFO i.a.w.i.DefaultAirbyteStreamFactory(internalLog):159 INFO i.a.i.s.j.AbstractJdbcSource(lambda$queryTableIncremental$18):337 Table id_and_name cursor count: expected 1, actual 1"}}
{"type":"LOG","log":{"level":"INFO","message":"INFO i.a.w.i.DefaultAirbyteStreamFactory(internalLog):159 INFO i.a.i.s.j.AbstractJdbcSource(lambda$queryTableIncremental$18):358 Executing query for table id_and_name: HikariProxyPreparedStatement@527464124 wrapping SELECT \"id\",\"name\" FROM \"public\".\"id_and_name\" WHERE \"id\" > ? ORDER BY \"id\" ASC"}}
{"type":"LOG","log":{"level":"INFO","message":"INFO i.a.w.i.DefaultAirbyteStreamFactory(internalLog):159 INFO i.a.d.j.s.AdaptiveStreamingQueryConfig(initialize):31 Set initial fetch size: 10 rows"}}
{"type":"LOG","log":{"level":"INFO","message":"INFO i.a.w.i.DefaultAirbyteStreamFactory(internalLog):159 INFO i.a.i.s.r.StateDecoratingIterator(createStateMessage):207 State report for stream public_id_and_name - original: id = 3 (count 1) -> latest: id = 3 (count 1)"}}
{"type":"LOG","log":{"level":"INFO","message":"INFO i.a.w.i.DefaultAirbyteStreamFactory(internalLog):159 INFO i.a.c.u.CompositeIterator(lambda$emitStartStreamStatus$1):155 STARTING -> public_id_and_name"}}
{"type":"LOG","log":{"level":"INFO","message":"INFO i.a.w.i.DefaultAirbyteStreamFactory(internalLog):159 INFO i.a.c.u.CompositeIterator(lambda$emitRunningStreamStatus$0):148 RUNNING -> public_id_and_name"}}
{"type":"LOG","log":{"level":"INFO","message":"INFO i.a.w.i.DefaultAirbyteStreamFactory(internalLog):159 INFO i.a.c.u.CompositeIterator(lambda$emitCompleteStreamStatus$2):162 COMPLETE -> public_id_and_name"}}
{"type":"LOG","log":{"level":"INFO","message":"INFO i.a.w.i.DefaultAirbyteStreamFactory(internalLog):159 INFO i.a.c.u.CompositeIterator(lambda$emitStartStreamStatus$1):155 STARTING -> public_starships"}}
{"type":"LOG","log":{"level":"INFO","message":"INFO i.a.w.i.DefaultAirbyteStreamFactory(internalLog):159 INFO i.a.i.s.j.AbstractJdbcSource(lambda$queryTableIncremental$18):327 Preparing query for table: starships"}}
{"type":"LOG","log":{"level":"INFO","message":"INFO i.a.w.i.DefaultAirbyteStreamFactory(internalLog):159 INFO i.a.i.s.j.AbstractJdbcSource(lambda$queryTableIncremental$18):337 Table starships cursor count: expected 1, actual 1"}}
{"type":"LOG","log":{"level":"INFO","message":"INFO i.a.w.i.DefaultAirbyteStreamFactory(internalLog):159 INFO i.a.i.s.j.AbstractJdbcSource(lambda$queryTableIncremental$18):358 Executing query for table starships: HikariProxyPreparedStatement@156855528 wrapping SELECT \"id\",\"name\" FROM \"public\".\"starships\" WHERE \"id\" > ? ORDER BY \"id\" ASC"}}
{"type":"LOG","log":{"level":"INFO","message":"INFO i.a.w.i.DefaultAirbyteStreamFactory(internalLog):159 INFO i.a.d.j.s.AdaptiveStreamingQueryConfig(initialize):31 Set initial fetch size: 10 rows"}}
{"type":"LOG","log":{"level":"INFO","message":"INFO i.a.w.i.DefaultAirbyteStreamFactory(internalLog):159 INFO i.a.i.s.r.StateDecoratingIterator(createStateMessage):207 State report for stream public_starships - original: id = 3 (count 1) -> latest: id = 3 (count 1)"}}
{"type":"LOG","log":{"level":"INFO","message":"INFO i.a.w.i.DefaultAirbyteStreamFactory(internalLog):159 INFO i.a.c.u.CompositeIterator(lambda$emitRunningStreamStatus$0):148 RUNNING -> public_starships"}}
{"type":"LOG","log":{"level":"INFO","message":"INFO i.a.w.i.DefaultAirbyteStreamFactory(internalLog):159 INFO i.a.c.u.CompositeIterator(lambda$emitCompleteStreamStatus$2):162 COMPLETE -> public_starships"}}
{"type":"LOG","log":{"level":"WARN","message":"WARN i.a.w.i.DefaultAirbyteStreamFactory(internalLog):156 WARN i.a.i.b.IntegrationRunner(watchForOrphanThreads):249 The main thread is exiting while children non-daemon threads from a connector are still active.\nIdeally, this situation should not happen...\nPlease check with maintainers if the connector or library code should safely clean up its threads before quitting instead.\nThe main thread is: main (RUNNABLE)\n Thread stacktrace: java.base/java.lang.Thread.getStackTrace(Thread.java:1610)\n        at io.airbyte.integrations.base.IntegrationRunner.dumpThread(IntegrationRunner.java:306)\n        at io.airbyte.integrations.base.IntegrationRunner.watchForOrphanThreads(IntegrationRunner.java:253)\n        at io.airbyte.integrations.base.IntegrationRunner.produceMessages(IntegrationRunner.java:190)\n        at io.airbyte.integrations.base.IntegrationRunner.runInternal(IntegrationRunner.java:142)\n        at io.airbyte.integrations.base.IntegrationRunner.run(IntegrationRunner.java:101)\n        at io.airbyte.integrations.source.postgres.PostgresSource.main(PostgresSource.java:508)"}}
{"type":"LOG","log":{"level":"WARN","message":"WARN i.a.w.i.DefaultAirbyteStreamFactory(internalLog):156 WARN i.a.i.b.IntegrationRunner(watchForOrphanThreads):261 Active non-daemon thread: pool-2-thread-1 (TIMED_WAITING)\n Thread stacktrace: java.base@17.0.4.1/jdk.internal.misc.Unsafe.park(Native Method)\n        at java.base@17.0.4.1/java.util.concurrent.locks.LockSupport.parkNanos(LockSupport.java:252)\n        at java.base@17.0.4.1/java.util.concurrent.SynchronousQueue$TransferStack.transfer(SynchronousQueue.java:401)\n        at java.base@17.0.4.1/java.util.concurrent.SynchronousQueue.poll(SynchronousQueue.java:903)\n        at java.base@17.0.4.1/java.util.concurrent.ThreadPoolExecutor.getTask(ThreadPoolExecutor.java:1061)\n        at java.base@17.0.4.1/java.util.concurrent.ThreadPoolExecutor.runWorker(ThreadPoolExecutor.java:1122)\n        at java.base@17.0.4.1/java.util.concurrent.ThreadPoolExecutor$Worker.run(ThreadPoolExecutor.java:635)\n        at java.base@17.0.4.1/java.lang.Thread.run(Thread.java:833)"}}
{"type":"LOG","log":{"level":"WARN","message":"WARN i.a.w.i.DefaultAirbyteStreamFactory(internalLog):156 WARN i.a.i.b.IntegrationRunner(watchForOrphanThreads):261 Active non-daemon thread: NioSocketAcceptor-2 (RUNNABLE)\n Thread stacktrace: java.base@17.0.4.1/sun.nio.ch.EPoll.wait(Native Method)\n        at java.base@17.0.4.1/sun.nio.ch.EPollSelectorImpl.doSelect(EPollSelectorImpl.java:118)\n        at java.base@17.0.4.1/sun.nio.ch.SelectorImpl.lockAndDoSelect(SelectorImpl.java:129)\n        at java.base@17.0.4.1/sun.nio.ch.SelectorImpl.select(SelectorImpl.java:146)\n        at app//org.apache.mina.transport.socket.nio.NioSocketAcceptor.select(NioSocketAcceptor.java:299)\n        at app//org.apache.mina.core.polling.AbstractPollingIoAcceptor$Acceptor.run(AbstractPollingIoAcceptor.java:466)\n        at app//org.apache.mina.util.NamePreservingRunnable.run(NamePreservingRunnable.java:64)\n        at java.base@17.0.4.1/java.util.concurrent.ThreadPoolExecutor.runWorker(ThreadPoolExecutor.java:1136)\n        at java.base@17.0.4.1/java.util.concurrent.ThreadPoolExecutor$Worker.run(ThreadPoolExecutor.java:635)\n        at java.base@17.0.4.1/java.lang.Thread.run(Thread.java:833)"}}
{"type":"LOG","log":{"level":"INFO","message":"INFO i.a.w.i.DefaultAirbyteStreamFactory(internalLog):159 INFO i.a.i.s.r.AbstractDbSource(lambda$read$1):173 Closing database connection pool."}}
{"type":"LOG","log":{"level":"INFO","message":"INFO i.a.w.i.DefaultAirbyteStreamFactory(internalLog):159 INFO c.z.h.HikariDataSource(close):350 HikariPool-1 - Shutdown initiated..."}}
{"type":"LOG","log":{"level":"INFO","message":"INFO i.a.w.i.DefaultAirbyteStreamFactory(internalLog):159 INFO c.z.h.HikariDataSource(close):352 HikariPool-1 - Shutdown completed."}}
{"type":"LOG","log":{"level":"INFO","message":"INFO i.a.w.i.DefaultAirbyteStreamFactory(internalLog):159 INFO i.a.i.s.r.AbstractDbSource(lambda$read$1):175 Closed database connection pool."}}
{"type":"LOG","log":{"level":"INFO","message":"INFO i.a.w.i.DefaultAirbyteStreamFactory(internalLog):159 INFO i.a.i.b.IntegrationRunner(runInternal):186 Completed integration: io.airbyte.integrations.base.ssh.SshWrappedSource"}}
{"type":"LOG","log":{"level":"INFO","message":"INFO i.a.w.i.DefaultAirbyteStreamFactory(internalLog):159 INFO i.a.i.s.p.PostgresSource(main):509 completed source: class io.airbyte.integrations.source.postgres.PostgresSource"}}
{"type":"LOG","log":{"level":"INFO","message":"INFO o.t.i.b.ImageFromDockerfile(resolve):151 Transferred 791 bytes to Docker daemon"}}
{"type":"LOG","log":{"level":"INFO","message":"INFO o.t.c.GenericContainer(tryStart):376 Creating container for image: bastion-test:latest"}}
{"type":"LOG","log":{"level":"INFO","message":"INFO o.t.c.GenericContainer(tryStart):440 Container bastion-test:latest is starting: e8743d598c447161500586e54d9ca4da47bf697151df10e0366c457e14b9d1e8"}}
{"type":"LOG","log":{"level":"INFO","message":"INFO o.t.c.GenericContainer(tryStart):520 Container bastion-test:latest started in PT4.429141S"}}
{"type":"LOG","log":{"level":"INFO","message":"INFO o.t.c.GenericContainer(tryStart):376 Creating container for image: postgres:13-alpine"}}
{"type":"LOG","log":{"level":"INFO","message":"INFO o.t.c.GenericContainer(tryStart):440 Container postgres:13-alpine is starting: f4e8a721f928bffec593608656249e71af0422fb3da88082234fec25b767cfeb"}}
{"type":"LOG","log":{"level":"INFO","message":"INFO o.t.c.GenericContainer(tryStart):520 Container postgres:13-alpine started in PT21.209761S"}}
{"type":"LOG","log":{"level":"INFO","message":"INFO i.a.i.b.s.SshTunnel(getInstance):204 Starting connection with method: SSH_KEY_AUTH"}}
{"type":"LOG","log":{"level":"WARN","message":"WARN o.a.s.c.k.StaticServerKeyVerifier(handleAcceptance):59 Server at localhost/127.0.0.1:57969 presented unverified EC key: SHA256:1JrQOUxCEJh3WUBwIyNtklpQUuj6aeTfYEREmv5CIUo"}}
{"type":"LOG","log":{"level":"INFO","message":"INFO i.a.i.b.s.SshTunnel(openTunnel):367 Established tunneling session to 172.28.0.3:5432. Port forwarding started on /127.0.0.1:57994 "}}
{"type":"LOG","log":{"level":"INFO","message":"INFO c.z.h.HikariDataSource(<init>):80 HikariPool-4 - Starting..."}}
{"type":"LOG","log":{"level":"INFO","message":"INFO c.z.h.HikariDataSource(<init>):82 HikariPool-4 - Start completed."}}
{"type":"LOG","log":{"level":"INFO","message":"INFO i.a.i.s.s.TestEnvConfigs(getEnvOrDefault):119 Using default value for environment variable WORKER_ENVIRONMENT: 'DOCKER'"}}
{"type":"LOG","log":{"level":"INFO","message":"INFO i.a.i.s.s.TestEnvConfigs(getEnvOrDefault):119 Using default value for environment variable DEPLOYMENT_MODE: 'OSS'"}}
{"type":"LOG","log":{"level":"INFO","message":"INFO i.a.c.i.LineGobbler(voidCall):114 Checking if airbyte/source-postgres:dev exists..."}}
{"type":"LOG","log":{"level":"INFO","message":"INFO i.a.c.i.LineGobbler(voidCall):114 airbyte/source-postgres:dev was found locally."}}
{"type":"LOG","log":{"level":"INFO","message":"INFO i.a.w.p.DockerProcessFactory(create):126 Creating docker container = source-postgres-read-0-0-bjzew with resources null and allowedHosts null"}}
[...]
{"type":"LOG","log":{"level":"INFO","message":"INFO o.t.c.GenericContainer(tryStart):520 Container bastion-test:latest started in PT6.444333S"}}
{"type":"LOG","log":{"level":"INFO","message":"INFO o.t.c.GenericContainer(tryStart):376 Creating container for image: postgres:13-alpine"}}
{"type":"LOG","log":{"level":"INFO","message":"INFO o.t.c.GenericContainer(tryStart):440 Container postgres:13-alpine is starting: cb211db1754d402f5d944d3a78f8fc1d4f2983874c931d89ba74800d667a8b95"}}
{"type":"LOG","log":{"level":"INFO","message":"INFO o.t.c.GenericContainer(tryStart):520 Container postgres:13-alpine started in PT7.60077S"}}
{"type":"LOG","log":{"level":"INFO","message":"INFO i.a.i.b.s.SshTunnel(getInstance):204 Starting connection with method: SSH_KEY_AUTH"}}
{"type":"LOG","log":{"level":"WARN","message":"WARN o.a.s.c.k.StaticServerKeyVerifier(handleAcceptance):59 Server at localhost/127.0.0.1:58545 presented unverified EC key: SHA256:1JrQOUxCEJh3WUBwIyNtklpQUuj6aeTfYEREmv5CIUo"}}
{"type":"LOG","log":{"level":"INFO","message":"INFO i.a.i.b.s.SshTunnel(openTunnel):367 Established tunneling session to 172.28.0.3:5432. Port forwarding started on /127.0.0.1:58571 "}}
{"type":"LOG","log":{"level":"INFO","message":"INFO c.z.h.HikariDataSource(<init>):80 HikariPool-7 - Starting..."}}
{"type":"LOG","log":{"level":"INFO","message":"INFO c.z.h.HikariDataSource(<init>):82 HikariPool-7 - Start completed."}}
{"type":"LOG","log":{"level":"INFO","message":"INFO i.a.i.s.s.TestEnvConfigs(getEnvOrDefault):119 Using default value for environment variable WORKER_ENVIRONMENT: 'DOCKER'"}}
{"type":"LOG","log":{"level":"INFO","message":"INFO i.a.i.s.s.TestEnvConfigs(getEnvOrDefault):119 Using default value for environment variable DEPLOYMENT_MODE: 'OSS'"}}
{"type":"LOG","log":{"level":"INFO","message":"INFO i.a.c.i.LineGobbler(voidCall):114 "}}
{"type":"LOG","log":{"level":"INFO","message":"INFO i.a.c.i.LineGobbler(voidCall):114 ----- START CHECK -----"}}
{"type":"LOG","log":{"level":"INFO","message":"INFO i.a.c.i.LineGobbler(voidCall):114 "}}
{"type":"LOG","log":{"level":"INFO","message":"INFO i.a.c.i.LineGobbler(voidCall):114 Checking if airbyte/source-postgres:dev exists..."}}
{"type":"LOG","log":{"level":"INFO","message":"INFO i.a.c.i.LineGobbler(voidCall):114 airbyte/source-postgres:dev was found locally."}}
{"type":"LOG","log":{"level":"INFO","message":"INFO i.a.w.p.DockerProcessFactory(create):126 Creating docker container = source-postgres-check-0-0-zwvnf with resources null and allowedHosts null"}}
{"type":"LOG","log":{"level":"INFO","message":"INFO i.a.w.p.DockerProcessFactory(create):171 Preparing command: docker run --rm --init -i -w /data/job --log-driver none --name source-postgres-check-0-0-zwvnf --network host -v /tmp/airbyte_tests/test513048111749638094:/data -v /tmp/airbyte_tests/output12795593240851734217:/local -e DEPLOYMENT_MODE=OSS -e USE_STREAM_CAPABLE_STATE=true -e FIELD_SELECTION_WORKSPACES= -e WORKER_ENVIRONMENT=DOCKER -e AIRBYTE_ROLE= -e APPLY_FIELD_SELECTION=false -e WORKER_CONNECTOR_IMAGE=airbyte/source-postgres:dev -e WORKER_JOB_ATTEMPT=0 -e AUTO_DETECT_SCHEMA=true -e AIRBYTE_VERSION= -e WORKER_JOB_ID=0 airbyte/source-postgres:dev check --config source_config.json"}}
{"type":"LOG","log":{"level":"INFO","message":"INFO i.a.w.i.DefaultAirbyteStreamFactory(internalLog):159 INFO i.a.i.s.p.PostgresSource(main):507 starting source: class io.airbyte.integrations.source.postgres.PostgresSource"}}
{"type":"LOG","log":{"level":"INFO","message":"INFO i.a.w.i.DefaultAirbyteStreamFactory(internalLog):159 INFO i.a.i.b.IntegrationCliParser(parseOptions):126 integration args: {check=null, config=source_config.json}"}}
{"type":"LOG","log":{"level":"INFO","message":"INFO i.a.w.i.DefaultAirbyteStreamFactory(internalLog):159 INFO i.a.i.b.IntegrationRunner(runInternal):108 Running integration: io.airbyte.integrations.base.ssh.SshWrappedSource"}}
{"type":"LOG","log":{"level":"INFO","message":"INFO i.a.w.i.DefaultAirbyteStreamFactory(internalLog):159 INFO i.a.i.b.IntegrationRunner(runInternal):109 Command: CHECK"}}
{"type":"LOG","log":{"level":"INFO","message":"INFO i.a.w.i.DefaultAirbyteStreamFactory(internalLog):159 INFO i.a.i.b.IntegrationRunner(runInternal):110 Integration config: IntegrationConfig{command=CHECK, configPath='source_config.json', catalogPath='null', statePath='null'}"}}
{"type":"LOG","log":{"level":"WARN","message":"WARN i.a.w.i.DefaultAirbyteStreamFactory(internalLog):156 WARN c.n.s.JsonMetaSchema(newValidator):278 Unknown keyword groups - you should define your own Meta Schema. If the keyword is irrelevant for validation, just use a NonValidationKeyword"}}
{"type":"LOG","log":{"level":"WARN","message":"WARN i.a.w.i.DefaultAirbyteStreamFactory(internalLog):156 WARN c.n.s.JsonMetaSchema(newValidator):278 Unknown keyword order - you should define your own Meta Schema. If the keyword is irrelevant for validation, just use a NonValidationKeyword"}}
{"type":"LOG","log":{"level":"WARN","message":"WARN i.a.w.i.DefaultAirbyteStreamFactory(internalLog):156 WARN c.n.s.JsonMetaSchema(newValidator):278 Unknown keyword group - you should define your own Meta Schema. If the keyword is irrelevant for validation, just use a NonValidationKeyword"}}
{"type":"LOG","log":{"level":"WARN","message":"WARN i.a.w.i.DefaultAirbyteStreamFactory(internalLog):156 WARN c.n.s.JsonMetaSchema(newValidator):278 Unknown keyword airbyte_secret - you should define your own Meta Schema. If the keyword is irrelevant for validation, just use a NonValidationKeyword"}}
{"type":"LOG","log":{"level":"WARN","message":"WARN i.a.w.i.DefaultAirbyteStreamFactory(internalLog):156 WARN c.n.s.JsonMetaSchema(newValidator):278 Unknown keyword always_show - you should define your own Meta Schema. If the keyword is irrelevant for validation, just use a NonValidationKeyword"}}
{"type":"LOG","log":{"level":"WARN","message":"WARN i.a.w.i.DefaultAirbyteStreamFactory(internalLog):156 WARN c.n.s.JsonMetaSchema(newValidator):278 Unknown keyword multiline - you should define your own Meta Schema. If the keyword is irrelevant for validation, just use a NonValidationKeyword"}}
{"type":"LOG","log":{"level":"INFO","message":"INFO i.a.w.i.DefaultAirbyteStreamFactory(internalLog):159 INFO i.a.i.b.s.SshTunnel(getInstance):204 Starting connection with method: SSH_KEY_AUTH"}}
{"type":"LOG","log":{"level":"INFO","message":"INFO i.a.w.i.DefaultAirbyteStreamFactory(internalLog):159 INFO o.a.s.c.u.s.AbstractSecurityProviderRegistrar(getOrCreateProvider):112 getOrCreateProvider(EdDSA) created instance of net.i2p.crypto.eddsa.EdDSASecurityProvider"}}
{"type":"LOG","log":{"level":"INFO","message":"INFO i.a.w.i.DefaultAirbyteStreamFactory(internalLog):159 INFO o.a.s.c.i.DefaultIoServiceFactoryFactory(getIoServiceProvider):71 Using MinaServiceFactoryFactory"}}
{"type":"LOG","log":{"level":"WARN","message":"WARN i.a.w.i.DefaultAirbyteStreamFactory(internalLog):156 WARN o.a.s.c.k.StaticServerKeyVerifier(handleAcceptance):59 Server at /172.28.0.2:22 presented unverified EC key: SHA256:1JrQOUxCEJh3WUBwIyNtklpQUuj6aeTfYEREmv5CIUo"}}
{"type":"LOG","log":{"level":"INFO","message":"INFO i.a.w.i.DefaultAirbyteStreamFactory(internalLog):159 INFO i.a.i.b.s.SshTunnel(openTunnel):367 Established tunneling session to 172.28.0.3:5432. Port forwarding started on /127.0.0.1:59275 "}}
{"type":"LOG","log":{"level":"INFO","message":"INFO i.a.w.i.DefaultAirbyteStreamFactory(internalLog):159 INFO i.a.i.s.p.PostgresUtils(isCdc):53 using CDC: false"}}
{"type":"LOG","log":{"level":"INFO","message":"INFO i.a.w.i.DefaultAirbyteStreamFactory(internalLog):159 INFO c.z.h.HikariDataSource(<init>):80 HikariPool-1 - Starting..."}}
{"type":"LOG","log":{"level":"INFO","message":"INFO i.a.w.i.DefaultAirbyteStreamFactory(internalLog):159 INFO c.z.h.HikariDataSource(<init>):82 HikariPool-1 - Start completed."}}
{"type":"LOG","log":{"level":"INFO","message":"INFO i.a.w.i.DefaultAirbyteStreamFactory(internalLog):159 INFO i.a.i.s.p.PostgresUtils(isCdc):53 using CDC: false"}}
{"type":"LOG","log":{"level":"INFO","message":"INFO i.a.w.i.DefaultAirbyteStreamFactory(internalLog):159 INFO i.a.i.s.p.PostgresUtils(isCdc):53 using CDC: false"}}
{"type":"LOG","log":{"level":"INFO","message":"INFO i.a.w.i.DefaultAirbyteStreamFactory(internalLog):159 INFO i.a.i.s.j.AbstractJdbcSource(lambda$getCheckOperations$1):138 Attempting to get metadata from the database to see if we can connect."}}
{"type":"LOG","log":{"level":"INFO","message":"INFO i.a.w.i.DefaultAirbyteStreamFactory(internalLog):159 INFO c.z.h.HikariDataSource(close):350 HikariPool-1 - Shutdown initiated..."}}
{"type":"LOG","log":{"level":"INFO","message":"INFO i.a.w.i.DefaultAirbyteStreamFactory(internalLog):159 INFO c.z.h.HikariDataSource(close):352 HikariPool-1 - Shutdown completed."}}
{"type":"LOG","log":{"level":"INFO","message":"INFO i.a.w.i.DefaultAirbyteStreamFactory(internalLog):159 INFO i.a.i.b.IntegrationRunner(runInternal):186 Completed integration: io.airbyte.integrations.base.ssh.SshWrappedSource"}}
{"type":"LOG","log":{"level":"INFO","message":"INFO i.a.w.i.DefaultAirbyteStreamFactory(internalLog):159 INFO i.a.i.s.p.PostgresSource(main):509 completed source: class io.airbyte.integrations.source.postgres.PostgresSource"}}
{"type":"LOG","log":{"level":"INFO","message":"INFO i.a.w.g.DefaultCheckConnectionTestHarness(run):107 Check connection job received output: io.airbyte.configoss.StandardCheckConnectionOutput@243deeda[status=succeeded,message=<null>]"}}
{"type":"LOG","log":{"level":"INFO","message":"INFO i.a.c.i.LineGobbler(voidCall):114 "}}
{"type":"LOG","log":{"level":"INFO","message":"INFO i.a.c.i.LineGobbler(voidCall):114 ----- END CHECK -----"}}
{"type":"LOG","log":{"level":"INFO","message":"INFO i.a.c.i.LineGobbler(voidCall):114 "}}
{"type":"LOG","log":{"level":"INFO","message":"INFO o.t.i.b.ImageFromDockerfile(resolve):151 Transferred 791 bytes to Docker daemon"}}
{"type":"LOG","log":{"level":"INFO","message":"INFO o.t.c.GenericContainer(tryStart):376 Creating container for image: bastion-test:latest"}}
{"type":"LOG","log":{"level":"INFO","message":"INFO o.t.c.GenericContainer(tryStart):440 Container bastion-test:latest is starting: ffc1bd8dfdc46257ed00a6f03eae66e9fe59acda7999e3e000c13c29370ea030"}}
{"type":"LOG","log":{"level":"INFO","message":"INFO o.t.c.GenericContainer(tryStart):520 Container bastion-test:latest started in PT7.110506S"}}
{"type":"LOG","log":{"level":"INFO","message":"INFO o.t.c.GenericContainer(tryStart):376 Creating container for image: postgres:13-alpine"}}
{"type":"LOG","log":{"level":"INFO","message":"INFO o.t.c.GenericContainer(tryStart):440 Container postgres:13-alpine is starting: 32703ed24c80f0997014344da9f8d06846ac4d6c7898265c1875d12b2f1db985"}}
{"type":"LOG","log":{"level":"INFO","message":"INFO o.t.c.GenericContainer(tryStart):520 Container postgres:13-alpine started in PT32.158171S"}}
{"type":"LOG","log":{"level":"INFO","message":"INFO i.a.i.b.s.SshTunnel(getInstance):204 Starting connection with method: SSH_KEY_AUTH"}}
{"type":"LOG","log":{"level":"WARN","message":"WARN o.a.s.c.k.StaticServerKeyVerifier(handleAcceptance):59 Server at localhost/127.0.0.1:58629 presented unverified EC key: SHA256:1JrQOUxCEJh3WUBwIyNtklpQUuj6aeTfYEREmv5CIUo"}}
{"type":"LOG","log":{"level":"INFO","message":"INFO i.a.i.b.s.SshTunnel(openTunnel):367 Established tunneling session to 172.28.0.3:5432. Port forwarding started on /127.0.0.1:58662 "}}
{"type":"LOG","log":{"level":"INFO","message":"INFO c.z.h.HikariDataSource(<init>):80 HikariPool-8 - Starting..."}}
{"type":"LOG","log":{"level":"INFO","message":"INFO c.z.h.HikariDataSource(<init>):82 HikariPool-8 - Start completed."}}
{"type":"LOG","log":{"level":"INFO","message":"INFO i.a.i.s.s.TestEnvConfigs(getEnvOrDefault):119 Using default value for environment variable WORKER_ENVIRONMENT: 'DOCKER'"}}
{"type":"LOG","log":{"level":"INFO","message":"INFO i.a.i.s.s.TestEnvConfigs(getEnvOrDefault):119 Using default value for environment variable DEPLOYMENT_MODE: 'OSS'"}}
{"type":"LOG","log":{"level":"INFO","message":"INFO i.a.c.i.LineGobbler(voidCall):114 Checking if airbyte/source-postgres:dev exists..."}}
{"type":"LOG","log":{"level":"INFO","message":"INFO i.a.c.i.LineGobbler(voidCall):114 airbyte/source-postgres:dev was found locally."}}
{"type":"LOG","log":{"level":"INFO","message":"INFO i.a.w.p.DockerProcessFactory(create):126 Creating docker container = source-postgres-discover-0-0-lxegp with resources null and allowedHosts null"}}
{"type":"LOG","log":{"level":"INFO","message":"INFO i.a.w.p.DockerProcessFactory(create):171 Preparing command: docker run --rm --init -i -w /data/job --log-driver none --name source-postgres-discover-0-0-lxegp --network host -v /tmp/airbyte_tests/test17028921958958483401:/data -v /tmp/airbyte_tests/output16410644625055546797:/local -e DEPLOYMENT_MODE=OSS -e USE_STREAM_CAPABLE_STATE=true -e FIELD_SELECTION_WORKSPACES= -e WORKER_ENVIRONMENT=DOCKER -e AIRBYTE_ROLE= -e APPLY_FIELD_SELECTION=false -e WORKER_CONNECTOR_IMAGE=airbyte/source-postgres:dev -e WORKER_JOB_ATTEMPT=0 -e AUTO_DETECT_SCHEMA=true -e AIRBYTE_VERSION= -e WORKER_JOB_ID=0 airbyte/source-postgres:dev discover --config source_config.json"}}
{"type":"LOG","log":{"level":"INFO","message":"INFO i.a.w.i.DefaultAirbyteStreamFactory(internalLog):159 INFO i.a.i.s.p.PostgresSource(main):507 starting source: class io.airbyte.integrations.source.postgres.PostgresSource"}}
{"type":"LOG","log":{"level":"INFO","message":"INFO i.a.w.i.DefaultAirbyteStreamFactory(internalLog):159 INFO i.a.i.b.IntegrationCliParser(parseOptions):126 integration args: {discover=null, config=source_config.json}"}}
{"type":"LOG","log":{"level":"INFO","message":"INFO i.a.w.i.DefaultAirbyteStreamFactory(internalLog):159 INFO i.a.i.b.IntegrationRunner(runInternal):108 Running integration: io.airbyte.integrations.base.ssh.SshWrappedSource"}}
{"type":"LOG","log":{"level":"INFO","message":"INFO i.a.w.i.DefaultAirbyteStreamFactory(internalLog):159 INFO i.a.i.b.IntegrationRunner(runInternal):109 Command: DISCOVER"}}
{"type":"LOG","log":{"level":"INFO","message":"INFO i.a.w.i.DefaultAirbyteStreamFactory(internalLog):159 INFO i.a.i.b.IntegrationRunner(runInternal):110 Integration config: IntegrationConfig{command=DISCOVER, configPath='source_config.json', catalogPath='null', statePath='null'}"}}
{"type":"LOG","log":{"level":"WARN","message":"WARN i.a.w.i.DefaultAirbyteStreamFactory(internalLog):156 WARN c.n.s.JsonMetaSchema(newValidator):278 Unknown keyword groups - you should define your own Meta Schema. If the keyword is irrelevant for validation, just use a NonValidationKeyword"}}
{"type":"LOG","log":{"level":"WARN","message":"WARN i.a.w.i.DefaultAirbyteStreamFactory(internalLog):156 WARN c.n.s.JsonMetaSchema(newValidator):278 Unknown keyword order - you should define your own Meta Schema. If the keyword is irrelevant for validation, just use a NonValidationKeyword"}}
{"type":"LOG","log":{"level":"WARN","message":"WARN i.a.w.i.DefaultAirbyteStreamFactory(internalLog):156 WARN c.n.s.JsonMetaSchema(newValidator):278 Unknown keyword group - you should define your own Meta Schema. If the keyword is irrelevant for validation, just use a NonValidationKeyword"}}
{"type":"LOG","log":{"level":"WARN","message":"WARN i.a.w.i.DefaultAirbyteStreamFactory(internalLog):156 WARN c.n.s.JsonMetaSchema(newValidator):278 Unknown keyword airbyte_secret - you should define your own Meta Schema. If the keyword is irrelevant for validation, just use a NonValidationKeyword"}}
{"type":"LOG","log":{"level":"WARN","message":"WARN i.a.w.i.DefaultAirbyteStreamFactory(internalLog):156 WARN c.n.s.JsonMetaSchema(newValidator):278 Unknown keyword always_show - you should define your own Meta Schema. If the keyword is irrelevant for validation, just use a NonValidationKeyword"}}
{"type":"LOG","log":{"level":"WARN","message":"WARN i.a.w.i.DefaultAirbyteStreamFactory(internalLog):156 WARN c.n.s.JsonMetaSchema(newValidator):278 Unknown keyword multiline - you should define your own Meta Schema. If the keyword is irrelevant for validation, just use a NonValidationKeyword"}}
{"type":"LOG","log":{"level":"INFO","message":"INFO i.a.w.i.DefaultAirbyteStreamFactory(internalLog):159 INFO i.a.i.b.s.SshTunnel(getInstance):204 Starting connection with method: SSH_KEY_AUTH"}}
{"type":"LOG","log":{"level":"INFO","message":"INFO i.a.w.i.DefaultAirbyteStreamFactory(internalLog):159 INFO o.a.s.c.u.s.AbstractSecurityProviderRegistrar(getOrCreateProvider):112 getOrCreateProvider(EdDSA) created instance of net.i2p.crypto.eddsa.EdDSASecurityProvider"}}
{"type":"LOG","log":{"level":"INFO","message":"INFO i.a.w.i.DefaultAirbyteStreamFactory(internalLog):159 INFO o.a.s.c.i.DefaultIoServiceFactoryFactory(getIoServiceProvider):71 Using MinaServiceFactoryFactory"}}
{"type":"LOG","log":{"level":"WARN","message":"WARN i.a.w.i.DefaultAirbyteStreamFactory(internalLog):156 WARN o.a.s.c.k.StaticServerKeyVerifier(handleAcceptance):59 Server at /172.28.0.2:22 presented unverified EC key: SHA256:1JrQOUxCEJh3WUBwIyNtklpQUuj6aeTfYEREmv5CIUo"}}
{"type":"LOG","log":{"level":"INFO","message":"INFO i.a.w.i.DefaultAirbyteStreamFactory(internalLog):159 INFO i.a.i.b.s.SshTunnel(openTunnel):367 Established tunneling session to 172.28.0.3:5432. Port forwarding started on /127.0.0.1:59461 "}}
{"type":"LOG","log":{"level":"INFO","message":"INFO i.a.w.i.DefaultAirbyteStreamFactory(internalLog):159 INFO c.z.h.HikariDataSource(<init>):80 HikariPool-1 - Starting..."}}
{"type":"LOG","log":{"level":"INFO","message":"INFO i.a.w.i.DefaultAirbyteStreamFactory(internalLog):159 INFO c.z.h.HikariDataSource(<init>):82 HikariPool-1 - Start completed."}}
{"type":"LOG","log":{"level":"INFO","message":"INFO i.a.w.i.DefaultAirbyteStreamFactory(internalLog):159 INFO i.a.i.s.p.PostgresUtils(isCdc):53 using CDC: false"}}
{"type":"LOG","log":{"level":"INFO","message":"INFO i.a.w.i.DefaultAirbyteStreamFactory(internalLog):159 INFO i.a.i.s.j.AbstractJdbcSource(discoverInternal):166 Internal schemas to exclude: [catalog_history, information_schema, pg_catalog, pg_internal]"}}
{"type":"LOG","log":{"level":"INFO","message":"INFO i.a.w.i.DefaultAirbyteStreamFactory(internalLog):159 INFO i.a.d.j.s.AdaptiveStreamingQueryConfig(initialize):31 Set initial fetch size: 10 rows"}}
{"type":"LOG","log":{"level":"INFO","message":"INFO i.a.w.i.DefaultAirbyteStreamFactory(internalLog):159 INFO i.a.i.s.j.AbstractJdbcSource(discoverPrimaryKeys):266 Discover primary keys for tables: [id_and_name, starships]"}}
{"type":"LOG","log":{"level":"INFO","message":"INFO i.a.w.i.DefaultAirbyteStreamFactory(internalLog):159 INFO c.z.h.HikariDataSource(close):350 HikariPool-1 - Shutdown initiated..."}}
{"type":"LOG","log":{"level":"INFO","message":"INFO i.a.w.i.DefaultAirbyteStreamFactory(internalLog):159 INFO c.z.h.HikariDataSource(close):352 HikariPool-1 - Shutdown completed."}}
{"type":"LOG","log":{"level":"INFO","message":"INFO i.a.w.i.DefaultAirbyteStreamFactory(internalLog):159 INFO i.a.i.s.p.PostgresUtils(isCdc):53 using CDC: false"}}
{"type":"LOG","log":{"level":"WARN","message":"WARN i.a.w.i.DefaultAirbyteStreamFactory(internalLog):156 WARN o.a.s.c.u.l.LoggingUtils(warn):610 exceptionCaught(MinaSession[local=/127.0.0.1:59461, remote=/127.0.0.1:57644]) EOFException: Client session is closed/closing"}}
{"type":"LOG","log":{"level":"INFO","message":"INFO i.a.w.i.DefaultAirbyteStreamFactory(internalLog):159 INFO i.a.i.b.IntegrationRunner(runInternal):186 Completed integration: io.airbyte.integrations.base.ssh.SshWrappedSource"}}
{"type":"LOG","log":{"level":"INFO","message":"INFO i.a.w.i.DefaultAirbyteStreamFactory(internalLog):159 INFO i.a.i.s.p.PostgresSource(main):509 completed source: class io.airbyte.integrations.source.postgres.PostgresSource"}}
{"type":"LOG","log":{"level":"INFO","message":"INFO i.a.a.c.AirbyteApiClient(retryWithJitter):172 Attempt 0 to call to write discover schema result"}}
]]></system-out>
  <system-err><![CDATA[]]></system-err>
</testsuite>
