<?xml version="1.0" encoding="UTF-8"?>
<testsuite name="io.airbyte.integrations.io.airbyte.integration_tests.sources.CDCPostgresSourceFullCertificateSslAcceptanceTest" tests="10" skipped="0" failures="0" errors="0" timestamp="2023-05-20T14:34:02" hostname="MacBook-Pro-3" time="659.791">
  <properties/>
  <testcase name="testIdenticalFullRefreshes()" classname="io.airbyte.integrations.io.airbyte.integration_tests.sources.CDCPostgresSourceFullCertificateSslAcceptanceTest" time="130.17"/>
  <testcase name="testEntrypointEnvVar()" classname="io.airbyte.integrations.io.airbyte.integration_tests.sources.CDCPostgresSourceFullCertificateSslAcceptanceTest" time="42.461"/>
  <testcase name="testIncrementalSyncWithState()" classname="io.airbyte.integrations.io.airbyte.integration_tests.sources.CDCPostgresSourceFullCertificateSslAcceptanceTest" time="163.257"/>
  <testcase name="testEmptyStateIncrementalIdenticalToFullRefresh()" classname="io.airbyte.integrations.io.airbyte.integration_tests.sources.CDCPostgresSourceFullCertificateSslAcceptanceTest" time="116.638"/>
  <testcase name="testGetSpec()" classname="io.airbyte.integrations.io.airbyte.integration_tests.sources.CDCPostgresSourceFullCertificateSslAcceptanceTest" time="44.878"/>
  <testcase name="testFullRefreshRead()" classname="io.airbyte.integrations.io.airbyte.integration_tests.sources.CDCPostgresSourceFullCertificateSslAcceptanceTest" time="41.456"/>
  <testcase name="testCheckConnection()" classname="io.airbyte.integrations.io.airbyte.integration_tests.sources.CDCPostgresSourceFullCertificateSslAcceptanceTest" time="22.453"/>
  <testcase name="testDiscover()" classname="io.airbyte.integrations.io.airbyte.integration_tests.sources.CDCPostgresSourceFullCertificateSslAcceptanceTest" time="28.394"/>
  <testcase name="testFullRefreshReadSelectedColumns()" classname="io.airbyte.integrations.io.airbyte.integration_tests.sources.CDCPostgresSourceFullCertificateSslAcceptanceTest" time="29.831"/>
  <testcase name="testIncrementalReadSelectedColumns()" classname="io.airbyte.integrations.io.airbyte.integration_tests.sources.CDCPostgresSourceFullCertificateSslAcceptanceTest" time="40.238"/>
  <system-out><![CDATA[{"type":"LOG","log":{"level":"INFO","message":"INFO o.t.c.GenericContainer(tryStart):376 Creating container for image: postgres:bullseye"}}
{"type":"LOG","log":{"level":"INFO","message":"INFO o.t.c.GenericContainer(tryStart):440 Container postgres:bullseye is starting: 0462ce78d9c2d974b6a5188a25de1c454622243b8a63a54b183b3efdab77e295"}}
{"type":"LOG","log":{"level":"INFO","message":"INFO o.t.c.GenericContainer(tryStart):520 Container postgres:bullseye started in PT29.62436S"}}
{"type":"LOG","log":{"level":"INFO","message":"INFO c.z.h.HikariDataSource(<init>):80 HikariPool-9 - Starting..."}}
{"type":"LOG","log":{"level":"INFO","message":"INFO c.z.h.HikariDataSource(<init>):82 HikariPool-9 - Start completed."}}
{"type":"LOG","log":{"level":"INFO","message":"INFO i.a.i.s.s.TestEnvConfigs(getEnvOrDefault):119 Using default value for environment variable DEPLOYMENT_MODE: 'OSS'"}}
{"type":"LOG","log":{"level":"INFO","message":"INFO i.a.i.s.s.TestEnvConfigs(getEnvOrDefault):119 Using default value for environment variable WORKER_ENVIRONMENT: 'DOCKER'"}}
{"type":"LOG","log":{"level":"INFO","message":"INFO i.a.c.i.LineGobbler(voidCall):114 Checking if airbyte/source-postgres:dev exists..."}}
{"type":"LOG","log":{"level":"INFO","message":"INFO i.a.c.i.LineGobbler(voidCall):114 airbyte/source-postgres:dev was found locally."}}
{"type":"LOG","log":{"level":"INFO","message":"INFO i.a.w.p.DockerProcessFactory(create):126 Creating docker container = source-postgres-read-0-0-ixdqc with resources null and allowedHosts null"}}
{"type":"LOG","log":{"level":"INFO","message":"INFO i.a.w.p.DockerProcessFactory(create):171 Preparing command: docker run --rm --init -i -w /data/job --log-driver none --name source-postgres-read-0-0-ixdqc --network host -v /tmp/airbyte_tests/test2253465290324149871:/data -v /tmp/airbyte_tests/output11500957407086775703:/local -e DEPLOYMENT_MODE=OSS -e USE_STREAM_CAPABLE_STATE=false -e FIELD_SELECTION_WORKSPACES= -e AIRBYTE_ROLE= -e WORKER_ENVIRONMENT=DOCKER -e APPLY_FIELD_SELECTION=false -e WORKER_CONNECTOR_IMAGE=airbyte/source-postgres:dev -e WORKER_JOB_ATTEMPT=0 -e AUTO_DETECT_SCHEMA=true -e AIRBYTE_VERSION= -e WORKER_JOB_ID=0 airbyte/source-postgres:dev read --config source_config.json --catalog source_catalog.json"}}
{"type":"LOG","log":{"level":"INFO","message":"INFO i.a.w.i.DefaultAirbyteStreamFactory(internalLog):159 INFO i.a.i.s.p.PostgresSource(main):507 starting source: class io.airbyte.integrations.source.postgres.PostgresSource"}}
{"type":"LOG","log":{"level":"INFO","message":"INFO i.a.w.i.DefaultAirbyteStreamFactory(internalLog):159 INFO i.a.i.b.IntegrationCliParser(parseOptions):126 integration args: {read=null, catalog=source_catalog.json, config=source_config.json}"}}
{"type":"LOG","log":{"level":"INFO","message":"INFO i.a.w.i.DefaultAirbyteStreamFactory(internalLog):159 INFO i.a.i.b.IntegrationRunner(runInternal):108 Running integration: io.airbyte.integrations.base.ssh.SshWrappedSource"}}
{"type":"LOG","log":{"level":"INFO","message":"INFO i.a.w.i.DefaultAirbyteStreamFactory(internalLog):159 INFO i.a.i.b.IntegrationRunner(runInternal):109 Command: READ"}}
{"type":"LOG","log":{"level":"INFO","message":"INFO i.a.w.i.DefaultAirbyteStreamFactory(internalLog):159 INFO i.a.i.b.IntegrationRunner(runInternal):110 Integration config: IntegrationConfig{command=READ, configPath='source_config.json', catalogPath='source_catalog.json', statePath='null'}"}}
{"type":"LOG","log":{"level":"WARN","message":"WARN i.a.w.i.DefaultAirbyteStreamFactory(internalLog):156 WARN c.n.s.JsonMetaSchema(newValidator):278 Unknown keyword groups - you should define your own Meta Schema. If the keyword is irrelevant for validation, just use a NonValidationKeyword"}}
{"type":"LOG","log":{"level":"WARN","message":"WARN i.a.w.i.DefaultAirbyteStreamFactory(internalLog):156 WARN c.n.s.JsonMetaSchema(newValidator):278 Unknown keyword order - you should define your own Meta Schema. If the keyword is irrelevant for validation, just use a NonValidationKeyword"}}
{"type":"LOG","log":{"level":"WARN","message":"WARN i.a.w.i.DefaultAirbyteStreamFactory(internalLog):156 WARN c.n.s.JsonMetaSchema(newValidator):278 Unknown keyword group - you should define your own Meta Schema. If the keyword is irrelevant for validation, just use a NonValidationKeyword"}}
{"type":"LOG","log":{"level":"WARN","message":"WARN i.a.w.i.DefaultAirbyteStreamFactory(internalLog):156 WARN c.n.s.JsonMetaSchema(newValidator):278 Unknown keyword airbyte_secret - you should define your own Meta Schema. If the keyword is irrelevant for validation, just use a NonValidationKeyword"}}
{"type":"LOG","log":{"level":"WARN","message":"WARN i.a.w.i.DefaultAirbyteStreamFactory(internalLog):156 WARN c.n.s.JsonMetaSchema(newValidator):278 Unknown keyword always_show - you should define your own Meta Schema. If the keyword is irrelevant for validation, just use a NonValidationKeyword"}}
{"type":"LOG","log":{"level":"WARN","message":"WARN i.a.w.i.DefaultAirbyteStreamFactory(internalLog):156 WARN c.n.s.JsonMetaSchema(newValidator):278 Unknown keyword multiline - you should define your own Meta Schema. If the keyword is irrelevant for validation, just use a NonValidationKeyword"}}
{"type":"LOG","log":{"level":"WARN","message":"WARN i.a.w.i.DefaultAirbyteStreamFactory(internalLog):156 WARN c.n.s.JsonMetaSchema(newValidator):278 Unknown keyword min - you should define your own Meta Schema. If the keyword is irrelevant for validation, just use a NonValidationKeyword"}}
{"type":"LOG","log":{"level":"WARN","message":"WARN i.a.w.i.DefaultAirbyteStreamFactory(internalLog):156 WARN c.n.s.JsonMetaSchema(newValidator):278 Unknown keyword max - you should define your own Meta Schema. If the keyword is irrelevant for validation, just use a NonValidationKeyword"}}
{"type":"LOG","log":{"level":"INFO","message":"INFO i.a.w.i.DefaultAirbyteStreamFactory(internalLog):159 INFO i.a.i.b.s.SshTunnel(getInstance):204 Starting connection with method: NO_TUNNEL"}}
{"type":"LOG","log":{"level":"INFO","message":"INFO i.a.w.i.DefaultAirbyteStreamFactory(internalLog):159 INFO i.a.i.s.r.s.StateManagerFactory(createStateManager):48 Legacy state manager selected to manage state object with type LEGACY."}}
{"type":"LOG","log":{"level":"INFO","message":"INFO i.a.w.i.DefaultAirbyteStreamFactory(internalLog):159 INFO i.a.i.s.r.s.CursorManager(createCursorInfoForStream):182 No cursor field set in catalog but not present in state. Stream: public_id_and_name, New Cursor Field: null. Resetting cursor value"}}
{"type":"LOG","log":{"level":"INFO","message":"INFO i.a.w.i.DefaultAirbyteStreamFactory(internalLog):159 INFO i.a.i.s.r.s.CursorManager(createCursorInfoForStream):182 No cursor field set in catalog but not present in state. Stream: public_starships, New Cursor Field: null. Resetting cursor value"}}
{"type":"LOG","log":{"level":"INFO","message":"INFO i.a.w.i.DefaultAirbyteStreamFactory(internalLog):159 INFO i.a.i.s.r.CdcStateManager(<init>):29 Initialized CDC state with: null"}}
{"type":"LOG","log":{"level":"INFO","message":"INFO i.a.w.i.DefaultAirbyteStreamFactory(internalLog):159 INFO i.a.i.s.p.PostgresSource(toSslJdbcParamInternal):544 VERIFY_CA toSslJdbcParam verify-ca"}}
{"type":"LOG","log":{"level":"INFO","message":"INFO i.a.w.i.DefaultAirbyteStreamFactory(internalLog):159 INFO c.z.h.HikariDataSource(<init>):80 HikariPool-1 - Starting..."}}
{"type":"LOG","log":{"level":"INFO","message":"INFO i.a.w.i.DefaultAirbyteStreamFactory(internalLog):159 INFO c.z.h.HikariDataSource(<init>):82 HikariPool-1 - Start completed."}}
{"type":"LOG","log":{"level":"INFO","message":"INFO i.a.w.i.DefaultAirbyteStreamFactory(internalLog):159 INFO i.a.i.s.p.PostgresUtils(isCdc):53 using CDC: true"}}
{"type":"LOG","log":{"level":"INFO","message":"INFO i.a.w.i.DefaultAirbyteStreamFactory(internalLog):159 INFO i.a.d.j.s.AdaptiveStreamingQueryConfig(initialize):31 Set initial fetch size: 10 rows"}}
{"type":"LOG","log":{"level":"INFO","message":"INFO i.a.w.i.DefaultAirbyteStreamFactory(internalLog):159 INFO i.a.i.s.p.PostgresCdcCatalogHelper(getPublicizedTables):119 For CDC, only tables in publication publication will be included in the sync: [public.id_and_name, public.starships]"}}
{"type":"LOG","log":{"level":"INFO","message":"INFO i.a.w.i.DefaultAirbyteStreamFactory(internalLog):159 INFO i.a.i.s.j.AbstractJdbcSource(logPreSyncDebugData):450 Data source product recognized as PostgreSQL:15.3 (Debian 15.3-1.pgdg110+1)"}}
{"type":"LOG","log":{"level":"INFO","message":"INFO i.a.w.i.DefaultAirbyteStreamFactory(internalLog):159 INFO i.a.i.s.p.PostgresSource(logPreSyncDebugData):221 Discovering indexes for schema \"public\", table \"id_and_name\""}}
{"type":"LOG","log":{"level":"INFO","message":"INFO i.a.w.i.DefaultAirbyteStreamFactory(internalLog):159 INFO i.a.i.s.p.PostgresSource(logPreSyncDebugData):223 Index name: id_and_name_pkey, Column: id, Unique: true"}}
{"type":"LOG","log":{"level":"INFO","message":"INFO i.a.w.i.DefaultAirbyteStreamFactory(internalLog):159 INFO i.a.i.s.p.PostgresSource(logPreSyncDebugData):221 Discovering indexes for schema \"public\", table \"starships\""}}
{"type":"LOG","log":{"level":"INFO","message":"INFO i.a.w.i.DefaultAirbyteStreamFactory(internalLog):159 INFO i.a.i.s.p.PostgresSource(logPreSyncDebugData):223 Index name: starships_pkey, Column: id, Unique: true"}}
{"type":"LOG","log":{"level":"INFO","message":"INFO i.a.w.i.DefaultAirbyteStreamFactory(internalLog):159 INFO i.a.i.s.p.PostgresQueryUtils(logXminStatus):77 Xmin Status : {Number of wraparounds: 0, Xmin Transaction Value: 734, Xmin Raw Value: 734"}}
{"type":"LOG","log":{"level":"INFO","message":"INFO i.a.w.i.DefaultAirbyteStreamFactory(internalLog):159 INFO i.a.i.s.j.AbstractJdbcSource(discoverInternal):166 Internal schemas to exclude: [catalog_history, information_schema, pg_catalog, pg_internal]"}}
{"type":"LOG","log":{"level":"INFO","message":"INFO i.a.w.i.DefaultAirbyteStreamFactory(internalLog):159 INFO i.a.d.j.s.AdaptiveStreamingQueryConfig(initialize):31 Set initial fetch size: 10 rows"}}
{"type":"LOG","log":{"level":"INFO","message":"INFO i.a.w.i.DefaultAirbyteStreamFactory(internalLog):159 INFO i.a.i.s.p.PostgresUtils(isCdc):53 using CDC: true"}}
{"type":"LOG","log":{"level":"INFO","message":"INFO i.a.w.i.DefaultAirbyteStreamFactory(internalLog):159 INFO i.a.i.s.j.AbstractJdbcSource(queryTableFullRefresh):112 Queueing query for table: id_and_name"}}
{"type":"LOG","log":{"level":"INFO","message":"INFO i.a.w.i.DefaultAirbyteStreamFactory(internalLog):159 INFO i.a.i.s.j.AbstractJdbcSource(queryTableFullRefresh):112 Queueing query for table: starships"}}
{"type":"LOG","log":{"level":"INFO","message":"INFO i.a.w.i.DefaultAirbyteStreamFactory(internalLog):159 INFO i.a.i.s.r.RelationalDbQueryUtils(lambda$queryTable$0):73 Queueing query: SELECT \"id\",\"name\" FROM \"public\".\"id_and_name\""}}
{"type":"LOG","log":{"level":"INFO","message":"INFO i.a.w.i.DefaultAirbyteStreamFactory(internalLog):159 INFO i.a.d.j.s.AdaptiveStreamingQueryConfig(initialize):31 Set initial fetch size: 10 rows"}}
{"type":"LOG","log":{"level":"INFO","message":"INFO i.a.w.i.DefaultAirbyteStreamFactory(internalLog):159 INFO i.a.c.u.CompositeIterator(lambda$emitStartStreamStatus$1):155 STARTING -> public_id_and_name"}}
{"type":"LOG","log":{"level":"INFO","message":"INFO i.a.w.i.DefaultAirbyteStreamFactory(internalLog):159 INFO i.a.c.u.CompositeIterator(lambda$emitRunningStreamStatus$0):148 RUNNING -> public_id_and_name"}}
{"type":"LOG","log":{"level":"INFO","message":"INFO i.a.w.i.DefaultAirbyteStreamFactory(internalLog):159 INFO i.a.c.u.CompositeIterator(lambda$emitCompleteStreamStatus$2):162 COMPLETE -> public_id_and_name"}}
{"type":"LOG","log":{"level":"INFO","message":"INFO i.a.w.i.DefaultAirbyteStreamFactory(internalLog):159 INFO i.a.c.u.CompositeIterator(lambda$emitStartStreamStatus$1):155 STARTING -> public_starships"}}
{"type":"LOG","log":{"level":"INFO","message":"INFO i.a.w.i.DefaultAirbyteStreamFactory(internalLog):159 INFO i.a.i.s.r.RelationalDbQueryUtils(lambda$queryTable$0):73 Queueing query: SELECT \"id\",\"name\" FROM \"public\".\"starships\""}}
{"type":"LOG","log":{"level":"INFO","message":"INFO i.a.w.i.DefaultAirbyteStreamFactory(internalLog):159 INFO i.a.d.j.s.AdaptiveStreamingQueryConfig(initialize):31 Set initial fetch size: 10 rows"}}
{"type":"LOG","log":{"level":"INFO","message":"INFO i.a.w.i.DefaultAirbyteStreamFactory(internalLog):159 INFO i.a.c.u.CompositeIterator(lambda$emitRunningStreamStatus$0):148 RUNNING -> public_starships"}}
{"type":"LOG","log":{"level":"INFO","message":"INFO i.a.w.i.DefaultAirbyteStreamFactory(internalLog):159 INFO i.a.c.u.CompositeIterator(lambda$emitCompleteStreamStatus$2):162 COMPLETE -> public_starships"}}
{"type":"LOG","log":{"level":"INFO","message":"INFO i.a.w.i.DefaultAirbyteStreamFactory(internalLog):159 INFO i.a.i.s.r.AbstractDbSource(lambda$read$1):173 Closing database connection pool."}}
{"type":"LOG","log":{"level":"INFO","message":"INFO i.a.w.i.DefaultAirbyteStreamFactory(internalLog):159 INFO c.z.h.HikariDataSource(close):350 HikariPool-1 - Shutdown initiated..."}}
{"type":"LOG","log":{"level":"INFO","message":"INFO i.a.w.i.DefaultAirbyteStreamFactory(internalLog):159 INFO c.z.h.HikariDataSource(close):352 HikariPool-1 - Shutdown completed."}}
{"type":"LOG","log":{"level":"INFO","message":"INFO i.a.w.i.DefaultAirbyteStreamFactory(internalLog):159 INFO i.a.i.s.r.AbstractDbSource(lambda$read$1):175 Closed database connection pool."}}
{"type":"LOG","log":{"level":"INFO","message":"INFO i.a.w.i.DefaultAirbyteStreamFactory(internalLog):159 INFO i.a.i.b.IntegrationRunner(runInternal):186 Completed integration: io.airbyte.integrations.base.ssh.SshWrappedSource"}}
{"type":"LOG","log":{"level":"INFO","message":"INFO i.a.w.i.DefaultAirbyteStreamFactory(internalLog):159 INFO i.a.i.s.p.PostgresSource(main):509 completed source: class io.airbyte.integrations.source.postgres.PostgresSource"}}
{"type":"LOG","log":{"level":"INFO","message":"INFO i.a.c.i.LineGobbler(voidCall):114 Checking if airbyte/source-postgres:dev exists..."}}
{"type":"LOG","log":{"level":"INFO","message":"INFO i.a.c.i.LineGobbler(voidCall):114 airbyte/source-postgres:dev was found locally."}}
{"type":"LOG","log":{"level":"INFO","message":"INFO i.a.w.p.DockerProcessFactory(create):126 Creating docker container = source-postgres-read-0-0-uusyu with resources null and allowedHosts null"}}
{"type":"LOG","log":{"level":"INFO","message":"INFO i.a.w.p.DockerProcessFactory(create):171 Preparing command: docker run --rm --init -i -w /data/job --log-driver none --name source-postgres-read-0-0-uusyu --network host -v /tmp/airbyte_tests/test2253465290324149871:/data -v /tmp/airbyte_tests/output11500957407086775703:/local -e DEPLOYMENT_MODE=OSS -e USE_STREAM_CAPABLE_STATE=false -e FIELD_SELECTION_WORKSPACES= -e AIRBYTE_ROLE= -e WORKER_ENVIRONMENT=DOCKER -e APPLY_FIELD_SELECTION=false -e WORKER_CONNECTOR_IMAGE=airbyte/source-postgres:dev -e WORKER_JOB_ATTEMPT=0 -e AUTO_DETECT_SCHEMA=true -e AIRBYTE_VERSION= -e WORKER_JOB_ID=0 airbyte/source-postgres:dev read --config source_config.json --catalog source_catalog.json"}}
{"type":"LOG","log":{"level":"INFO","message":"INFO i.a.w.i.DefaultAirbyteStreamFactory(internalLog):159 INFO i.a.i.s.p.PostgresSource(main):507 starting source: class io.airbyte.integrations.source.postgres.PostgresSource"}}
{"type":"LOG","log":{"level":"INFO","message":"INFO i.a.w.i.DefaultAirbyteStreamFactory(internalLog):159 INFO i.a.i.b.IntegrationCliParser(parseOptions):126 integration args: {read=null, catalog=source_catalog.json, config=source_config.json}"}}
{"type":"LOG","log":{"level":"INFO","message":"INFO i.a.w.i.DefaultAirbyteStreamFactory(internalLog):159 INFO i.a.i.b.IntegrationRunner(runInternal):108 Running integration: io.airbyte.integrations.base.ssh.SshWrappedSource"}}
{"type":"LOG","log":{"level":"INFO","message":"INFO i.a.w.i.DefaultAirbyteStreamFactory(internalLog):159 INFO i.a.i.b.IntegrationRunner(runInternal):109 Command: READ"}}
{"type":"LOG","log":{"level":"INFO","message":"INFO i.a.w.i.DefaultAirbyteStreamFactory(internalLog):159 INFO i.a.i.b.IntegrationRunner(runInternal):110 Integration config: IntegrationConfig{command=READ, configPath='source_config.json', catalogPath='source_catalog.json', statePath='null'}"}}
{"type":"LOG","log":{"level":"WARN","message":"WARN i.a.w.i.DefaultAirbyteStreamFactory(internalLog):156 WARN c.n.s.JsonMetaSchema(newValidator):278 Unknown keyword groups - you should define your own Meta Schema. If the keyword is irrelevant for validation, just use a NonValidationKeyword"}}
{"type":"LOG","log":{"level":"WARN","message":"WARN i.a.w.i.DefaultAirbyteStreamFactory(internalLog):156 WARN c.n.s.JsonMetaSchema(newValidator):278 Unknown keyword order - you should define your own Meta Schema. If the keyword is irrelevant for validation, just use a NonValidationKeyword"}}
{"type":"LOG","log":{"level":"WARN","message":"WARN i.a.w.i.DefaultAirbyteStreamFactory(internalLog):156 WARN c.n.s.JsonMetaSchema(newValidator):278 Unknown keyword group - you should define your own Meta Schema. If the keyword is irrelevant for validation, just use a NonValidationKeyword"}}
{"type":"LOG","log":{"level":"WARN","message":"WARN i.a.w.i.DefaultAirbyteStreamFactory(internalLog):156 WARN c.n.s.JsonMetaSchema(newValidator):278 Unknown keyword airbyte_secret - you should define your own Meta Schema. If the keyword is irrelevant for validation, just use a NonValidationKeyword"}}
{"type":"LOG","log":{"level":"WARN","message":"WARN i.a.w.i.DefaultAirbyteStreamFactory(internalLog):156 WARN c.n.s.JsonMetaSchema(newValidator):278 Unknown keyword always_show - you should define your own Meta Schema. If the keyword is irrelevant for validation, just use a NonValidationKeyword"}}
{"type":"LOG","log":{"level":"WARN","message":"WARN i.a.w.i.DefaultAirbyteStreamFactory(internalLog):156 WARN c.n.s.JsonMetaSchema(newValidator):278 Unknown keyword multiline - you should define your own Meta Schema. If the keyword is irrelevant for validation, just use a NonValidationKeyword"}}
{"type":"LOG","log":{"level":"WARN","message":"WARN i.a.w.i.DefaultAirbyteStreamFactory(internalLog):156 WARN c.n.s.JsonMetaSchema(newValidator):278 Unknown keyword min - you should define your own Meta Schema. If the keyword is irrelevant for validation, just use a NonValidationKeyword"}}
{"type":"LOG","log":{"level":"WARN","message":"WARN i.a.w.i.DefaultAirbyteStreamFactory(internalLog):156 WARN c.n.s.JsonMetaSchema(newValidator):278 Unknown keyword max - you should define your own Meta Schema. If the keyword is irrelevant for validation, just use a NonValidationKeyword"}}
{"type":"LOG","log":{"level":"INFO","message":"INFO i.a.w.i.DefaultAirbyteStreamFactory(internalLog):159 INFO i.a.i.b.s.SshTunnel(getInstance):204 Starting connection with method: NO_TUNNEL"}}
{"type":"LOG","log":{"level":"INFO","message":"INFO i.a.w.i.DefaultAirbyteStreamFactory(internalLog):159 INFO i.a.i.s.r.s.StateManagerFactory(createStateManager):48 Legacy state manager selected to manage state object with type LEGACY."}}
{"type":"LOG","log":{"level":"INFO","message":"INFO i.a.w.i.DefaultAirbyteStreamFactory(internalLog):159 INFO i.a.i.s.r.s.CursorManager(createCursorInfoForStream):182 No cursor field set in catalog but not present in state. Stream: public_id_and_name, New Cursor Field: null. Resetting cursor value"}}
{"type":"LOG","log":{"level":"INFO","message":"INFO i.a.w.i.DefaultAirbyteStreamFactory(internalLog):159 INFO i.a.i.s.r.s.CursorManager(createCursorInfoForStream):182 No cursor field set in catalog but not present in state. Stream: public_starships, New Cursor Field: null. Resetting cursor value"}}
{"type":"LOG","log":{"level":"INFO","message":"INFO i.a.w.i.DefaultAirbyteStreamFactory(internalLog):159 INFO i.a.i.s.r.CdcStateManager(<init>):29 Initialized CDC state with: null"}}
{"type":"LOG","log":{"level":"INFO","message":"INFO i.a.w.i.DefaultAirbyteStreamFactory(internalLog):159 INFO i.a.i.s.p.PostgresSource(toSslJdbcParamInternal):544 VERIFY_CA toSslJdbcParam verify-ca"}}
{"type":"LOG","log":{"level":"INFO","message":"INFO i.a.w.i.DefaultAirbyteStreamFactory(internalLog):159 INFO c.z.h.HikariDataSource(<init>):80 HikariPool-1 - Starting..."}}
{"type":"LOG","log":{"level":"INFO","message":"INFO i.a.w.i.DefaultAirbyteStreamFactory(internalLog):159 INFO c.z.h.HikariDataSource(<init>):82 HikariPool-1 - Start completed."}}
{"type":"LOG","log":{"level":"INFO","message":"INFO i.a.w.i.DefaultAirbyteStreamFactory(internalLog):159 INFO i.a.i.s.p.PostgresUtils(isCdc):53 using CDC: true"}}
{"type":"LOG","log":{"level":"INFO","message":"INFO i.a.w.i.DefaultAirbyteStreamFactory(internalLog):159 INFO i.a.d.j.s.AdaptiveStreamingQueryConfig(initialize):31 Set initial fetch size: 10 rows"}}
{"type":"LOG","log":{"level":"INFO","message":"INFO i.a.w.i.DefaultAirbyteStreamFactory(internalLog):159 INFO i.a.i.s.p.PostgresCdcCatalogHelper(getPublicizedTables):119 For CDC, only tables in publication publication will be included in the sync: [public.id_and_name, public.starships]"}}
{"type":"LOG","log":{"level":"INFO","message":"INFO i.a.w.i.DefaultAirbyteStreamFactory(internalLog):159 INFO i.a.i.s.j.AbstractJdbcSource(logPreSyncDebugData):450 Data source product recognized as PostgreSQL:15.3 (Debian 15.3-1.pgdg110+1)"}}
{"type":"LOG","log":{"level":"INFO","message":"INFO i.a.w.i.DefaultAirbyteStreamFactory(internalLog):159 INFO i.a.i.s.p.PostgresSource(logPreSyncDebugData):221 Discovering indexes for schema \"public\", table \"id_and_name\""}}
{"type":"LOG","log":{"level":"INFO","message":"INFO i.a.w.i.DefaultAirbyteStreamFactory(internalLog):159 INFO i.a.i.s.p.PostgresSource(logPreSyncDebugData):223 Index name: id_and_name_pkey, Column: id, Unique: true"}}
{"type":"LOG","log":{"level":"INFO","message":"INFO i.a.w.i.DefaultAirbyteStreamFactory(internalLog):159 INFO i.a.i.s.p.PostgresSource(logPreSyncDebugData):221 Discovering indexes for schema \"public\", table \"starships\""}}
{"type":"LOG","log":{"level":"INFO","message":"INFO i.a.w.i.DefaultAirbyteStreamFactory(internalLog):159 INFO i.a.i.s.p.PostgresSource(logPreSyncDebugData):223 Index name: starships_pkey, Column: id, Unique: true"}}
{"type":"LOG","log":{"level":"INFO","message":"INFO i.a.w.i.DefaultAirbyteStreamFactory(internalLog):159 INFO i.a.i.s.p.PostgresQueryUtils(logXminStatus):77 Xmin Status : {Number of wraparounds: 0, Xmin Transaction Value: 742, Xmin Raw Value: 742"}}
{"type":"LOG","log":{"level":"INFO","message":"INFO i.a.w.i.DefaultAirbyteStreamFactory(internalLog):159 INFO i.a.i.s.j.AbstractJdbcSource(discoverInternal):166 Internal schemas to exclude: [catalog_history, information_schema, pg_catalog, pg_internal]"}}
{"type":"LOG","log":{"level":"INFO","message":"INFO i.a.w.i.DefaultAirbyteStreamFactory(internalLog):159 INFO i.a.d.j.s.AdaptiveStreamingQueryConfig(initialize):31 Set initial fetch size: 10 rows"}}
{"type":"LOG","log":{"level":"INFO","message":"INFO i.a.w.i.DefaultAirbyteStreamFactory(internalLog):159 INFO i.a.i.s.p.PostgresUtils(isCdc):53 using CDC: true"}}
{"type":"LOG","log":{"level":"INFO","message":"INFO i.a.w.i.DefaultAirbyteStreamFactory(internalLog):159 INFO i.a.i.s.j.AbstractJdbcSource(queryTableFullRefresh):112 Queueing query for table: id_and_name"}}
{"type":"LOG","log":{"level":"INFO","message":"INFO i.a.w.i.DefaultAirbyteStreamFactory(internalLog):159 INFO i.a.i.s.j.AbstractJdbcSource(queryTableFullRefresh):112 Queueing query for table: starships"}}
{"type":"LOG","log":{"level":"INFO","message":"INFO i.a.w.i.DefaultAirbyteStreamFactory(internalLog):159 INFO i.a.i.s.r.RelationalDbQueryUtils(lambda$queryTable$0):73 Queueing query: SELECT \"id\",\"name\" FROM \"public\".\"id_and_name\""}}
{"type":"LOG","log":{"level":"INFO","message":"INFO i.a.w.i.DefaultAirbyteStreamFactory(internalLog):159 INFO i.a.d.j.s.AdaptiveStreamingQueryConfig(initialize):31 Set initial fetch size: 10 rows"}}
{"type":"LOG","log":{"level":"INFO","message":"INFO i.a.w.i.DefaultAirbyteStreamFactory(internalLog):159 INFO i.a.c.u.CompositeIterator(lambda$emitStartStreamStatus$1):155 STARTING -> public_id_and_name"}}
{"type":"LOG","log":{"level":"INFO","message":"INFO i.a.w.i.DefaultAirbyteStreamFactory(internalLog):159 INFO i.a.c.u.CompositeIterator(lambda$emitRunningStreamStatus$0):148 RUNNING -> public_id_and_name"}}
{"type":"LOG","log":{"level":"INFO","message":"INFO i.a.w.i.DefaultAirbyteStreamFactory(internalLog):159 INFO i.a.c.u.CompositeIterator(lambda$emitCompleteStreamStatus$2):162 COMPLETE -> public_id_and_name"}}
{"type":"LOG","log":{"level":"INFO","message":"INFO i.a.w.i.DefaultAirbyteStreamFactory(internalLog):159 INFO i.a.c.u.CompositeIterator(lambda$emitStartStreamStatus$1):155 STARTING -> public_starships"}}
{"type":"LOG","log":{"level":"INFO","message":"INFO i.a.w.i.DefaultAirbyteStreamFactory(internalLog):159 INFO i.a.i.s.r.RelationalDbQueryUtils(lambda$queryTable$0):73 Queueing query: SELECT \"id\",\"name\" FROM \"public\".\"starships\""}}
{"type":"LOG","log":{"level":"INFO","message":"INFO i.a.w.i.DefaultAirbyteStreamFactory(internalLog):159 INFO i.a.d.j.s.AdaptiveStreamingQueryConfig(initialize):31 Set initial fetch size: 10 rows"}}
{"type":"LOG","log":{"level":"INFO","message":"INFO i.a.w.i.DefaultAirbyteStreamFactory(internalLog):159 INFO i.a.c.u.CompositeIterator(lambda$emitRunningStreamStatus$0):148 RUNNING -> public_starships"}}
{"type":"LOG","log":{"level":"INFO","message":"INFO i.a.w.i.DefaultAirbyteStreamFactory(internalLog):159 INFO i.a.c.u.CompositeIterator(lambda$emitCompleteStreamStatus$2):162 COMPLETE -> public_starships"}}
{"type":"LOG","log":{"level":"INFO","message":"INFO i.a.w.i.DefaultAirbyteStreamFactory(internalLog):159 INFO i.a.i.s.r.AbstractDbSource(lambda$read$1):173 Closing database connection pool."}}
{"type":"LOG","log":{"level":"INFO","message":"INFO i.a.w.i.DefaultAirbyteStreamFactory(internalLog):159 INFO c.z.h.HikariDataSource(close):350 HikariPool-1 - Shutdown initiated..."}}
{"type":"LOG","log":{"level":"INFO","message":"INFO i.a.w.i.DefaultAirbyteStreamFactory(internalLog):159 INFO c.z.h.HikariDataSource(close):352 HikariPool-1 - Shutdown completed."}}
{"type":"LOG","log":{"level":"INFO","message":"INFO i.a.w.i.DefaultAirbyteStreamFactory(internalLog):159 INFO i.a.i.s.r.AbstractDbSource(lambda$read$1):175 Closed database connection pool."}}
{"type":"LOG","log":{"level":"INFO","message":"INFO i.a.w.i.DefaultAirbyteStreamFactory(internalLog):159 INFO i.a.i.b.IntegrationRunner(runInternal):186 Completed integration: io.airbyte.integrations.base.ssh.SshWrappedSource"}}
{"type":"LOG","log":{"level":"INFO","message":"INFO i.a.w.i.DefaultAirbyteStreamFactory(internalLog):159 INFO i.a.i.s.p.PostgresSource(main):509 completed source: class io.airbyte.integrations.source.postgres.PostgresSource"}}
{"type":"LOG","log":{"level":"INFO","message":"INFO o.t.c.GenericContainer(tryStart):376 Creating container for image: postgres:bullseye"}}
{"type":"LOG","log":{"level":"INFO","message":"INFO o.t.c.GenericContainer(tryStart):440 Container postgres:bullseye is starting: 28b4adb96140429822572cda357b1808ff2b33285c3e0690aedd1c4396d251e9"}}
{"type":"LOG","log":{"level":"INFO","message":"INFO o.t.c.GenericContainer(tryStart):520 Container postgres:bullseye started in PT19.909115S"}}
{"type":"LOG","log":{"level":"INFO","message":"INFO c.z.h.HikariDataSource(<init>):80 HikariPool-10 - Starting..."}}
{"type":"LOG","log":{"level":"INFO","message":"INFO c.z.h.HikariDataSource(<init>):82 HikariPool-10 - Start completed."}}
{"type":"LOG","log":{"level":"INFO","message":"INFO i.a.i.s.s.TestEnvConfigs(getEnvOrDefault):119 Using default value for environment variable DEPLOYMENT_MODE: 'OSS'"}}
{"type":"LOG","log":{"level":"INFO","message":"INFO i.a.i.s.s.TestEnvConfigs(getEnvOrDefault):119 Using default value for environment variable WORKER_ENVIRONMENT: 'DOCKER'"}}
{"type":"LOG","log":{"level":"INFO","message":"INFO i.a.c.i.LineGobbler(voidCall):114 Checking if airbyte/source-postgres:dev exists..."}}
{"type":"LOG","log":{"level":"INFO","message":"INFO i.a.c.i.LineGobbler(voidCall):114 airbyte/source-postgres:dev was found locally."}}
{"type":"LOG","log":{"level":"INFO","message":"INFO i.a.w.p.DockerProcessFactory(create):126 Creating docker container = source-postgres-entrypoint-checker-0-0-bgysh with resources null and allowedHosts null"}}
{"type":"LOG","log":{"level":"INFO","message":"INFO i.a.w.p.DockerProcessFactory(create):171 Preparing command: docker run --rm --init -i -w /data/job --log-driver none --name source-postgres-entrypoint-checker-0-0-bgysh --network host -v /tmp/airbyte_tests/test8249725562285107126:/data -v /tmp/airbyte_tests/output17100728939075273794:/local -e DEPLOYMENT_MODE=OSS -e AIRBYTE_ROLE= -e WORKER_ENVIRONMENT=DOCKER -e AIRBYTE_VERSION= --entrypoint printenv airbyte/source-postgres:dev"}}
{"type":"LOG","log":{"level":"INFO","message":"INFO o.t.c.GenericContainer(tryStart):376 Creating container for image: postgres:bullseye"}}
{"type":"LOG","log":{"level":"INFO","message":"INFO o.t.c.GenericContainer(tryStart):440 Container postgres:bullseye is starting: 7dc9857a112899878a277e5b4a3106d93129b8940be210321d37f0f9838b675e"}}
{"type":"LOG","log":{"level":"INFO","message":"INFO o.t.c.GenericContainer(tryStart):520 Container postgres:bullseye started in PT33.43844S"}}
{"type":"LOG","log":{"level":"INFO","message":"INFO c.z.h.HikariDataSource(<init>):80 HikariPool-11 - Starting..."}}
{"type":"LOG","log":{"level":"INFO","message":"INFO c.z.h.HikariDataSource(<init>):82 HikariPool-11 - Start completed."}}
{"type":"LOG","log":{"level":"INFO","message":"INFO i.a.i.s.s.TestEnvConfigs(getEnvOrDefault):119 Using default value for environment variable DEPLOYMENT_MODE: 'OSS'"}}
{"type":"LOG","log":{"level":"INFO","message":"INFO i.a.i.s.s.TestEnvConfigs(getEnvOrDefault):119 Using default value for environment variable WORKER_ENVIRONMENT: 'DOCKER'"}}
{"type":"LOG","log":{"level":"INFO","message":"INFO i.a.c.i.LineGobbler(voidCall):114 Checking if airbyte/source-postgres:dev exists..."}}
{"type":"LOG","log":{"level":"INFO","message":"INFO i.a.c.i.LineGobbler(voidCall):114 airbyte/source-postgres:dev was found locally."}}
{"type":"LOG","log":{"level":"INFO","message":"INFO i.a.w.p.DockerProcessFactory(create):126 Creating docker container = source-postgres-read-0-0-qncin with resources null and allowedHosts null"}}
{"type":"LOG","log":{"level":"INFO","message":"INFO i.a.w.p.DockerProcessFactory(create):171 Preparing command: docker run --rm --init -i -w /data/job --log-driver none --name source-postgres-read-0-0-qncin --network host -v /tmp/airbyte_tests/test9475697029696288007:/data -v /tmp/airbyte_tests/output12292831942392023443:/local -e DEPLOYMENT_MODE=OSS -e USE_STREAM_CAPABLE_STATE=false -e FIELD_SELECTION_WORKSPACES= -e AIRBYTE_ROLE= -e WORKER_ENVIRONMENT=DOCKER -e APPLY_FIELD_SELECTION=false -e WORKER_CONNECTOR_IMAGE=airbyte/source-postgres:dev -e WORKER_JOB_ATTEMPT=0 -e AUTO_DETECT_SCHEMA=true -e AIRBYTE_VERSION= -e WORKER_JOB_ID=0 airbyte/source-postgres:dev read --config source_config.json --catalog source_catalog.json --state input_state.json"}}
{"type":"LOG","log":{"level":"INFO","message":"INFO i.a.w.i.DefaultAirbyteStreamFactory(internalLog):159 INFO i.a.i.s.p.PostgresSource(main):507 starting source: class io.airbyte.integrations.source.postgres.PostgresSource"}}
{"type":"LOG","log":{"level":"INFO","message":"INFO i.a.w.i.DefaultAirbyteStreamFactory(internalLog):159 INFO i.a.i.b.IntegrationCliParser(parseOptions):126 integration args: {read=null, catalog=source_catalog.json, state=input_state.json, config=source_config.json}"}}
{"type":"LOG","log":{"level":"INFO","message":"INFO i.a.w.i.DefaultAirbyteStreamFactory(internalLog):159 INFO i.a.i.b.IntegrationRunner(runInternal):108 Running integration: io.airbyte.integrations.base.ssh.SshWrappedSource"}}
{"type":"LOG","log":{"level":"INFO","message":"INFO i.a.w.i.DefaultAirbyteStreamFactory(internalLog):159 INFO i.a.i.b.IntegrationRunner(runInternal):109 Command: READ"}}
{"type":"LOG","log":{"level":"INFO","message":"INFO i.a.w.i.DefaultAirbyteStreamFactory(internalLog):159 INFO i.a.i.b.IntegrationRunner(runInternal):110 Integration config: IntegrationConfig{command=READ, configPath='source_config.json', catalogPath='source_catalog.json', statePath='input_state.json'}"}}
{"type":"LOG","log":{"level":"WARN","message":"WARN i.a.w.i.DefaultAirbyteStreamFactory(internalLog):156 WARN c.n.s.JsonMetaSchema(newValidator):278 Unknown keyword groups - you should define your own Meta Schema. If the keyword is irrelevant for validation, just use a NonValidationKeyword"}}
{"type":"LOG","log":{"level":"WARN","message":"WARN i.a.w.i.DefaultAirbyteStreamFactory(internalLog):156 WARN c.n.s.JsonMetaSchema(newValidator):278 Unknown keyword order - you should define your own Meta Schema. If the keyword is irrelevant for validation, just use a NonValidationKeyword"}}
{"type":"LOG","log":{"level":"WARN","message":"WARN i.a.w.i.DefaultAirbyteStreamFactory(internalLog):156 WARN c.n.s.JsonMetaSchema(newValidator):278 Unknown keyword group - you should define your own Meta Schema. If the keyword is irrelevant for validation, just use a NonValidationKeyword"}}
{"type":"LOG","log":{"level":"WARN","message":"WARN i.a.w.i.DefaultAirbyteStreamFactory(internalLog):156 WARN c.n.s.JsonMetaSchema(newValidator):278 Unknown keyword airbyte_secret - you should define your own Meta Schema. If the keyword is irrelevant for validation, just use a NonValidationKeyword"}}
{"type":"LOG","log":{"level":"WARN","message":"WARN i.a.w.i.DefaultAirbyteStreamFactory(internalLog):156 WARN c.n.s.JsonMetaSchema(newValidator):278 Unknown keyword always_show - you should define your own Meta Schema. If the keyword is irrelevant for validation, just use a NonValidationKeyword"}}
{"type":"LOG","log":{"level":"WARN","message":"WARN i.a.w.i.DefaultAirbyteStreamFactory(internalLog):156 WARN c.n.s.JsonMetaSchema(newValidator):278 Unknown keyword multiline - you should define your own Meta Schema. If the keyword is irrelevant for validation, just use a NonValidationKeyword"}}
{"type":"LOG","log":{"level":"WARN","message":"WARN i.a.w.i.DefaultAirbyteStreamFactory(internalLog):156 WARN c.n.s.JsonMetaSchema(newValidator):278 Unknown keyword min - you should define your own Meta Schema. If the keyword is irrelevant for validation, just use a NonValidationKeyword"}}
{"type":"LOG","log":{"level":"WARN","message":"WARN i.a.w.i.DefaultAirbyteStreamFactory(internalLog):156 WARN c.n.s.JsonMetaSchema(newValidator):278 Unknown keyword max - you should define your own Meta Schema. If the keyword is irrelevant for validation, just use a NonValidationKeyword"}}
{"type":"LOG","log":{"level":"INFO","message":"INFO i.a.w.i.DefaultAirbyteStreamFactory(internalLog):159 INFO i.a.i.b.s.SshTunnel(getInstance):204 Starting connection with method: NO_TUNNEL"}}
{"type":"LOG","log":{"level":"INFO","message":"INFO i.a.w.i.DefaultAirbyteStreamFactory(internalLog):159 INFO i.a.i.s.r.s.StateManagerFactory(createStateManager):48 Legacy state manager selected to manage state object with type LEGACY."}}
{"type":"LOG","log":{"level":"INFO","message":"INFO i.a.w.i.DefaultAirbyteStreamFactory(internalLog):159 INFO i.a.i.s.r.s.CursorManager(createCursorInfoForStream):182 No cursor field set in catalog but not present in state. Stream: public_id_and_name, New Cursor Field: null. Resetting cursor value"}}
{"type":"LOG","log":{"level":"INFO","message":"INFO i.a.w.i.DefaultAirbyteStreamFactory(internalLog):159 INFO i.a.i.s.r.s.CursorManager(createCursorInfoForStream):182 No cursor field set in catalog but not present in state. Stream: public_starships, New Cursor Field: null. Resetting cursor value"}}
{"type":"LOG","log":{"level":"INFO","message":"INFO i.a.w.i.DefaultAirbyteStreamFactory(internalLog):159 INFO i.a.i.s.r.CdcStateManager(<init>):29 Initialized CDC state with: null"}}
{"type":"LOG","log":{"level":"INFO","message":"INFO i.a.w.i.DefaultAirbyteStreamFactory(internalLog):159 INFO i.a.i.s.p.PostgresSource(toSslJdbcParamInternal):544 VERIFY_CA toSslJdbcParam verify-ca"}}
{"type":"LOG","log":{"level":"INFO","message":"INFO i.a.w.i.DefaultAirbyteStreamFactory(internalLog):159 INFO c.z.h.HikariDataSource(<init>):80 HikariPool-1 - Starting..."}}
{"type":"LOG","log":{"level":"INFO","message":"INFO i.a.w.i.DefaultAirbyteStreamFactory(internalLog):159 INFO c.z.h.HikariDataSource(<init>):82 HikariPool-1 - Start completed."}}
{"type":"LOG","log":{"level":"INFO","message":"INFO i.a.w.i.DefaultAirbyteStreamFactory(internalLog):159 INFO i.a.i.s.p.PostgresUtils(isCdc):53 using CDC: true"}}
{"type":"LOG","log":{"level":"INFO","message":"INFO i.a.w.i.DefaultAirbyteStreamFactory(internalLog):159 INFO i.a.d.j.s.AdaptiveStreamingQueryConfig(initialize):31 Set initial fetch size: 10 rows"}}
{"type":"LOG","log":{"level":"INFO","message":"INFO i.a.w.i.DefaultAirbyteStreamFactory(internalLog):159 INFO i.a.i.s.p.PostgresCdcCatalogHelper(getPublicizedTables):119 For CDC, only tables in publication publication will be included in the sync: [public.id_and_name, public.starships]"}}
{"type":"LOG","log":{"level":"INFO","message":"INFO i.a.w.i.DefaultAirbyteStreamFactory(internalLog):159 INFO i.a.i.s.j.AbstractJdbcSource(logPreSyncDebugData):450 Data source product recognized as PostgreSQL:15.3 (Debian 15.3-1.pgdg110+1)"}}
{"type":"LOG","log":{"level":"INFO","message":"INFO i.a.w.i.DefaultAirbyteStreamFactory(internalLog):159 INFO i.a.i.s.p.PostgresSource(logPreSyncDebugData):221 Discovering indexes for schema \"public\", table \"id_and_name\""}}
{"type":"LOG","log":{"level":"INFO","message":"INFO i.a.w.i.DefaultAirbyteStreamFactory(internalLog):159 INFO i.a.i.s.p.PostgresSource(logPreSyncDebugData):223 Index name: id_and_name_pkey, Column: id, Unique: true"}}
{"type":"LOG","log":{"level":"INFO","message":"INFO i.a.w.i.DefaultAirbyteStreamFactory(internalLog):159 INFO i.a.i.s.p.PostgresSource(logPreSyncDebugData):221 Discovering indexes for schema \"public\", table \"starships\""}}
{"type":"LOG","log":{"level":"INFO","message":"INFO i.a.w.i.DefaultAirbyteStreamFactory(internalLog):159 INFO i.a.i.s.p.PostgresSource(logPreSyncDebugData):223 Index name: starships_pkey, Column: id, Unique: true"}}
{"type":"LOG","log":{"level":"INFO","message":"INFO i.a.w.i.DefaultAirbyteStreamFactory(internalLog):159 INFO i.a.i.s.p.PostgresQueryUtils(logXminStatus):77 Xmin Status : {Number of wraparounds: 0, Xmin Transaction Value: 734, Xmin Raw Value: 734"}}
{"type":"LOG","log":{"level":"INFO","message":"INFO i.a.w.i.DefaultAirbyteStreamFactory(internalLog):159 INFO i.a.i.s.j.AbstractJdbcSource(discoverInternal):166 Internal schemas to exclude: [catalog_history, information_schema, pg_catalog, pg_internal]"}}
{"type":"LOG","log":{"level":"INFO","message":"INFO i.a.w.i.DefaultAirbyteStreamFactory(internalLog):159 INFO i.a.d.j.s.AdaptiveStreamingQueryConfig(initialize):31 Set initial fetch size: 10 rows"}}
{"type":"LOG","log":{"level":"INFO","message":"INFO i.a.w.i.DefaultAirbyteStreamFactory(internalLog):159 INFO i.a.i.s.p.PostgresUtils(isCdc):53 using CDC: true"}}
{"type":"LOG","log":{"level":"INFO","message":"INFO i.a.w.i.DefaultAirbyteStreamFactory(internalLog):159 INFO i.a.i.s.p.PostgresUtils(getFirstRecordWaitTime):111 First record waiting time: 30 seconds"}}
{"type":"LOG","log":{"level":"INFO","message":"INFO i.a.w.i.DefaultAirbyteStreamFactory(internalLog):159 INFO i.a.i.s.p.PostgresSource(getIncrementalIterators):369 First record waiting time: 30 seconds"}}
{"type":"LOG","log":{"level":"INFO","message":"INFO i.a.w.i.DefaultAirbyteStreamFactory(internalLog):159 INFO i.a.i.s.p.PostgresUtils(shouldFlushAfterSync):61 Should flush after sync: false"}}
{"type":"LOG","log":{"level":"INFO","message":"INFO i.a.w.i.DefaultAirbyteStreamFactory(internalLog):159 INFO i.a.i.s.p.PostgresSource(toSslJdbcParamInternal):544 VERIFY_CA toSslJdbcParam verify-ca"}}
{"type":"LOG","log":{"level":"INFO","message":"INFO i.a.w.i.DefaultAirbyteStreamFactory(internalLog):159 INFO o.a.k.c.c.AbstractConfig(logAll):376 StandaloneConfig values: \n\taccess.control.allow.methods = \n\taccess.control.allow.origin = \n\tadmin.listeners = null\n\tauto.include.jmx.reporter = true\n\tbootstrap.servers = [localhost:9092]\n\tclient.dns.lookup = use_all_dns_ips\n\tconfig.providers = []\n\tconnector.client.config.override.policy = All\n\theader.converter = class org.apache.kafka.connect.storage.SimpleHeaderConverter\n\tkey.converter = class org.apache.kafka.connect.json.JsonConverter\n\tlisteners = [http://:8083]\n\tmetric.reporters = []\n\tmetrics.num.samples = 2\n\tmetrics.recording.level = INFO\n\tmetrics.sample.window.ms = 30000\n\toffset.flush.interval.ms = 1000\n\toffset.flush.timeout.ms = 5000\n\toffset.storage.file.filename = /tmp/cdc-state-offset7002088931274783354/offset.dat\n\tplugin.path = null\n\tresponse.http.headers.config = \n\trest.advertised.host.name = null\n\trest.advertised.listener = null\n\trest.advertised.port = null\n\trest.extension.classes = []\n\tssl.cipher.suites = null\n\tssl.client.auth = none\n\tssl.enabled.protocols = [TLSv1.2, TLSv1.3]\n\tssl.endpoint.identification.algorithm = https\n\tssl.engine.factory.class = null\n\tssl.key.password = null\n\tssl.keymanager.algorithm = SunX509\n\tssl.keystore.certificate.chain = null\n\tssl.keystore.key = null\n\tssl.keystore.location = null\n\tssl.keystore.password = null\n\tssl.keystore.type = JKS\n\tssl.protocol = TLSv1.3\n\tssl.provider = null\n\tssl.secure.random.implementation = null\n\tssl.trustmanager.algorithm = PKIX\n\tssl.truststore.certificates = null\n\tssl.truststore.location = null\n\tssl.truststore.password = null\n\tssl.truststore.type = JKS\n\ttask.shutdown.graceful.timeout.ms = 5000\n\ttopic.creation.enable = true\n\ttopic.tracking.allow.reset = true\n\ttopic.tracking.enable = true\n\tvalue.converter = class org.apache.kafka.connect.json.JsonConverter\n"}}
{"type":"LOG","log":{"level":"WARN","message":"WARN i.a.w.i.DefaultAirbyteStreamFactory(internalLog):156 WARN o.a.k.c.r.WorkerConfig(logPluginPathConfigProviderWarning):379 Variables cannot be used in the 'plugin.path' property, since the property is used by plugin scanning before the config providers that replace the variables are initialized. The raw value 'null' was used for plugin scanning, as opposed to the transformed value 'null', and this may cause unexpected results."}}
{"type":"LOG","log":{"level":"INFO","message":"INFO i.a.w.i.DefaultAirbyteStreamFactory(internalLog):159 INFO o.a.k.c.s.FileOffsetBackingStore(start):58 Starting FileOffsetBackingStore with file /tmp/cdc-state-offset7002088931274783354/offset.dat"}}
{"type":"LOG","log":{"level":"INFO","message":"INFO i.a.w.i.DefaultAirbyteStreamFactory(internalLog):159 INFO o.a.k.c.c.AbstractConfig(logAll):376 JsonConverterConfig values: \n\tconverter.type = key\n\tdecimal.format = BASE64\n\tschemas.cache.size = 1000\n\tschemas.enable = false\n"}}
{"type":"LOG","log":{"level":"INFO","message":"INFO i.a.w.i.DefaultAirbyteStreamFactory(internalLog):159 INFO o.a.k.c.c.AbstractConfig(logAll):376 JsonConverterConfig values: \n\tconverter.type = value\n\tdecimal.format = BASE64\n\tschemas.cache.size = 1000\n\tschemas.enable = false\n"}}
{"type":"LOG","log":{"level":"INFO","message":"INFO i.a.w.i.DefaultAirbyteStreamFactory(internalLog):159 INFO i.a.i.d.i.p.PostgresDebeziumStateUtil(extractLsn):206 No previous offsets found"}}
{"type":"LOG","log":{"level":"INFO","message":"INFO i.a.w.i.DefaultAirbyteStreamFactory(internalLog):159 INFO i.a.i.d.i.p.PostgresDebeziumStateUtil(parseSavedOffset):181 Closing offsetStorageReader and fileOffsetBackingStore"}}
{"type":"LOG","log":{"level":"INFO","message":"INFO i.a.w.i.DefaultAirbyteStreamFactory(internalLog):159 INFO o.a.k.c.s.FileOffsetBackingStore(stop):66 Stopped FileOffsetBackingStore"}}
{"type":"LOG","log":{"level":"INFO","message":"INFO i.a.w.i.DefaultAirbyteStreamFactory(internalLog):159 INFO i.a.i.s.p.PostgresSource(lambda$getReplicationSlot$4):296 Attempting to find the named replication slot using the query: HikariProxyPreparedStatement@1955948959 wrapping SELECT * FROM pg_replication_slots WHERE slot_name = 'debezium_slot' AND plugin = 'pgoutput' AND database = 'test'"}}
{"type":"LOG","log":{"level":"INFO","message":"INFO i.a.w.i.DefaultAirbyteStreamFactory(internalLog):159 INFO i.a.d.j.s.AdaptiveStreamingQueryConfig(initialize):31 Set initial fetch size: 10 rows"}}
{"type":"LOG","log":{"level":"INFO","message":"INFO i.a.w.i.DefaultAirbyteStreamFactory(internalLog):159 INFO i.a.i.s.p.PostgresUtils(shouldFlushAfterSync):61 Should flush after sync: false"}}
{"type":"LOG","log":{"level":"INFO","message":"INFO i.a.w.i.DefaultAirbyteStreamFactory(internalLog):159 INFO i.a.i.d.i.p.PostgresCdcTargetPosition(targetPosition):49 identified target lsn: PgLsn{lsn=26499904}"}}
{"type":"LOG","log":{"level":"INFO","message":"INFO i.a.w.i.DefaultAirbyteStreamFactory(internalLog):159 INFO i.a.i.s.p.PostgresUtils(shouldFlushAfterSync):61 Should flush after sync: false"}}
{"type":"LOG","log":{"level":"INFO","message":"INFO i.a.w.i.DefaultAirbyteStreamFactory(internalLog):159 INFO i.a.i.s.p.PostgresSource(toSslJdbcParamInternal):544 VERIFY_CA toSslJdbcParam verify-ca"}}
{"type":"LOG","log":{"level":"INFO","message":"INFO i.a.w.i.DefaultAirbyteStreamFactory(internalLog):159 INFO i.a.i.d.AirbyteDebeziumHandler(getIncrementalIterators):95 Using CDC: true"}}
{"type":"LOG","log":{"level":"INFO","message":"INFO i.a.w.i.DefaultAirbyteStreamFactory(internalLog):159 INFO o.a.k.c.c.AbstractConfig(logAll):376 JsonConverterConfig values: \n\tconverter.type = key\n\tdecimal.format = BASE64\n\tschemas.cache.size = 1000\n\tschemas.enable = false\n"}}
{"type":"LOG","log":{"level":"INFO","message":"INFO i.a.w.i.DefaultAirbyteStreamFactory(internalLog):159 INFO o.a.k.c.c.AbstractConfig(logAll):376 JsonConverterConfig values: \n\tconverter.type = value\n\tdecimal.format = BASE64\n\tschemas.cache.size = 1000\n\tschemas.enable = false\n"}}
{"type":"LOG","log":{"level":"INFO","message":"INFO i.a.w.i.DefaultAirbyteStreamFactory(internalLog):159 INFO o.a.k.c.c.AbstractConfig(logAll):376 EmbeddedConfig values: \n\taccess.control.allow.methods = \n\taccess.control.allow.origin = \n\tadmin.listeners = null\n\tauto.include.jmx.reporter = true\n\tbootstrap.servers = [localhost:9092]\n\tclient.dns.lookup = use_all_dns_ips\n\tconfig.providers = []\n\tconnector.client.config.override.policy = All\n\theader.converter = class org.apache.kafka.connect.storage.SimpleHeaderConverter\n\tkey.converter = class org.apache.kafka.connect.json.JsonConverter\n\tlisteners = [http://:8083]\n\tmetric.reporters = []\n\tmetrics.num.samples = 2\n\tmetrics.recording.level = INFO\n\tmetrics.sample.window.ms = 30000\n\toffset.flush.interval.ms = 1000\n\toffset.flush.timeout.ms = 5000\n\toffset.storage.file.filename = /tmp/cdc-state-offset7261991887342313527/offset.dat\n\toffset.storage.partitions = null\n\toffset.storage.replication.factor = null\n\toffset.storage.topic = \n\tplugin.path = null\n\tresponse.http.headers.config = \n\trest.advertised.host.name = null\n\trest.advertised.listener = null\n\trest.advertised.port = null\n\trest.extension.classes = []\n\tssl.cipher.suites = null\n\tssl.client.auth = none\n\tssl.enabled.protocols = [TLSv1.2, TLSv1.3]\n\tssl.endpoint.identification.algorithm = https\n\tssl.engine.factory.class = null\n\tssl.key.password = null\n\tssl.keymanager.algorithm = SunX509\n\tssl.keystore.certificate.chain = null\n\tssl.keystore.key = null\n\tssl.keystore.location = null\n\tssl.keystore.password = null\n\tssl.keystore.type = JKS\n\tssl.protocol = TLSv1.3\n\tssl.provider = null\n\tssl.secure.random.implementation = null\n\tssl.trustmanager.algorithm = PKIX\n\tssl.truststore.certificates = null\n\tssl.truststore.location = null\n\tssl.truststore.password = null\n\tssl.truststore.type = JKS\n\ttask.shutdown.graceful.timeout.ms = 5000\n\ttopic.creation.enable = true\n\ttopic.tracking.allow.reset = true\n\ttopic.tracking.enable = true\n\tvalue.converter = class org.apache.kafka.connect.json.JsonConverter\n"}}
{"type":"LOG","log":{"level":"WARN","message":"WARN i.a.w.i.DefaultAirbyteStreamFactory(internalLog):156 WARN o.a.k.c.r.WorkerConfig(logPluginPathConfigProviderWarning):379 Variables cannot be used in the 'plugin.path' property, since the property is used by plugin scanning before the config providers that replace the variables are initialized. The raw value 'null' was used for plugin scanning, as opposed to the transformed value 'null', and this may cause unexpected results."}}
{"type":"LOG","log":{"level":"INFO","message":"INFO i.a.w.i.DefaultAirbyteStreamFactory(internalLog):159 INFO o.a.k.c.c.AbstractConfig(logAll):376 JsonConverterConfig values: \n\tconverter.type = key\n\tdecimal.format = BASE64\n\tschemas.cache.size = 1000\n\tschemas.enable = false\n"}}
{"type":"LOG","log":{"level":"INFO","message":"INFO i.a.w.i.DefaultAirbyteStreamFactory(internalLog):159 INFO o.a.k.c.c.AbstractConfig(logAll):376 JsonConverterConfig values: \n\tconverter.type = value\n\tdecimal.format = BASE64\n\tschemas.cache.size = 1000\n\tschemas.enable = false\n"}}
{"type":"LOG","log":{"level":"INFO","message":"INFO i.a.w.i.DefaultAirbyteStreamFactory(internalLog):159 INFO i.d.c.p.PostgresConnector(testConnection):154 Successfully tested connection for jdbc:postgresql://172.17.0.5:5432/test with user 'test'"}}
{"type":"LOG","log":{"level":"INFO","message":"INFO i.a.w.i.DefaultAirbyteStreamFactory(internalLog):159 INFO i.d.j.JdbcConnection(lambda$doClose$4):947 Connection gracefully closed"}}
{"type":"LOG","log":{"level":"INFO","message":"INFO i.a.w.i.DefaultAirbyteStreamFactory(internalLog):159 INFO o.a.k.c.s.FileOffsetBackingStore(start):58 Starting FileOffsetBackingStore with file /tmp/cdc-state-offset7261991887342313527/offset.dat"}}
{"type":"LOG","log":{"level":"INFO","message":"INFO i.a.w.i.DefaultAirbyteStreamFactory(internalLog):159 INFO i.d.c.c.BaseSourceTask(start):124 Starting PostgresConnectorTask with configuration:"}}
{"type":"LOG","log":{"level":"INFO","message":"INFO i.a.w.i.DefaultAirbyteStreamFactory(internalLog):159 INFO i.d.c.c.BaseSourceTask(lambda$start$0):126    connector.class = io.debezium.connector.postgresql.PostgresConnector"}}
{"type":"LOG","log":{"level":"INFO","message":"INFO i.a.w.i.DefaultAirbyteStreamFactory(internalLog):159 INFO i.d.c.c.BaseSourceTask(lambda$start$0):126    max.queue.size = 8192"}}
{"type":"LOG","log":{"level":"INFO","message":"INFO i.a.w.i.DefaultAirbyteStreamFactory(internalLog):159 INFO i.d.c.c.BaseSourceTask(lambda$start$0):126    slot.name = debezium_slot"}}
{"type":"LOG","log":{"level":"INFO","message":"INFO i.a.w.i.DefaultAirbyteStreamFactory(internalLog):159 INFO i.d.c.c.BaseSourceTask(lambda$start$0):126    publication.name = publication"}}
{"type":"LOG","log":{"level":"INFO","message":"INFO i.a.w.i.DefaultAirbyteStreamFactory(internalLog):159 INFO i.d.c.c.BaseSourceTask(lambda$start$0):126    database.sslmode = verify-ca"}}
{"type":"LOG","log":{"level":"INFO","message":"INFO i.a.w.i.DefaultAirbyteStreamFactory(internalLog):159 INFO i.d.c.c.BaseSourceTask(lambda$start$0):126    topic.prefix = test"}}
{"type":"LOG","log":{"level":"INFO","message":"INFO i.a.w.i.DefaultAirbyteStreamFactory(internalLog):159 INFO i.d.c.c.BaseSourceTask(lambda$start$0):126    offset.storage.file.filename = /tmp/cdc-state-offset7261991887342313527/offset.dat"}}
{"type":"LOG","log":{"level":"INFO","message":"INFO i.a.w.i.DefaultAirbyteStreamFactory(internalLog):159 INFO i.d.c.c.BaseSourceTask(lambda$start$0):126    decimal.handling.mode = string"}}
{"type":"LOG","log":{"level":"INFO","message":"INFO i.a.w.i.DefaultAirbyteStreamFactory(internalLog):159 INFO i.d.c.c.BaseSourceTask(lambda$start$0):126    converters = datetime"}}
{"type":"LOG","log":{"level":"INFO","message":"INFO i.a.w.i.DefaultAirbyteStreamFactory(internalLog):159 INFO i.d.c.c.BaseSourceTask(lambda$start$0):126    errors.retry.delay.initial.ms = 299"}}
{"type":"LOG","log":{"level":"INFO","message":"INFO i.a.w.i.DefaultAirbyteStreamFactory(internalLog):159 INFO i.d.c.c.BaseSourceTask(lambda$start$0):126    datetime.type = io.airbyte.integrations.debezium.internals.postgres.PostgresConverter"}}
{"type":"LOG","log":{"level":"INFO","message":"INFO i.a.w.i.DefaultAirbyteStreamFactory(internalLog):159 INFO i.d.c.c.BaseSourceTask(lambda$start$0):126    value.converter = org.apache.kafka.connect.json.JsonConverter"}}
{"type":"LOG","log":{"level":"INFO","message":"INFO i.a.w.i.DefaultAirbyteStreamFactory(internalLog):159 INFO i.d.c.c.BaseSourceTask(lambda$start$0):126    key.converter = org.apache.kafka.connect.json.JsonConverter"}}
{"type":"LOG","log":{"level":"INFO","message":"INFO i.a.w.i.DefaultAirbyteStreamFactory(internalLog):159 INFO i.d.c.c.BaseSourceTask(lambda$start$0):126    publication.autocreate.mode = disabled"}}
{"type":"LOG","log":{"level":"INFO","message":"INFO i.a.w.i.DefaultAirbyteStreamFactory(internalLog):159 INFO i.d.c.c.BaseSourceTask(lambda$start$0):126    database.user = test"}}
{"type":"LOG","log":{"level":"INFO","message":"INFO i.a.w.i.DefaultAirbyteStreamFactory(internalLog):159 INFO i.d.c.c.BaseSourceTask(lambda$start$0):126    database.dbname = test"}}
{"type":"LOG","log":{"level":"INFO","message":"INFO i.a.w.i.DefaultAirbyteStreamFactory(internalLog):159 INFO i.d.c.c.BaseSourceTask(lambda$start$0):126    database.sslkey = /data/job/userkeystore_-1887116606.p12"}}
{"type":"LOG","log":{"level":"INFO","message":"INFO i.a.w.i.DefaultAirbyteStreamFactory(internalLog):159 INFO i.d.c.c.BaseSourceTask(lambda$start$0):126    offset.storage = org.apache.kafka.connect.storage.FileOffsetBackingStore"}}
{"type":"LOG","log":{"level":"INFO","message":"INFO i.a.w.i.DefaultAirbyteStreamFactory(internalLog):159 INFO i.d.c.c.BaseSourceTask(lambda$start$0):126    errors.retry.delay.max.ms = 300"}}
{"type":"LOG","log":{"level":"INFO","message":"INFO i.a.w.i.DefaultAirbyteStreamFactory(internalLog):159 INFO i.d.c.c.BaseSourceTask(lambda$start$0):126    offset.flush.timeout.ms = 5000"}}
{"type":"LOG","log":{"level":"INFO","message":"INFO i.a.w.i.DefaultAirbyteStreamFactory(internalLog):159 INFO i.d.c.c.BaseSourceTask(lambda$start$0):126    heartbeat.interval.ms = 10000"}}
{"type":"LOG","log":{"level":"INFO","message":"INFO i.a.w.i.DefaultAirbyteStreamFactory(internalLog):159 INFO i.d.c.c.BaseSourceTask(lambda$start$0):126    database.ssl.truststore.password = ********"}}
{"type":"LOG","log":{"level":"INFO","message":"INFO i.a.w.i.DefaultAirbyteStreamFactory(internalLog):159 INFO i.d.c.c.BaseSourceTask(lambda$start$0):126    column.include.list = \\Qpublic.id_and_name\\E\\.(\\Qname\\E|\\Qid\\E),\\Qpublic.starships\\E\\.(\\Qname\\E|\\Qid\\E)"}}
{"type":"LOG","log":{"level":"INFO","message":"INFO i.a.w.i.DefaultAirbyteStreamFactory(internalLog):159 INFO i.d.c.c.BaseSourceTask(lambda$start$0):126    plugin.name = pgoutput"}}
{"type":"LOG","log":{"level":"INFO","message":"INFO i.a.w.i.DefaultAirbyteStreamFactory(internalLog):159 INFO i.d.c.c.BaseSourceTask(lambda$start$0):126    database.sslpassword = ********"}}
{"type":"LOG","log":{"level":"INFO","message":"INFO i.a.w.i.DefaultAirbyteStreamFactory(internalLog):159 INFO i.d.c.c.BaseSourceTask(lambda$start$0):126    database.port = 5432"}}
{"type":"LOG","log":{"level":"INFO","message":"INFO i.a.w.i.DefaultAirbyteStreamFactory(internalLog):159 INFO i.d.c.c.BaseSourceTask(lambda$start$0):126    offset.flush.interval.ms = 1000"}}
{"type":"LOG","log":{"level":"INFO","message":"INFO i.a.w.i.DefaultAirbyteStreamFactory(internalLog):159 INFO i.d.c.c.BaseSourceTask(lambda$start$0):126    key.converter.schemas.enable = false"}}
{"type":"LOG","log":{"level":"INFO","message":"INFO i.a.w.i.DefaultAirbyteStreamFactory(internalLog):159 INFO i.d.c.c.BaseSourceTask(lambda$start$0):126    include.unknown.datatypes = true"}}
{"type":"LOG","log":{"level":"INFO","message":"INFO i.a.w.i.DefaultAirbyteStreamFactory(internalLog):159 INFO i.d.c.c.BaseSourceTask(lambda$start$0):126    errors.max.retries = 10"}}
{"type":"LOG","log":{"level":"INFO","message":"INFO i.a.w.i.DefaultAirbyteStreamFactory(internalLog):159 INFO i.d.c.c.BaseSourceTask(lambda$start$0):126    database.hostname = 172.17.0.5"}}
{"type":"LOG","log":{"level":"INFO","message":"INFO i.a.w.i.DefaultAirbyteStreamFactory(internalLog):159 INFO i.d.c.c.BaseSourceTask(lambda$start$0):126    database.password = ********"}}
{"type":"LOG","log":{"level":"INFO","message":"INFO i.a.w.i.DefaultAirbyteStreamFactory(internalLog):159 INFO i.d.c.c.BaseSourceTask(lambda$start$0):126    value.converter.schemas.enable = false"}}
{"type":"LOG","log":{"level":"INFO","message":"INFO i.a.w.i.DefaultAirbyteStreamFactory(internalLog):159 INFO i.d.c.c.BaseSourceTask(lambda$start$0):126    name = test"}}
{"type":"LOG","log":{"level":"INFO","message":"INFO i.a.w.i.DefaultAirbyteStreamFactory(internalLog):159 INFO i.d.c.c.BaseSourceTask(lambda$start$0):126    database.sslrootcert = /tmp/11248535279663127695.crt"}}
{"type":"LOG","log":{"level":"INFO","message":"INFO i.a.w.i.DefaultAirbyteStreamFactory(internalLog):159 INFO i.d.c.c.BaseSourceTask(lambda$start$0):126    max.batch.size = 2048"}}
{"type":"LOG","log":{"level":"INFO","message":"INFO i.a.w.i.DefaultAirbyteStreamFactory(internalLog):159 INFO i.d.c.c.BaseSourceTask(lambda$start$0):126    table.include.list = \\Qpublic.id_and_name\\E,\\Qpublic.starships\\E"}}
{"type":"LOG","log":{"level":"INFO","message":"INFO i.a.w.i.DefaultAirbyteStreamFactory(internalLog):159 INFO i.d.c.c.BaseSourceTask(lambda$start$0):126    snapshot.mode = initial"}}
{"type":"LOG","log":{"level":"INFO","message":"INFO i.a.w.i.DefaultAirbyteStreamFactory(internalLog):159 INFO i.d.c.c.BaseSourceTask(startIfNeededAndPossible):243 Attempting to start task"}}
{"type":"LOG","log":{"level":"INFO","message":"INFO i.a.w.i.DefaultAirbyteStreamFactory(internalLog):159 INFO i.d.c.CommonConnectorConfig(getTopicNamingStrategy):849 Loading the custom topic naming strategy plugin: io.debezium.schema.SchemaTopicNamingStrategy"}}
{"type":"LOG","log":{"level":"INFO","message":"INFO i.a.w.i.DefaultAirbyteStreamFactory(internalLog):159 INFO i.d.j.JdbcConnection(lambda$doClose$4):947 Connection gracefully closed"}}
{"type":"LOG","log":{"level":"INFO","message":"INFO i.a.w.i.DefaultAirbyteStreamFactory(internalLog):159 INFO i.d.c.c.BaseSourceTask(getPreviousOffsets):375 No previous offsets found"}}
{"type":"LOG","log":{"level":"INFO","message":"INFO i.a.w.i.DefaultAirbyteStreamFactory(internalLog):159 INFO i.d.c.p.PostgresConnectorTask(start):113 user 'test' connected to database 'test' on PostgreSQL 15.3 (Debian 15.3-1.pgdg110+1) on x86_64-pc-linux-gnu, compiled by gcc (Debian 10.2.1-6) 10.2.1 20210110, 64-bit with roles:\n\trole 'pg_read_all_settings' [superuser: false, replication: false, inherit: true, create role: false, create db: false, can log in: false]\n\trole 'pg_database_owner' [superuser: false, replication: false, inherit: true, create role: false, create db: false, can log in: false]\n\trole 'pg_stat_scan_tables' [superuser: false, replication: false, inherit: true, create role: false, create db: false, can log in: false]\n\trole 'pg_checkpoint' [superuser: false, replication: false, inherit: true, create role: false, create db: false, can log in: false]\n\trole 'pg_write_server_files' [superuser: false, replication: false, inherit: true, create role: false, create db: false, can log in: false]\n\trole 'test' [superuser: true, replication: true, inherit: true, create role: true, create db: true, can log in: true]\n\trole 'pg_read_all_data' [superuser: false, replication: false, inherit: true, create role: false, create db: false, can log in: false]\n\trole 'pg_write_all_data' [superuser: false, replication: false, inherit: true, create role: false, create db: false, can log in: false]\n\trole 'pg_monitor' [superuser: false, replication: false, inherit: true, create role: false, create db: false, can log in: false]\n\trole 'pg_read_server_files' [superuser: false, replication: false, inherit: true, create role: false, create db: false, can log in: false]\n\trole 'pg_execute_server_program' [superuser: false, replication: false, inherit: true, create role: false, create db: false, can log in: false]\n\trole 'pg_read_all_stats' [superuser: false, replication: false, inherit: true, create role: false, create db: false, can log in: false]\n\trole 'pg_signal_backend' [superuser: false, replication: false, inherit: true, create role: false, create db: false, can log in: false]\n\trole 'postgres' [superuser: true, replication: false, inherit: true, create role: false, create db: false, can log in: true]"}}
{"type":"LOG","log":{"level":"INFO","message":"INFO i.a.w.i.DefaultAirbyteStreamFactory(internalLog):159 INFO i.d.c.p.c.PostgresConnection(readReplicationSlotInfo):264 Obtained valid replication slot ReplicationSlot [active=false, latestFlushedLsn=LSN{0/1945820}, catalogXmin=733]"}}
{"type":"LOG","log":{"level":"INFO","message":"INFO i.a.w.i.DefaultAirbyteStreamFactory(internalLog):159 INFO i.d.c.p.PostgresConnectorTask(start):122 No previous offset found"}}
{"type":"LOG","log":{"level":"INFO","message":"INFO i.a.w.i.DefaultAirbyteStreamFactory(internalLog):159 INFO i.d.u.Threads(threadFactory):270 Requested thread factory for connector PostgresConnector, id = test named = change-event-source-coordinator"}}
{"type":"LOG","log":{"level":"INFO","message":"INFO i.a.w.i.DefaultAirbyteStreamFactory(internalLog):159 INFO i.d.u.Threads$3(newThread):287 Creating thread debezium-postgresconnector-test-change-event-source-coordinator"}}
{"type":"LOG","log":{"level":"INFO","message":"INFO i.a.w.i.DefaultAirbyteStreamFactory(internalLog):159 INFO i.d.c.c.BaseSourceTask(startIfNeededAndPossible):245 Successfully started task"}}
{"type":"LOG","log":{"level":"INFO","message":"INFO i.a.w.i.DefaultAirbyteStreamFactory(internalLog):159 INFO i.d.p.ChangeEventSourceCoordinator(lambda$start$0):103 Metrics registered"}}
{"type":"LOG","log":{"level":"INFO","message":"INFO i.a.w.i.DefaultAirbyteStreamFactory(internalLog):159 INFO i.d.p.ChangeEventSourceCoordinator(lambda$start$0):106 Context created"}}
{"type":"LOG","log":{"level":"INFO","message":"INFO i.a.w.i.DefaultAirbyteStreamFactory(internalLog):159 INFO i.d.c.p.s.InitialSnapshotter(shouldSnapshot):34 Taking initial snapshot for new datasource"}}
{"type":"LOG","log":{"level":"INFO","message":"INFO i.a.w.i.DefaultAirbyteStreamFactory(internalLog):159 INFO i.d.c.p.PostgresSnapshotChangeEventSource(getSnapshottingTask):65 According to the connector configuration data will be snapshotted"}}
{"type":"LOG","log":{"level":"INFO","message":"INFO i.a.w.i.DefaultAirbyteStreamFactory(internalLog):159 INFO i.d.r.RelationalSnapshotChangeEventSource(doExecute):110 Snapshot step 1 - Preparing"}}
{"type":"LOG","log":{"level":"INFO","message":"INFO i.a.w.i.DefaultAirbyteStreamFactory(internalLog):159 INFO i.d.r.RelationalSnapshotChangeEventSource(doExecute):119 Snapshot step 2 - Determining captured tables"}}
{"type":"LOG","log":{"level":"INFO","message":"INFO i.a.w.i.DefaultAirbyteStreamFactory(internalLog):159 INFO i.d.r.RelationalSnapshotChangeEventSource(determineCapturedTables):267 Adding table public.id_and_name to the list of capture schema tables"}}
{"type":"LOG","log":{"level":"INFO","message":"INFO i.a.w.i.DefaultAirbyteStreamFactory(internalLog):159 INFO i.d.r.RelationalSnapshotChangeEventSource(determineCapturedTables):267 Adding table public.starships to the list of capture schema tables"}}
{"type":"LOG","log":{"level":"INFO","message":"INFO i.a.w.i.DefaultAirbyteStreamFactory(internalLog):159 INFO i.d.r.RelationalSnapshotChangeEventSource(doExecute):126 Snapshot step 3 - Locking captured tables [public.id_and_name, public.starships]"}}
{"type":"LOG","log":{"level":"INFO","message":"INFO i.a.w.i.DefaultAirbyteStreamFactory(internalLog):159 INFO i.d.r.RelationalSnapshotChangeEventSource(doExecute):132 Snapshot step 4 - Determining snapshot offset"}}
{"type":"LOG","log":{"level":"INFO","message":"INFO i.a.w.i.DefaultAirbyteStreamFactory(internalLog):159 INFO i.d.c.p.PostgresOffsetContext(initialContext):233 Creating initial offset context"}}
{"type":"LOG","log":{"level":"INFO","message":"INFO i.a.w.i.DefaultAirbyteStreamFactory(internalLog):159 INFO i.d.c.p.PostgresOffsetContext(initialContext):236 Read xlogStart at 'LSN{0/1945B40}' from transaction '734'"}}
{"type":"LOG","log":{"level":"INFO","message":"INFO i.a.w.i.DefaultAirbyteStreamFactory(internalLog):159 INFO i.d.c.p.PostgresSnapshotChangeEventSource(updateOffsetForSnapshot):147 Read xlogStart at 'LSN{0/1945B40}' from transaction '734'"}}
{"type":"LOG","log":{"level":"INFO","message":"INFO i.a.w.i.DefaultAirbyteStreamFactory(internalLog):159 INFO i.d.r.RelationalSnapshotChangeEventSource(doExecute):135 Snapshot step 5 - Reading structure of captured tables"}}
{"type":"LOG","log":{"level":"INFO","message":"INFO i.a.w.i.DefaultAirbyteStreamFactory(internalLog):159 INFO i.d.c.p.PostgresSnapshotChangeEventSource(readTableStructure):193 Reading structure of schema 'public' of catalog 'test'"}}
{"type":"LOG","log":{"level":"INFO","message":"INFO i.a.w.i.DefaultAirbyteStreamFactory(internalLog):159 INFO i.d.r.RelationalSnapshotChangeEventSource(doExecute):139 Snapshot step 5.a - Creating connection pool"}}
{"type":"LOG","log":{"level":"INFO","message":"INFO i.a.w.i.DefaultAirbyteStreamFactory(internalLog):159 INFO i.d.r.RelationalSnapshotChangeEventSource(createConnectionPool):213 Created connection pool with 1 threads"}}
{"type":"LOG","log":{"level":"INFO","message":"INFO i.a.w.i.DefaultAirbyteStreamFactory(internalLog):159 INFO i.d.r.RelationalSnapshotChangeEventSource(doExecute):144 Snapshot step 6 - Persisting schema history"}}
{"type":"LOG","log":{"level":"INFO","message":"INFO i.a.w.i.DefaultAirbyteStreamFactory(internalLog):159 INFO i.d.r.RelationalSnapshotChangeEventSource(doExecute):156 Snapshot step 7 - Snapshotting data"}}
{"type":"LOG","log":{"level":"INFO","message":"INFO i.a.w.i.DefaultAirbyteStreamFactory(internalLog):159 INFO i.d.r.RelationalSnapshotChangeEventSource(createDataEvents):390 Creating snapshot worker pool with 1 worker thread(s)"}}
{"type":"LOG","log":{"level":"INFO","message":"INFO i.a.w.i.DefaultAirbyteStreamFactory(internalLog):159 INFO i.d.r.RelationalSnapshotChangeEventSource(createDataEvents):399 For table 'public.id_and_name' using select statement: 'SELECT \"id\", \"name\" FROM \"public\".\"id_and_name\"'"}}
{"type":"LOG","log":{"level":"INFO","message":"INFO i.a.w.i.DefaultAirbyteStreamFactory(internalLog):159 INFO i.d.r.RelationalSnapshotChangeEventSource(createDataEvents):399 For table 'public.starships' using select statement: 'SELECT \"id\", \"name\" FROM \"public\".\"starships\"'"}}
{"type":"LOG","log":{"level":"INFO","message":"INFO i.a.w.i.DefaultAirbyteStreamFactory(internalLog):159 INFO i.d.r.RelationalSnapshotChangeEventSource(doCreateDataEventsForTable):513 Exporting data from table 'public.id_and_name' (1 of 2 tables)"}}
{"type":"LOG","log":{"level":"INFO","message":"INFO i.a.w.i.DefaultAirbyteStreamFactory(internalLog):159 INFO i.d.r.RelationalSnapshotChangeEventSource(doCreateDataEventsForTable):559 \t Finished exporting 3 records for table 'public.id_and_name' (1 of 2 tables); total duration '00:00:00.138'"}}
{"type":"LOG","log":{"level":"INFO","message":"INFO i.a.w.i.DefaultAirbyteStreamFactory(internalLog):159 INFO i.d.r.RelationalSnapshotChangeEventSource(doCreateDataEventsForTable):513 Exporting data from table 'public.starships' (2 of 2 tables)"}}
{"type":"LOG","log":{"level":"INFO","message":"INFO i.a.w.i.DefaultAirbyteStreamFactory(internalLog):159 INFO i.d.r.RelationalSnapshotChangeEventSource(doCreateDataEventsForTable):559 \t Finished exporting 3 records for table 'public.starships' (2 of 2 tables); total duration '00:00:00.013'"}}
{"type":"LOG","log":{"level":"INFO","message":"INFO i.a.w.i.DefaultAirbyteStreamFactory(internalLog):159 INFO i.d.p.s.AbstractSnapshotChangeEventSource(execute):88 Snapshot - Final stage"}}
{"type":"LOG","log":{"level":"INFO","message":"INFO i.a.w.i.DefaultAirbyteStreamFactory(internalLog):159 INFO i.d.p.s.AbstractSnapshotChangeEventSource(execute):92 Snapshot completed"}}
{"type":"LOG","log":{"level":"INFO","message":"INFO i.a.w.i.DefaultAirbyteStreamFactory(internalLog):159 INFO i.d.p.ChangeEventSourceCoordinator(doSnapshot):156 Snapshot ended with SnapshotResult [status=COMPLETED, offset=PostgresOffsetContext [sourceInfoSchema=Schema{io.debezium.connector.postgresql.Source:STRUCT}, sourceInfo=source_info[server='test'db='test', lsn=LSN{0/1945B40}, txId=734, timestamp=2023-05-20T14:38:12.993926Z, snapshot=FALSE, schema=public, table=starships], lastSnapshotRecord=true, lastCompletelyProcessedLsn=null, lastCommitLsn=null, streamingStoppingLsn=null, transactionContext=TransactionContext [currentTransactionId=null, perTableEventCount={}, totalEventCount=0], incrementalSnapshotContext=IncrementalSnapshotContext [windowOpened=false, chunkEndPosition=null, dataCollectionsToSnapshot=[], lastEventKeySent=null, maximumKey=null]]]"}}
{"type":"LOG","log":{"level":"INFO","message":"INFO i.a.w.i.DefaultAirbyteStreamFactory(internalLog):159 INFO i.a.i.d.i.p.PostgresCdcTargetPosition(reachedTargetPosition):61 Signalling close because Snapshot is complete"}}
{"type":"LOG","log":{"level":"INFO","message":"INFO i.a.w.i.DefaultAirbyteStreamFactory(internalLog):159 INFO i.a.i.d.i.DebeziumRecordIterator(requestClose):208 Closing: Change event reached target position"}}
{"type":"LOG","log":{"level":"INFO","message":"INFO i.a.w.i.DefaultAirbyteStreamFactory(internalLog):159 INFO i.d.p.ChangeEventSourceCoordinator(streamingConnected):240 Connected metrics set to 'true'"}}
{"type":"LOG","log":{"level":"INFO","message":"INFO i.a.w.i.DefaultAirbyteStreamFactory(internalLog):159 INFO i.d.e.EmbeddedEngine(stop):1146 Stopping the embedded engine"}}
{"type":"LOG","log":{"level":"INFO","message":"INFO i.a.w.i.DefaultAirbyteStreamFactory(internalLog):159 INFO i.d.e.EmbeddedEngine(stop):1153 Waiting for PT5M for connector to stop"}}
{"type":"LOG","log":{"level":"INFO","message":"INFO i.a.w.i.DefaultAirbyteStreamFactory(internalLog):159 INFO i.d.e.EmbeddedEngine(run):944 Stopping the task and engine"}}
{"type":"LOG","log":{"level":"INFO","message":"INFO i.a.w.i.DefaultAirbyteStreamFactory(internalLog):159 INFO i.d.c.c.BaseSourceTask(stop):278 Stopping down connector"}}
{"type":"LOG","log":{"level":"INFO","message":"INFO i.a.w.i.DefaultAirbyteStreamFactory(internalLog):159 INFO i.d.c.p.PostgresSchema(printReplicaIdentityInfo):100 REPLICA IDENTITY for 'public.id_and_name' is 'DEFAULT'; UPDATE and DELETE events will contain previous values only for PK columns"}}
{"type":"LOG","log":{"level":"INFO","message":"INFO i.a.w.i.DefaultAirbyteStreamFactory(internalLog):159 INFO i.d.c.p.PostgresSchema(printReplicaIdentityInfo):100 REPLICA IDENTITY for 'public.starships' is 'DEFAULT'; UPDATE and DELETE events will contain previous values only for PK columns"}}
{"type":"LOG","log":{"level":"INFO","message":"INFO i.a.w.i.DefaultAirbyteStreamFactory(internalLog):159 INFO i.d.p.ChangeEventSourceCoordinator(streamEvents):173 Starting streaming"}}
{"type":"LOG","log":{"level":"INFO","message":"INFO i.a.w.i.DefaultAirbyteStreamFactory(internalLog):159 INFO i.d.c.p.PostgresStreamingChangeEventSource(execute):136 Retrieved latest position from stored offset 'LSN{0/1945B40}'"}}
{"type":"LOG","log":{"level":"INFO","message":"INFO i.a.w.i.DefaultAirbyteStreamFactory(internalLog):159 INFO i.d.c.p.c.WalPositionLocator(<init>):48 Looking for WAL restart position for last commit LSN 'null' and last change LSN 'LSN{0/1945B40}'"}}
{"type":"LOG","log":{"level":"INFO","message":"INFO i.a.w.i.DefaultAirbyteStreamFactory(internalLog):159 INFO i.d.c.p.c.PostgresReplicationConnection(initPublication):147 Initializing PgOutput logical decoder publication"}}
{"type":"LOG","log":{"level":"INFO","message":"INFO i.a.w.i.DefaultAirbyteStreamFactory(internalLog):159 INFO i.d.c.p.c.PostgresConnection(readReplicationSlotInfo):264 Obtained valid replication slot ReplicationSlot [active=false, latestFlushedLsn=LSN{0/1945820}, catalogXmin=733]"}}
{"type":"LOG","log":{"level":"INFO","message":"INFO i.a.w.i.DefaultAirbyteStreamFactory(internalLog):159 INFO i.d.j.JdbcConnection(lambda$doClose$4):947 Connection gracefully closed"}}
{"type":"LOG","log":{"level":"INFO","message":"INFO i.a.w.i.DefaultAirbyteStreamFactory(internalLog):159 INFO i.d.c.p.c.PostgresReplicationConnection(validateSlotIsInExpectedState):364 Seeking to LSN{0/1945B40} on the replication slot with command SELECT pg_replication_slot_advance('debezium_slot', '0/1945B40')"}}
{"type":"LOG","log":{"level":"INFO","message":"INFO i.a.w.i.DefaultAirbyteStreamFactory(internalLog):159 INFO i.d.u.Threads(threadFactory):270 Requested thread factory for connector PostgresConnector, id = test named = keep-alive"}}
{"type":"LOG","log":{"level":"INFO","message":"INFO i.a.w.i.DefaultAirbyteStreamFactory(internalLog):159 INFO i.d.u.Threads$3(newThread):287 Creating thread debezium-postgresconnector-test-keep-alive"}}
{"type":"LOG","log":{"level":"INFO","message":"INFO i.a.w.i.DefaultAirbyteStreamFactory(internalLog):159 INFO i.d.c.p.PostgresSchema(printReplicaIdentityInfo):100 REPLICA IDENTITY for 'public.id_and_name' is 'DEFAULT'; UPDATE and DELETE events will contain previous values only for PK columns"}}
{"type":"LOG","log":{"level":"INFO","message":"INFO i.a.w.i.DefaultAirbyteStreamFactory(internalLog):159 INFO i.d.c.p.PostgresSchema(printReplicaIdentityInfo):100 REPLICA IDENTITY for 'public.starships' is 'DEFAULT'; UPDATE and DELETE events will contain previous values only for PK columns"}}
{"type":"LOG","log":{"level":"INFO","message":"INFO i.a.w.i.DefaultAirbyteStreamFactory(internalLog):159 INFO i.d.c.p.PostgresStreamingChangeEventSource(searchWalPosition):327 Searching for WAL resume position"}}
{"type":"LOG","log":{"level":"INFO","message":"INFO i.a.w.i.DefaultAirbyteStreamFactory(internalLog):159 INFO i.d.c.p.PostgresStreamingChangeEventSource(searchWalPosition):348 WAL resume position 'null' discovered"}}
{"type":"LOG","log":{"level":"INFO","message":"INFO i.a.w.i.DefaultAirbyteStreamFactory(internalLog):159 INFO i.d.j.JdbcConnection(lambda$doClose$4):947 Connection gracefully closed"}}
{"type":"LOG","log":{"level":"INFO","message":"INFO i.a.w.i.DefaultAirbyteStreamFactory(internalLog):159 INFO i.d.j.JdbcConnection(lambda$doClose$4):947 Connection gracefully closed"}}
{"type":"LOG","log":{"level":"INFO","message":"INFO i.a.w.i.DefaultAirbyteStreamFactory(internalLog):159 INFO i.d.c.p.c.PostgresReplicationConnection(initPublication):147 Initializing PgOutput logical decoder publication"}}
{"type":"LOG","log":{"level":"INFO","message":"INFO i.a.w.i.DefaultAirbyteStreamFactory(internalLog):159 INFO i.d.c.p.c.PostgresReplicationConnection(validateSlotIsInExpectedState):364 Seeking to LSN{0/1945B40} on the replication slot with command SELECT pg_replication_slot_advance('debezium_slot', '0/1945B40')"}}
{"type":"LOG","log":{"level":"ERROR","message":"ERROR i.a.w.i.DefaultAirbyteStreamFactory(internalLog):155 ERROR i.d.p.ErrorHandler(setProducerThrowable):57 Producer failure io.debezium.DebeziumException: org.postgresql.util.PSQLException: ERROR: replication slot \"debezium_slot\" is active for PID 331\n\tat io.debezium.connector.postgresql.connection.PostgresReplicationConnection.validateSlotIsInExpectedState(PostgresReplicationConnection.java:391) ~[debezium-connector-postgres-2.2.0.Final.jar:2.2.0.Final]\n\tat io.debezium.connector.postgresql.connection.PostgresReplicationConnection.startStreaming(PostgresReplicationConnection.java:328) ~[debezium-connector-postgres-2.2.0.Final.jar:2.2.0.Final]\n\tat io.debezium.connector.postgresql.PostgresStreamingChangeEventSource.execute(PostgresStreamingChangeEventSource.java:174) ~[debezium-connector-postgres-2.2.0.Final.jar:2.2.0.Final]\n\tat io.debezium.connector.postgresql.PostgresStreamingChangeEventSource.execute(PostgresStreamingChangeEventSource.java:41) ~[debezium-connector-postgres-2.2.0.Final.jar:2.2.0.Final]\n\tat io.debezium.pipeline.ChangeEventSourceCoordinator.streamEvents(ChangeEventSourceCoordinator.java:174) ~[debezium-core-2.2.0.Final.jar:2.2.0.Final]\n\tat io.debezium.pipeline.ChangeEventSourceCoordinator.executeChangeEventSources(ChangeEventSourceCoordinator.java:141) ~[debezium-core-2.2.0.Final.jar:2.2.0.Final]\n\tat io.debezium.pipeline.ChangeEventSourceCoordinator.lambda$start$0(ChangeEventSourceCoordinator.java:109) ~[debezium-core-2.2.0.Final.jar:2.2.0.Final]\n\tat java.util.concurrent.Executors$RunnableAdapter.call(Executors.java:539) ~[?:?]\n\tat java.util.concurrent.FutureTask.run(FutureTask.java:264) ~[?:?]\n\tat java.util.concurrent.ThreadPoolExecutor.runWorker(ThreadPoolExecutor.java:1136) ~[?:?]\n\tat java.util.concurrent.ThreadPoolExecutor$Worker.run(ThreadPoolExecutor.java:635) ~[?:?]\n\tat java.lang.Thread.run(Thread.java:833) ~[?:?]\nCaused by: org.postgresql.util.PSQLException: ERROR: replication slot \"debezium_slot\" is active for PID 331\n\tat org.postgresql.core.v3.QueryExecutorImpl.receiveErrorResponse(QueryExecutorImpl.java:2676) ~[postgresql-42.5.1.jar:42.5.1]\n\tat org.postgresql.core.v3.QueryExecutorImpl.processResults(QueryExecutorImpl.java:2366) ~[postgresql-42.5.1.jar:42.5.1]\n\tat org.postgresql.core.v3.QueryExecutorImpl.execute(QueryExecutorImpl.java:356) ~[postgresql-42.5.1.jar:42.5.1]\n\tat org.postgresql.jdbc.PgStatement.executeInternal(PgStatement.java:496) ~[postgresql-42.5.1.jar:42.5.1]\n\tat org.postgresql.jdbc.PgStatement.execute(PgStatement.java:413) ~[postgresql-42.5.1.jar:42.5.1]\n\tat org.postgresql.jdbc.PgStatement.
[...]
{"type":"LOG","log":{"level":"INFO","message":"INFO i.a.w.i.DefaultAirbyteStreamFactory(internalLog):159 INFO i.d.c.p.c.PostgresConnection(readReplicationSlotInfo):264 Obtained valid replication slot ReplicationSlot [active=false, latestFlushedLsn=LSN{0/1945820}, catalogXmin=733]"}}
{"type":"LOG","log":{"level":"INFO","message":"INFO i.a.w.i.DefaultAirbyteStreamFactory(internalLog):159 INFO i.d.c.p.PostgresConnectorTask(start):122 No previous offset found"}}
{"type":"LOG","log":{"level":"INFO","message":"INFO i.a.w.i.DefaultAirbyteStreamFactory(internalLog):159 INFO i.d.u.Threads(threadFactory):270 Requested thread factory for connector PostgresConnector, id = test named = change-event-source-coordinator"}}
{"type":"LOG","log":{"level":"INFO","message":"INFO i.a.w.i.DefaultAirbyteStreamFactory(internalLog):159 INFO i.d.u.Threads$3(newThread):287 Creating thread debezium-postgresconnector-test-change-event-source-coordinator"}}
{"type":"LOG","log":{"level":"INFO","message":"INFO i.a.w.i.DefaultAirbyteStreamFactory(internalLog):159 INFO i.d.c.c.BaseSourceTask(startIfNeededAndPossible):245 Successfully started task"}}
{"type":"LOG","log":{"level":"INFO","message":"INFO i.a.w.i.DefaultAirbyteStreamFactory(internalLog):159 INFO i.d.p.ChangeEventSourceCoordinator(lambda$start$0):103 Metrics registered"}}
{"type":"LOG","log":{"level":"INFO","message":"INFO i.a.w.i.DefaultAirbyteStreamFactory(internalLog):159 INFO i.d.p.ChangeEventSourceCoordinator(lambda$start$0):106 Context created"}}
{"type":"LOG","log":{"level":"INFO","message":"INFO i.a.w.i.DefaultAirbyteStreamFactory(internalLog):159 INFO i.d.c.p.s.InitialSnapshotter(shouldSnapshot):34 Taking initial snapshot for new datasource"}}
{"type":"LOG","log":{"level":"INFO","message":"INFO i.a.w.i.DefaultAirbyteStreamFactory(internalLog):159 INFO i.d.c.p.PostgresSnapshotChangeEventSource(getSnapshottingTask):65 According to the connector configuration data will be snapshotted"}}
{"type":"LOG","log":{"level":"INFO","message":"INFO i.a.w.i.DefaultAirbyteStreamFactory(internalLog):159 INFO i.d.r.RelationalSnapshotChangeEventSource(doExecute):110 Snapshot step 1 - Preparing"}}
{"type":"LOG","log":{"level":"INFO","message":"INFO i.a.w.i.DefaultAirbyteStreamFactory(internalLog):159 INFO i.d.r.RelationalSnapshotChangeEventSource(doExecute):119 Snapshot step 2 - Determining captured tables"}}
{"type":"LOG","log":{"level":"INFO","message":"INFO i.a.w.i.DefaultAirbyteStreamFactory(internalLog):159 INFO i.d.r.RelationalSnapshotChangeEventSource(determineCapturedTables):267 Adding table public.id_and_name to the list of capture schema tables"}}
{"type":"LOG","log":{"level":"INFO","message":"INFO i.a.w.i.DefaultAirbyteStreamFactory(internalLog):159 INFO i.d.r.RelationalSnapshotChangeEventSource(determineCapturedTables):267 Adding table public.starships to the list of capture schema tables"}}
{"type":"LOG","log":{"level":"INFO","message":"INFO i.a.w.i.DefaultAirbyteStreamFactory(internalLog):159 INFO i.d.r.RelationalSnapshotChangeEventSource(doExecute):126 Snapshot step 3 - Locking captured tables [public.id_and_name, public.starships]"}}
{"type":"LOG","log":{"level":"INFO","message":"INFO i.a.w.i.DefaultAirbyteStreamFactory(internalLog):159 INFO i.d.r.RelationalSnapshotChangeEventSource(doExecute):132 Snapshot step 4 - Determining snapshot offset"}}
{"type":"LOG","log":{"level":"INFO","message":"INFO i.a.w.i.DefaultAirbyteStreamFactory(internalLog):159 INFO i.d.c.p.PostgresOffsetContext(initialContext):233 Creating initial offset context"}}
{"type":"LOG","log":{"level":"INFO","message":"INFO i.a.w.i.DefaultAirbyteStreamFactory(internalLog):159 INFO i.d.c.p.PostgresOffsetContext(initialContext):236 Read xlogStart at 'LSN{0/1945B40}' from transaction '734'"}}
{"type":"LOG","log":{"level":"INFO","message":"INFO i.a.w.i.DefaultAirbyteStreamFactory(internalLog):159 INFO i.d.c.p.PostgresSnapshotChangeEventSource(updateOffsetForSnapshot):147 Read xlogStart at 'LSN{0/1945B40}' from transaction '734'"}}
{"type":"LOG","log":{"level":"INFO","message":"INFO i.a.w.i.DefaultAirbyteStreamFactory(internalLog):159 INFO i.d.r.RelationalSnapshotChangeEventSource(doExecute):135 Snapshot step 5 - Reading structure of captured tables"}}
{"type":"LOG","log":{"level":"INFO","message":"INFO i.a.w.i.DefaultAirbyteStreamFactory(internalLog):159 INFO i.d.c.p.PostgresSnapshotChangeEventSource(readTableStructure):193 Reading structure of schema 'public' of catalog 'test'"}}
{"type":"LOG","log":{"level":"INFO","message":"INFO i.a.w.i.DefaultAirbyteStreamFactory(internalLog):159 INFO i.d.r.RelationalSnapshotChangeEventSource(doExecute):139 Snapshot step 5.a - Creating connection pool"}}
{"type":"LOG","log":{"level":"INFO","message":"INFO i.a.w.i.DefaultAirbyteStreamFactory(internalLog):159 INFO i.d.r.RelationalSnapshotChangeEventSource(createConnectionPool):213 Created connection pool with 1 threads"}}
{"type":"LOG","log":{"level":"INFO","message":"INFO i.a.w.i.DefaultAirbyteStreamFactory(internalLog):159 INFO i.d.r.RelationalSnapshotChangeEventSource(doExecute):144 Snapshot step 6 - Persisting schema history"}}
{"type":"LOG","log":{"level":"INFO","message":"INFO i.a.w.i.DefaultAirbyteStreamFactory(internalLog):159 INFO i.d.r.RelationalSnapshotChangeEventSource(doExecute):156 Snapshot step 7 - Snapshotting data"}}
{"type":"LOG","log":{"level":"INFO","message":"INFO i.a.w.i.DefaultAirbyteStreamFactory(internalLog):159 INFO i.d.r.RelationalSnapshotChangeEventSource(createDataEvents):390 Creating snapshot worker pool with 1 worker thread(s)"}}
{"type":"LOG","log":{"level":"INFO","message":"INFO i.a.w.i.DefaultAirbyteStreamFactory(internalLog):159 INFO i.d.r.RelationalSnapshotChangeEventSource(createDataEvents):399 For table 'public.id_and_name' using select statement: 'SELECT \"id\" FROM \"public\".\"id_and_name\"'"}}
{"type":"LOG","log":{"level":"INFO","message":"INFO i.a.w.i.DefaultAirbyteStreamFactory(internalLog):159 INFO i.d.r.RelationalSnapshotChangeEventSource(createDataEvents):399 For table 'public.starships' using select statement: 'SELECT \"name\" FROM \"public\".\"starships\"'"}}
{"type":"LOG","log":{"level":"INFO","message":"INFO i.a.w.i.DefaultAirbyteStreamFactory(internalLog):159 INFO i.d.r.RelationalSnapshotChangeEventSource(doCreateDataEventsForTable):513 Exporting data from table 'public.id_and_name' (1 of 2 tables)"}}
{"type":"LOG","log":{"level":"INFO","message":"INFO i.a.w.i.DefaultAirbyteStreamFactory(internalLog):159 INFO i.d.r.RelationalSnapshotChangeEventSource(doCreateDataEventsForTable):559 \t Finished exporting 3 records for table 'public.id_and_name' (1 of 2 tables); total duration '00:00:00.042'"}}
{"type":"LOG","log":{"level":"INFO","message":"INFO i.a.w.i.DefaultAirbyteStreamFactory(internalLog):159 INFO i.d.r.RelationalSnapshotChangeEventSource(doCreateDataEventsForTable):513 Exporting data from table 'public.starships' (2 of 2 tables)"}}
{"type":"LOG","log":{"level":"INFO","message":"INFO i.a.w.i.DefaultAirbyteStreamFactory(internalLog):159 INFO i.d.r.RelationalSnapshotChangeEventSource(doCreateDataEventsForTable):559 \t Finished exporting 3 records for table 'public.starships' (2 of 2 tables); total duration '00:00:00.01'"}}
{"type":"LOG","log":{"level":"INFO","message":"INFO i.a.w.i.DefaultAirbyteStreamFactory(internalLog):159 INFO i.d.p.s.AbstractSnapshotChangeEventSource(execute):88 Snapshot - Final stage"}}
{"type":"LOG","log":{"level":"INFO","message":"INFO i.a.w.i.DefaultAirbyteStreamFactory(internalLog):159 INFO i.d.p.s.AbstractSnapshotChangeEventSource(execute):92 Snapshot completed"}}
{"type":"LOG","log":{"level":"INFO","message":"INFO i.a.w.i.DefaultAirbyteStreamFactory(internalLog):159 INFO i.d.p.ChangeEventSourceCoordinator(doSnapshot):156 Snapshot ended with SnapshotResult [status=COMPLETED, offset=PostgresOffsetContext [sourceInfoSchema=Schema{io.debezium.connector.postgresql.Source:STRUCT}, sourceInfo=source_info[server='test'db='test', lsn=LSN{0/1945B40}, txId=734, timestamp=2023-05-20T14:44:49.721405Z, snapshot=FALSE, schema=public, table=starships], lastSnapshotRecord=true, lastCompletelyProcessedLsn=null, lastCommitLsn=null, streamingStoppingLsn=null, transactionContext=TransactionContext [currentTransactionId=null, perTableEventCount={}, totalEventCount=0], incrementalSnapshotContext=IncrementalSnapshotContext [windowOpened=false, chunkEndPosition=null, dataCollectionsToSnapshot=[], lastEventKeySent=null, maximumKey=null]]]"}}
{"type":"LOG","log":{"level":"INFO","message":"INFO i.a.w.i.DefaultAirbyteStreamFactory(internalLog):159 INFO i.a.i.d.i.p.PostgresCdcTargetPosition(reachedTargetPosition):61 Signalling close because Snapshot is complete"}}
{"type":"LOG","log":{"level":"INFO","message":"INFO i.a.w.i.DefaultAirbyteStreamFactory(internalLog):159 INFO i.a.i.d.i.DebeziumRecordIterator(requestClose):208 Closing: Change event reached target position"}}
{"type":"LOG","log":{"level":"INFO","message":"INFO i.a.w.i.DefaultAirbyteStreamFactory(internalLog):159 INFO i.d.p.ChangeEventSourceCoordinator(streamingConnected):240 Connected metrics set to 'true'"}}
{"type":"LOG","log":{"level":"INFO","message":"INFO i.a.w.i.DefaultAirbyteStreamFactory(internalLog):159 INFO i.d.e.EmbeddedEngine(stop):1146 Stopping the embedded engine"}}
{"type":"LOG","log":{"level":"INFO","message":"INFO i.a.w.i.DefaultAirbyteStreamFactory(internalLog):159 INFO i.d.e.EmbeddedEngine(stop):1153 Waiting for PT5M for connector to stop"}}
{"type":"LOG","log":{"level":"INFO","message":"INFO i.a.w.i.DefaultAirbyteStreamFactory(internalLog):159 INFO i.d.c.p.PostgresSchema(printReplicaIdentityInfo):100 REPLICA IDENTITY for 'public.id_and_name' is 'DEFAULT'; UPDATE and DELETE events will contain previous values only for PK columns"}}
{"type":"LOG","log":{"level":"INFO","message":"INFO i.a.w.i.DefaultAirbyteStreamFactory(internalLog):159 INFO i.d.c.p.PostgresSchema(printReplicaIdentityInfo):100 REPLICA IDENTITY for 'public.starships' is 'DEFAULT'; UPDATE and DELETE events will contain previous values only for PK columns"}}
{"type":"LOG","log":{"level":"INFO","message":"INFO i.a.w.i.DefaultAirbyteStreamFactory(internalLog):159 INFO i.d.p.ChangeEventSourceCoordinator(streamEvents):173 Starting streaming"}}
{"type":"LOG","log":{"level":"INFO","message":"INFO i.a.w.i.DefaultAirbyteStreamFactory(internalLog):159 INFO i.d.c.p.PostgresStreamingChangeEventSource(execute):136 Retrieved latest position from stored offset 'LSN{0/1945B40}'"}}
{"type":"LOG","log":{"level":"INFO","message":"INFO i.a.w.i.DefaultAirbyteStreamFactory(internalLog):159 INFO i.d.c.p.c.WalPositionLocator(<init>):48 Looking for WAL restart position for last commit LSN 'null' and last change LSN 'LSN{0/1945B40}'"}}
{"type":"LOG","log":{"level":"INFO","message":"INFO i.a.w.i.DefaultAirbyteStreamFactory(internalLog):159 INFO i.d.c.p.c.PostgresReplicationConnection(initPublication):147 Initializing PgOutput logical decoder publication"}}
{"type":"LOG","log":{"level":"INFO","message":"INFO i.a.w.i.DefaultAirbyteStreamFactory(internalLog):159 INFO i.d.c.p.c.PostgresConnection(readReplicationSlotInfo):264 Obtained valid replication slot ReplicationSlot [active=false, latestFlushedLsn=LSN{0/1945820}, catalogXmin=733]"}}
{"type":"LOG","log":{"level":"INFO","message":"INFO i.a.w.i.DefaultAirbyteStreamFactory(internalLog):159 INFO i.d.j.JdbcConnection(lambda$doClose$4):947 Connection gracefully closed"}}
{"type":"LOG","log":{"level":"INFO","message":"INFO i.a.w.i.DefaultAirbyteStreamFactory(internalLog):159 INFO i.d.c.p.c.PostgresReplicationConnection(validateSlotIsInExpectedState):364 Seeking to LSN{0/1945B40} on the replication slot with command SELECT pg_replication_slot_advance('debezium_slot', '0/1945B40')"}}
{"type":"LOG","log":{"level":"INFO","message":"INFO i.a.w.i.DefaultAirbyteStreamFactory(internalLog):159 INFO i.d.e.EmbeddedEngine(run):944 Stopping the task and engine"}}
{"type":"LOG","log":{"level":"INFO","message":"INFO i.a.w.i.DefaultAirbyteStreamFactory(internalLog):159 INFO i.d.c.c.BaseSourceTask(stop):278 Stopping down connector"}}
{"type":"LOG","log":{"level":"INFO","message":"INFO i.a.w.i.DefaultAirbyteStreamFactory(internalLog):159 INFO i.d.u.Threads(threadFactory):270 Requested thread factory for connector PostgresConnector, id = test named = keep-alive"}}
{"type":"LOG","log":{"level":"INFO","message":"INFO i.a.w.i.DefaultAirbyteStreamFactory(internalLog):159 INFO i.d.u.Threads$3(newThread):287 Creating thread debezium-postgresconnector-test-keep-alive"}}
{"type":"LOG","log":{"level":"INFO","message":"INFO i.a.w.i.DefaultAirbyteStreamFactory(internalLog):159 INFO i.d.c.p.PostgresSchema(printReplicaIdentityInfo):100 REPLICA IDENTITY for 'public.id_and_name' is 'DEFAULT'; UPDATE and DELETE events will contain previous values only for PK columns"}}
{"type":"LOG","log":{"level":"INFO","message":"INFO i.a.w.i.DefaultAirbyteStreamFactory(internalLog):159 INFO i.d.c.p.PostgresSchema(printReplicaIdentityInfo):100 REPLICA IDENTITY for 'public.starships' is 'DEFAULT'; UPDATE and DELETE events will contain previous values only for PK columns"}}
{"type":"LOG","log":{"level":"INFO","message":"INFO i.a.w.i.DefaultAirbyteStreamFactory(internalLog):159 INFO i.d.c.p.PostgresStreamingChangeEventSource(searchWalPosition):327 Searching for WAL resume position"}}
{"type":"LOG","log":{"level":"INFO","message":"INFO i.a.w.i.DefaultAirbyteStreamFactory(internalLog):159 INFO i.d.c.p.PostgresStreamingChangeEventSource(searchWalPosition):348 WAL resume position 'null' discovered"}}
{"type":"LOG","log":{"level":"INFO","message":"INFO i.a.w.i.DefaultAirbyteStreamFactory(internalLog):159 INFO i.d.j.JdbcConnection(lambda$doClose$4):947 Connection gracefully closed"}}
{"type":"LOG","log":{"level":"INFO","message":"INFO i.a.w.i.DefaultAirbyteStreamFactory(internalLog):159 INFO i.d.j.JdbcConnection(lambda$doClose$4):947 Connection gracefully closed"}}
{"type":"LOG","log":{"level":"INFO","message":"INFO i.a.w.i.DefaultAirbyteStreamFactory(internalLog):159 INFO i.d.c.p.c.PostgresReplicationConnection(initPublication):147 Initializing PgOutput logical decoder publication"}}
{"type":"LOG","log":{"level":"INFO","message":"INFO i.a.w.i.DefaultAirbyteStreamFactory(internalLog):159 INFO i.d.c.p.c.PostgresReplicationConnection(validateSlotIsInExpectedState):364 Seeking to LSN{0/1945B40} on the replication slot with command SELECT pg_replication_slot_advance('debezium_slot', '0/1945B40')"}}
{"type":"LOG","log":{"level":"INFO","message":"INFO i.a.w.i.DefaultAirbyteStreamFactory(internalLog):159 INFO i.d.u.Threads(threadFactory):270 Requested thread factory for connector PostgresConnector, id = test named = keep-alive"}}
{"type":"LOG","log":{"level":"INFO","message":"INFO i.a.w.i.DefaultAirbyteStreamFactory(internalLog):159 INFO i.d.u.Threads$3(newThread):287 Creating thread debezium-postgresconnector-test-keep-alive"}}
{"type":"LOG","log":{"level":"INFO","message":"INFO i.a.w.i.DefaultAirbyteStreamFactory(internalLog):159 INFO i.d.c.p.PostgresStreamingChangeEventSource(processMessages):211 Processing messages"}}
{"type":"LOG","log":{"level":"INFO","message":"INFO i.a.w.i.DefaultAirbyteStreamFactory(internalLog):159 INFO i.d.j.JdbcConnection(lambda$doClose$4):947 Connection gracefully closed"}}
{"type":"LOG","log":{"level":"INFO","message":"INFO i.a.w.i.DefaultAirbyteStreamFactory(internalLog):159 INFO i.d.j.JdbcConnection(lambda$doClose$4):947 Connection gracefully closed"}}
{"type":"LOG","log":{"level":"INFO","message":"INFO i.a.w.i.DefaultAirbyteStreamFactory(internalLog):159 INFO i.d.p.ChangeEventSourceCoordinator(streamEvents):175 Finished streaming"}}
{"type":"LOG","log":{"level":"INFO","message":"INFO i.a.w.i.DefaultAirbyteStreamFactory(internalLog):159 INFO i.d.p.ChangeEventSourceCoordinator(streamingConnected):240 Connected metrics set to 'false'"}}
{"type":"LOG","log":{"level":"INFO","message":"INFO i.a.w.i.DefaultAirbyteStreamFactory(internalLog):159 INFO o.a.k.c.s.FileOffsetBackingStore(stop):66 Stopped FileOffsetBackingStore"}}
{"type":"LOG","log":{"level":"INFO","message":"INFO i.a.w.i.DefaultAirbyteStreamFactory(internalLog):159 INFO i.a.i.d.i.DebeziumRecordPublisher(lambda$start$1):73 Debezium engine shutdown."}}
{"type":"LOG","log":{"level":"INFO","message":"INFO i.a.w.i.DefaultAirbyteStreamFactory(internalLog):159 INFO i.a.i.d.i.DebeziumRecordPublisher(lambda$start$1):74 Connector 'io.debezium.connector.postgresql.PostgresConnector' completed normally."}}
{"type":"LOG","log":{"level":"INFO","message":"INFO i.a.w.i.DefaultAirbyteStreamFactory(internalLog):159 INFO i.a.i.s.p.PostgresCdcStateHandler(saveState):37 debezium state: {\"[\\\"test\\\",{\\\"server\\\":\\\"test\\\"}]\":\"{\\\"transaction_id\\\":null,\\\"lsn\\\":26499904,\\\"txId\\\":734,\\\"ts_usec\\\":1684593889721405}\"}"}}
{"type":"LOG","log":{"level":"INFO","message":"INFO i.a.w.i.DefaultAirbyteStreamFactory(internalLog):159 INFO i.a.i.s.r.s.LegacyStateManager(toState):99 Generated legacy state for 2 streams"}}
{"type":"LOG","log":{"level":"INFO","message":"INFO i.a.w.i.DefaultAirbyteStreamFactory(internalLog):159 INFO i.a.i.s.r.AbstractDbSource(lambda$read$1):173 Closing database connection pool."}}
{"type":"LOG","log":{"level":"INFO","message":"INFO i.a.w.i.DefaultAirbyteStreamFactory(internalLog):159 INFO c.z.h.HikariDataSource(close):350 HikariPool-1 - Shutdown initiated..."}}
{"type":"LOG","log":{"level":"INFO","message":"INFO i.a.w.i.DefaultAirbyteStreamFactory(internalLog):159 INFO c.z.h.HikariDataSource(close):352 HikariPool-1 - Shutdown completed."}}
{"type":"LOG","log":{"level":"INFO","message":"INFO i.a.w.i.DefaultAirbyteStreamFactory(internalLog):159 INFO i.a.i.s.r.AbstractDbSource(lambda$read$1):175 Closed database connection pool."}}
{"type":"LOG","log":{"level":"INFO","message":"INFO i.a.w.i.DefaultAirbyteStreamFactory(internalLog):159 INFO i.a.i.b.IntegrationRunner(runInternal):186 Completed integration: io.airbyte.integrations.base.ssh.SshWrappedSource"}}
{"type":"LOG","log":{"level":"INFO","message":"INFO i.a.w.i.DefaultAirbyteStreamFactory(internalLog):159 INFO i.a.i.s.p.PostgresSource(main):509 completed source: class io.airbyte.integrations.source.postgres.PostgresSource"}}
]]></system-out>
  <system-err><![CDATA[]]></system-err>
</testsuite>
